Mplus VERSION 8.10
MUTHEN & MUTHEN
10/14/2025   3:22 PM

INPUT INSTRUCTIONS

  Title: mi_model2

  data:
    file is "S:\Temp\MPlus\Imp_Data_3class\Imp_Data_3class__IMP_LIST.txt";
    type = imputation;

  variable:
    names = par_edu
            big_ope big_con big_ext big_agr big_neu
            int_edi int_ssi int_abi ext_uti ext_lod ext_soi
            aca_abi
            hisei
            str_aca_int nor_aca_int pee_soc_int fac_soc_int
            dro_int dro_out
            bchw1 bchw2 bchw3
            ID_t;

    usevariables = str_aca_int nor_aca_int pee_soc_int fac_soc_int
                   bchw1 bchw2 bchw3;

    missing = .;
    idvariable = ID_t;

    classes = c (3);
    training = bchw1-bchw3 (bch);

  define:
    standardize str_aca_int nor_aca_int pee_soc_int fac_soc_int;

  analysis:
    type = mixture;
    estimator = mlr;
    starts = 0;

  model:
    %overall%

    %c#1%
    [str_aca_int] (str1);
    [nor_aca_int] (nor1);
    [pee_soc_int] (pee1);
    [fac_soc_int] (fac1);

    %c#2%
    [str_aca_int] (str2);
    [nor_aca_int] (nor2);
    [pee_soc_int] (pee2);
    [fac_soc_int] (fac2);

    %c#3%
    [str_aca_int] (str3);
    [nor_aca_int] (nor3);
    [pee_soc_int] (pee3);
    [fac_soc_int] (fac3);

  model constraint:
    new (
    str12 nor12 pee12 fac12
    str13 nor13 pee13 fac13
    str23 nor23 pee23 fac23);

    str12 = str1 - str2;
    nor12 = nor1 - nor2;
    pee12 = pee1 - pee2;
    fac12 = fac1 - fac2;

    str13 = str1 - str3;
    nor13 = nor1 - nor3;
    pee13 = pee1 - pee3;
    fac13 = fac1 - fac3;

    str23 = str2 - str3;
    nor23 = nor2 - nor3;
    pee23 = pee2 - pee3;
    fac23 = fac2 - fac3;

  output:
    residual;
    sampstat;
    cinterval;



*** WARNING in VARIABLE command
  Note that only the first 8 characters of variable names are used in the output.
  Shorten variable names to avoid any confusion.
*** WARNING in MODEL command
  All variables are uncorrelated with all other variables within class.
  Check that this is what is intended.
   2 WARNING(S) FOUND IN THE INPUT INSTRUCTIONS



mi_model2

SUMMARY OF ANALYSIS

Number of groups                                                 1
Average number of observations                                5772

Number of replications
    Requested                                                   20
    Completed                                                   20

Number of dependent variables                                    4
Number of independent variables                                  0
Number of continuous latent variables                            0
Number of categorical latent variables                           1

Observed dependent variables

  Continuous
   STR_ACA_IN  NOR_ACA_IN  PEE_SOC_IN  FAC_SOC_IN

Categorical latent variables
   C

Variables with special functions

  ID variable           ID_T

  Training variables (BCH)
   BCHW1       BCHW2       BCHW3


Estimator                                                      MLR
Information matrix                                        OBSERVED
Optimization Specifications for the Quasi-Newton Algorithm for
Continuous Outcomes
  Maximum number of iterations                                 100
  Convergence criterion                                  0.100D-05
Optimization Specifications for the EM Algorithm
  Maximum number of iterations                                 500
  Convergence criteria
    Loglikelihood change                                 0.100D-06
    Relative loglikelihood change                        0.100D-06
    Derivative                                           0.100D-05
Optimization Specifications for the M step of the EM Algorithm for
Categorical Latent variables
  Number of M step iterations                                    1
  M step convergence criterion                           0.100D-05
  Basis for M step termination                           ITERATION
Optimization Specifications for the M step of the EM Algorithm for
Censored, Binary or Ordered Categorical (Ordinal), Unordered
Categorical (Nominal) and Count Outcomes
  Number of M step iterations                                    1
  M step convergence criterion                           0.100D-05
  Basis for M step termination                           ITERATION
  Maximum value for logit thresholds                            15
  Minimum value for logit thresholds                           -15
  Minimum expected cell size for chi-square              0.100D-01
Maximum number of iterations for H1                           2000
Convergence criterion for H1                             0.100D-03
Optimization algorithm                                         EMA

Input data file(s)
  Multiple data files from
    S:\Temp\MPlus\Imp_Data_3class\Imp_Data_3class__IMP_LIST.txt
Input data format  FREE


SUMMARY OF DATA FOR THE FIRST DATA SET

     Number of missing data patterns             1
     Number of y missing data patterns           1
     Number of u missing data patterns           0


SUMMARY OF MISSING DATA PATTERNS FOR THE FIRST DATA SET


     MISSING DATA PATTERNS FOR Y (x = not missing)

           1
 STR_ACA_  x
 NOR_ACA_  x
 PEE_SOC_  x
 FAC_SOC_  x


     MISSING DATA PATTERN FREQUENCIES FOR Y

    Pattern   Frequency
          1        5772


COVARIANCE COVERAGE OF DATA FOR THE FIRST DATA SET

Minimum covariance coverage value   0.100


     PROPORTION OF DATA PRESENT FOR Y


           Covariance Coverage
              STR_ACA_      NOR_ACA_      PEE_SOC_      FAC_SOC_
              ________      ________      ________      ________
 STR_ACA_       1.000
 NOR_ACA_       1.000         1.000
 PEE_SOC_       1.000         1.000         1.000
 FAC_SOC_       1.000         1.000         1.000         1.000


SAMPLE STATISTICS

NOTE:  These are average results over 20 data sets.


     ESTIMATED SAMPLE STATISTICS


           Means
              STR_ACA_      NOR_ACA_      PEE_SOC_      FAC_SOC_
              ________      ________      ________      ________
                0.000         0.000         0.000         0.000


           Covariances
              STR_ACA_      NOR_ACA_      PEE_SOC_      FAC_SOC_
              ________      ________      ________      ________
 STR_ACA_       1.000
 NOR_ACA_       0.150         1.000
 PEE_SOC_       0.177         0.141         1.000
 FAC_SOC_       0.333         0.107         0.232         1.000


           Correlations
              STR_ACA_      NOR_ACA_      PEE_SOC_      FAC_SOC_
              ________      ________      ________      ________
 STR_ACA_       1.000
 NOR_ACA_       0.150         1.000
 PEE_SOC_       0.177         0.141         1.000
 FAC_SOC_       0.333         0.107         0.232         1.000




MODEL FIT INFORMATION

Number of Free Parameters                       18

Loglikelihood

    H0 Value

        Mean                            -38329.203
        Std Dev                             31.900
        Number of successful computations       20

             Proportions                   Percentiles
        Expected    Observed         Expected       Observed
           0.990       1.000       -38403.412     -38397.343
           0.980       0.950       -38394.716     -38397.343
           0.950       0.900       -38381.675     -38397.343
           0.900       0.850       -38370.086     -38397.343
           0.800       0.850       -38356.050     -38370.253
           0.700       0.700       -38345.931     -38348.149
           0.500       0.500       -38329.203     -38331.878
           0.300       0.450       -38312.475     -38310.196
           0.200       0.200       -38302.356     -38305.719
           0.100       0.150       -38288.320     -38285.900
           0.050       0.000       -38276.731     -38285.425
           0.020       0.000       -38263.690     -38285.425
           0.010       0.000       -38254.995     -38285.425

Information Criteria

    Akaike (AIC)

        Mean                             76694.406
        Std Dev                             63.800
        Number of successful computations       20

             Proportions                   Percentiles
        Expected    Observed         Expected       Observed
           0.990       1.000        76545.989      76599.788
           0.980       1.000        76563.381      76599.788
           0.950       1.000        76589.462      76599.788
           0.900       0.850        76612.641      76599.788
           0.800       0.800        76640.712      76607.800
           0.700       0.550        76660.950      76650.960
           0.500       0.500        76694.406      76679.447
           0.300       0.300        76727.863      76727.549
           0.200       0.150        76748.100      76732.461
           0.100       0.150        76776.172      76776.506
           0.050       0.100        76799.350      76813.369
           0.020       0.050        76825.431      76813.369
           0.010       0.000        76842.823      76813.369

    Bayesian (BIC)

        Mean                             76814.300
        Std Dev                             63.800
        Number of successful computations       20

             Proportions                   Percentiles
        Expected    Observed         Expected       Observed
           0.990       1.000        76665.883      76719.682
           0.980       1.000        76683.275      76719.682
           0.950       1.000        76709.356      76719.682
           0.900       0.850        76732.535      76719.682
           0.800       0.800        76760.606      76727.694
           0.700       0.550        76780.844      76770.854
           0.500       0.500        76814.300      76799.341
           0.300       0.300        76847.757      76847.443
           0.200       0.150        76867.994      76852.355
           0.100       0.150        76896.066      76896.400
           0.050       0.100        76919.244      76933.263
           0.020       0.050        76945.325      76933.263
           0.010       0.000        76962.717      76933.263

    Sample-Size Adjusted BIC (n* = (n + 2) / 24)

        Mean                             76757.101
        Std Dev                             63.800
        Number of successful computations       20

             Proportions                   Percentiles
        Expected    Observed         Expected       Observed
           0.990       1.000        76608.684      76662.483
           0.980       1.000        76626.076      76662.483
           0.950       1.000        76652.157      76662.483
           0.900       0.850        76675.336      76662.483
           0.800       0.800        76703.408      76670.495
           0.700       0.550        76723.645      76713.655
           0.500       0.500        76757.101      76742.142
           0.300       0.300        76790.558      76790.244
           0.200       0.150        76810.795      76795.157
           0.100       0.150        76838.867      76839.202
           0.050       0.100        76862.045      76876.064
           0.020       0.050        76888.126      76876.064
           0.010       0.000        76905.518      76876.064



FINAL CLASS COUNTS AND PROPORTIONS FOR THE LATENT CLASSES
BASED ON THE ESTIMATED MODEL

    Latent
   Classes

       1        994.53367          0.17230
       2       2548.89153          0.44160
       3       2228.57481          0.38610


FINAL CLASS COUNTS AND PROPORTIONS FOR THE LATENT CLASSES
BASED ON ESTIMATED POSTERIOR PROBABILITIES

    Latent
   Classes

       1        994.53367          0.17230
       2       2548.89153          0.44160
       3       2228.57481          0.38610


FINAL CLASS COUNTS AND PROPORTIONS FOR THE LATENT CLASSES
BASED ON THEIR MOST LIKELY LATENT CLASS MEMBERSHIP

Class Counts and Proportions

    Latent
   Classes

       1              774          0.13410
       2             2801          0.48527
       3             2197          0.38063


Average Latent Class Probabilities for Most Likely Latent Class Membership (Row)
by Latent Class (Column)

           1        2        3

    1   1.764    -.416    -.348
    2   -.068    1.149    -.081
    3   -.082    -.158    1.240


Classification Probabilities for the Most Likely Latent Class Membership (Column)
by Latent Class (Row)

           1        2        3

    1   1.373    -.192    -.181
    2   -.126    1.263    -.136
    3   -.121    -.102    1.223


Logits for the Classification Probabilities for the Most Likely Latent Class Membership (Column)
by Latent Class (Row)

              1        2        3

    1     14.132    0.000    0.000
    2      0.000   14.049    0.000
    3    -14.017  -14.017    0.000


MODEL RESULTS

                                                    Two-Tailed   Rate of
                    Estimate       S.E.  Est./S.E.    P-Value    Missing

Latent Class 1

 Means
    STR_ACA_IN        -0.200      0.061     -3.264      0.001      0.395
    NOR_ACA_IN        -0.614      0.062     -9.888      0.000      0.368
    PEE_SOC_IN        -0.329      0.063     -5.208      0.000      0.316
    FAC_SOC_IN        -0.185      0.058     -3.218      0.001      0.247

 Variances
    STR_ACA_IN         0.991      0.019     52.819      0.000      0.027
    NOR_ACA_IN         0.921      0.021     43.601      0.000      0.205
    PEE_SOC_IN         0.973      0.019     50.895      0.000      0.071
    FAC_SOC_IN         0.990      0.023     43.648      0.000      0.011

Latent Class 2

 Means
    STR_ACA_IN         0.025      0.029      0.868      0.385      0.294
    NOR_ACA_IN         0.131      0.030      4.349      0.000      0.363
    PEE_SOC_IN         0.006      0.029      0.208      0.835      0.300
    FAC_SOC_IN        -0.012      0.028     -0.445      0.656      0.233

 Variances
    STR_ACA_IN         0.991      0.019     52.819      0.000      0.027
    NOR_ACA_IN         0.921      0.021     43.601      0.000      0.205
    PEE_SOC_IN         0.973      0.019     50.895      0.000      0.071
    FAC_SOC_IN         0.990      0.023     43.648      0.000      0.011

Latent Class 3

 Means
    STR_ACA_IN         0.060      0.029      2.066      0.039      0.178
    NOR_ACA_IN         0.124      0.032      3.899      0.000      0.316
    PEE_SOC_IN         0.140      0.032      4.439      0.000      0.320
    FAC_SOC_IN         0.097      0.030      3.263      0.001      0.202

 Variances
    STR_ACA_IN         0.991      0.019     52.819      0.000      0.027
    NOR_ACA_IN         0.921      0.021     43.601      0.000      0.205
    PEE_SOC_IN         0.973      0.019     50.895      0.000      0.071
    FAC_SOC_IN         0.990      0.023     43.648      0.000      0.011

Categorical Latent Variables

 Means
    C#1               -0.807      0.062    -13.119      0.000      0.000
    C#2                0.134      0.039      3.461      0.001      0.000

New/Additional Parameters
    STR12             -0.225      0.078     -2.891      0.004      0.438
    NOR12             -0.745      0.078     -9.586      0.000      0.417
    PEE12             -0.335      0.077     -4.343      0.000      0.339
    FAC12             -0.173      0.071     -2.421      0.015      0.280
    STR13             -0.260      0.074     -3.528      0.000      0.349
    NOR13             -0.738      0.076     -9.701      0.000      0.366
    PEE13             -0.469      0.079     -5.978      0.000      0.345
    FAC13             -0.282      0.071     -3.971      0.000      0.245
    STR23             -0.035      0.045     -0.765      0.444      0.274
    NOR23              0.007      0.050      0.144      0.885      0.423
    PEE23             -0.134      0.049     -2.765      0.006      0.388
    FAC23             -0.109      0.045     -2.404      0.016      0.279


QUALITY OF NUMERICAL RESULTS

     Average Condition Number for the Information Matrix      0.136E-03
       (ratio of smallest to largest eigenvalue)


CONFIDENCE INTERVALS OF MODEL RESULTS

                  Lower .5%  Lower 2.5%    Lower 5%    Estimate    Upper 5%  Upper 2.5%   Upper .5%

Latent Class 1

 Means
    STR_ACA_IN      -0.357      -0.320      -0.300      -0.200      -0.099      -0.080      -0.042
    NOR_ACA_IN      -0.774      -0.735      -0.716      -0.614      -0.512      -0.492      -0.454
    PEE_SOC_IN      -0.492      -0.453      -0.433      -0.329      -0.225      -0.205      -0.166
    FAC_SOC_IN      -0.334      -0.298      -0.280      -0.185      -0.091      -0.072      -0.037

 Variances
    STR_ACA_IN       0.943       0.954       0.960       0.991       1.022       1.028       1.039
    NOR_ACA_IN       0.867       0.880       0.886       0.921       0.956       0.963       0.976
    PEE_SOC_IN       0.924       0.936       0.942       0.973       1.005       1.011       1.023
    FAC_SOC_IN       0.932       0.946       0.953       0.990       1.027       1.035       1.049

Latent Class 2

 Means
    STR_ACA_IN      -0.050      -0.032      -0.023       0.025       0.073       0.083       0.101
    NOR_ACA_IN       0.053       0.072       0.082       0.131       0.181       0.190       0.209
    PEE_SOC_IN      -0.068      -0.051      -0.041       0.006       0.053       0.063       0.080
    FAC_SOC_IN      -0.084      -0.067      -0.058      -0.012       0.033       0.042       0.059

 Variances
    STR_ACA_IN       0.943       0.954       0.960       0.991       1.022       1.028       1.039
    NOR_ACA_IN       0.867       0.880       0.886       0.921       0.956       0.963       0.976
    PEE_SOC_IN       0.924       0.936       0.942       0.973       1.005       1.011       1.023
    FAC_SOC_IN       0.932       0.946       0.953       0.990       1.027       1.035       1.049

Latent Class 3

 Means
    STR_ACA_IN      -0.015       0.003       0.012       0.060       0.108       0.117       0.135
    NOR_ACA_IN       0.042       0.062       0.072       0.124       0.176       0.186       0.206
    PEE_SOC_IN       0.059       0.078       0.088       0.140       0.192       0.202       0.221
    FAC_SOC_IN       0.020       0.039       0.048       0.097       0.146       0.155       0.173

 Variances
    STR_ACA_IN       0.943       0.954       0.960       0.991       1.022       1.028       1.039
    NOR_ACA_IN       0.867       0.880       0.886       0.921       0.956       0.963       0.976
    PEE_SOC_IN       0.924       0.936       0.942       0.973       1.005       1.011       1.023
    FAC_SOC_IN       0.932       0.946       0.953       0.990       1.027       1.035       1.049

Categorical Latent Variables

 Means
    C#1             -0.965      -0.927      -0.908      -0.807      -0.706      -0.686      -0.648
    C#2              0.034       0.058       0.070       0.134       0.198       0.210       0.234

New/Additional Parameters
    STR12           -0.426      -0.378      -0.353      -0.225      -0.097      -0.072      -0.025
    NOR12           -0.945      -0.897      -0.873      -0.745      -0.617      -0.593      -0.545
    PEE12           -0.534      -0.487      -0.462      -0.335      -0.208      -0.184      -0.136
    FAC12           -0.357      -0.313      -0.291      -0.173      -0.055      -0.033       0.011
    STR13           -0.450      -0.404      -0.381      -0.260      -0.139      -0.116      -0.070
    NOR13           -0.933      -0.887      -0.863      -0.738      -0.613      -0.589      -0.542
    PEE13           -0.672      -0.623      -0.599      -0.469      -0.340      -0.316      -0.267
    FAC13           -0.465      -0.421      -0.399      -0.282      -0.165      -0.143      -0.099
    STR23           -0.152      -0.124      -0.110      -0.035       0.040       0.054       0.082
    NOR23           -0.122      -0.091      -0.075       0.007       0.090       0.105       0.136
    PEE23           -0.259      -0.229      -0.214      -0.134      -0.054      -0.039      -0.009
    FAC23           -0.226      -0.198      -0.184      -0.109      -0.034      -0.020       0.008


RESIDUAL OUTPUT

NOTE:  These are average results over 20 data sets.


     ESTIMATED MODEL AND RESIDUALS (OBSERVED - ESTIMATED) FOR LATENT CLASS 1


           Model Estimated Means
              STR_ACA_      NOR_ACA_      PEE_SOC_      FAC_SOC_
              ________      ________      ________      ________
               -0.200        -0.614        -0.329        -0.185


           Residuals for Means
              STR_ACA_      NOR_ACA_      PEE_SOC_      FAC_SOC_
              ________      ________      ________      ________
                0.000         0.000         0.000         0.000


           Model Estimated Covariances
              STR_ACA_      NOR_ACA_      PEE_SOC_      FAC_SOC_
              ________      ________      ________      ________
 STR_ACA_       0.991
 NOR_ACA_       0.000         0.921
 PEE_SOC_       0.000         0.000         0.973
 FAC_SOC_       0.000         0.000         0.000         0.990


           Residuals for Covariances
              STR_ACA_      NOR_ACA_      PEE_SOC_      FAC_SOC_
              ________      ________      ________      ________
 STR_ACA_      -0.106
 NOR_ACA_       0.137        -0.088
 PEE_SOC_       0.208         0.079         0.153
 FAC_SOC_       0.254         0.002         0.252         0.022


     ESTIMATED MODEL AND RESIDUALS (OBSERVED - ESTIMATED) FOR LATENT CLASS 2


           Model Estimated Means
              STR_ACA_      NOR_ACA_      PEE_SOC_      FAC_SOC_
              ________      ________      ________      ________
                0.025         0.131         0.006        -0.012


           Residuals for Means
              STR_ACA_      NOR_ACA_      PEE_SOC_      FAC_SOC_
              ________      ________      ________      ________
                0.000         0.000         0.000         0.000


           Model Estimated Covariances
              STR_ACA_      NOR_ACA_      PEE_SOC_      FAC_SOC_
              ________      ________      ________      ________
 STR_ACA_       0.991
 NOR_ACA_       0.000         0.921
 PEE_SOC_       0.000         0.000         0.973
 FAC_SOC_       0.000         0.000         0.000         0.990


           Residuals for Covariances
              STR_ACA_      NOR_ACA_      PEE_SOC_      FAC_SOC_
              ________      ________      ________      ________
 STR_ACA_       0.039
 NOR_ACA_       0.128         0.008
 PEE_SOC_       0.167         0.120        -0.021
 FAC_SOC_       0.335         0.106         0.204        -0.012


     ESTIMATED MODEL AND RESIDUALS (OBSERVED - ESTIMATED) FOR LATENT CLASS 3


           Model Estimated Means
              STR_ACA_      NOR_ACA_      PEE_SOC_      FAC_SOC_
              ________      ________      ________      ________
                0.060         0.124         0.140         0.097


           Residuals for Means
              STR_ACA_      NOR_ACA_      PEE_SOC_      FAC_SOC_
              ________      ________      ________      ________
                0.000         0.000         0.000         0.000


           Model Estimated Covariances
              STR_ACA_      NOR_ACA_      PEE_SOC_      FAC_SOC_
              ________      ________      ________      ________
 STR_ACA_       0.991
 NOR_ACA_       0.000         0.921
 PEE_SOC_       0.000         0.000         0.973
 FAC_SOC_       0.000         0.000         0.000         0.990


           Residuals for Covariances
              STR_ACA_      NOR_ACA_      PEE_SOC_      FAC_SOC_
              ________      ________      ________      ________
 STR_ACA_       0.003
 NOR_ACA_       0.116         0.030
 PEE_SOC_       0.136         0.083        -0.044
 FAC_SOC_       0.343         0.094         0.213         0.004


TECHNICAL 1 OUTPUT


     PARAMETER SPECIFICATION FOR LATENT CLASS 1


           NU
              STR_ACA_      NOR_ACA_      PEE_SOC_      FAC_SOC_
              ________      ________      ________      ________
                    1             2             3             4


           THETA
              STR_ACA_      NOR_ACA_      PEE_SOC_      FAC_SOC_
              ________      ________      ________      ________
 STR_ACA_           5
 NOR_ACA_           0             6
 PEE_SOC_           0             0             7
 FAC_SOC_           0             0             0             8


     PARAMETER SPECIFICATION FOR LATENT CLASS 2


           NU
              STR_ACA_      NOR_ACA_      PEE_SOC_      FAC_SOC_
              ________      ________      ________      ________
                    9            10            11            12


           THETA
              STR_ACA_      NOR_ACA_      PEE_SOC_      FAC_SOC_
              ________      ________      ________      ________
 STR_ACA_           5
 NOR_ACA_           0             6
 PEE_SOC_           0             0             7
 FAC_SOC_           0             0             0             8


     PARAMETER SPECIFICATION FOR LATENT CLASS 3


           NU
              STR_ACA_      NOR_ACA_      PEE_SOC_      FAC_SOC_
              ________      ________      ________      ________
                   13            14            15            16


           THETA
              STR_ACA_      NOR_ACA_      PEE_SOC_      FAC_SOC_
              ________      ________      ________      ________
 STR_ACA_           5
 NOR_ACA_           0             6
 PEE_SOC_           0             0             7
 FAC_SOC_           0             0             0             8


     PARAMETER SPECIFICATION FOR LATENT CLASS REGRESSION MODEL PART


           ALPHA(C)
              C#1           C#2           C#3
              ________      ________      ________
                   17            18             0


     PARAMETER SPECIFICATION FOR THE ADDITIONAL PARAMETERS


           NEW/ADDITIONAL PARAMETERS
              STR12         NOR12         PEE12         FAC12         STR13
              ________      ________      ________      ________      ________
                   19            20            21            22            23


           NEW/ADDITIONAL PARAMETERS
              NOR13         PEE13         FAC13         STR23         NOR23
              ________      ________      ________      ________      ________
                   24            25            26            27            28


           NEW/ADDITIONAL PARAMETERS
              PEE23         FAC23
              ________      ________
                   29            30


     STARTING VALUES FOR LATENT CLASS 1


           NU
              STR_ACA_      NOR_ACA_      PEE_SOC_      FAC_SOC_
              ________      ________      ________      ________
               -1.000        -1.000        -1.000        -1.000


           THETA
              STR_ACA_      NOR_ACA_      PEE_SOC_      FAC_SOC_
              ________      ________      ________      ________
 STR_ACA_       0.500
 NOR_ACA_       0.000         0.500
 PEE_SOC_       0.000         0.000         0.500
 FAC_SOC_       0.000         0.000         0.000         0.500


     STARTING VALUES FOR LATENT CLASS 2


           NU
              STR_ACA_      NOR_ACA_      PEE_SOC_      FAC_SOC_
              ________      ________      ________      ________
                0.000         0.000         0.000         0.000


           THETA
              STR_ACA_      NOR_ACA_      PEE_SOC_      FAC_SOC_
              ________      ________      ________      ________
 STR_ACA_       0.500
 NOR_ACA_       0.000         0.500
 PEE_SOC_       0.000         0.000         0.500
 FAC_SOC_       0.000         0.000         0.000         0.500


     STARTING VALUES FOR LATENT CLASS 3


           NU
              STR_ACA_      NOR_ACA_      PEE_SOC_      FAC_SOC_
              ________      ________      ________      ________
                1.000         1.000         1.000         1.000


           THETA
              STR_ACA_      NOR_ACA_      PEE_SOC_      FAC_SOC_
              ________      ________      ________      ________
 STR_ACA_       0.500
 NOR_ACA_       0.000         0.500
 PEE_SOC_       0.000         0.000         0.500
 FAC_SOC_       0.000         0.000         0.000         0.500


     STARTING VALUES FOR LATENT CLASS REGRESSION MODEL PART


           ALPHA(C)
              C#1           C#2           C#3
              ________      ________      ________
                0.000         0.000         0.000


     STARTING VALUES FOR THE ADDITIONAL PARAMETERS


           NEW/ADDITIONAL PARAMETERS
              STR12         NOR12         PEE12         FAC12         STR13
              ________      ________      ________      ________      ________
                0.500         0.500         0.500         0.500         0.500


           NEW/ADDITIONAL PARAMETERS
              NOR13         PEE13         FAC13         STR23         NOR23
              ________      ________      ________      ________      ________
                0.500         0.500         0.500         0.500         0.500


           NEW/ADDITIONAL PARAMETERS
              PEE23         FAC23
              ________      ________
                0.500         0.500


DIAGRAM INFORMATION

  Mplus diagrams are currently not available for Mixture analysis.
  No diagram output was produced.


     Beginning Time:  15:22:15
        Ending Time:  15:22:20
       Elapsed Time:  00:00:05



MUTHEN & MUTHEN
3463 Stoner Ave.
Los Angeles, CA  90066

Tel: (310) 391-9971
Fax: (310) 391-8971
Web: www.StatModel.com
Support: Support@StatModel.com

Copyright (c) 1998-2023 Muthen & Muthen
