Mplus VERSION 8.10
MUTHEN & MUTHEN
07/21/2025  10:12 AM

INPUT INSTRUCTIONS

  Title: 2_class

  data:
    file is "S:\Temp\MPlus\data_lca_doomedtofail.csv";

  variable:
    names = ID_t
            big_ope big_con big_ext big_agr big_neu
            int_edi int_ssi int_abi ext_uti ext_lod ext_soi
            aca_abi
            par_edu hisei
            str_aca_int nor_aca_int pee_soc_int fac_soc_int
            age gender dro_out;
    missing = all(-99);
    idvariable = ID_t;

    usevariables = big_ope big_con big_ext big_agr big_neu
                   int_edi int_ssi int_abi ext_uti ext_lod ext_soi
                   aca_abi
                   par_edu hisei;
    auxiliary = str_aca_int nor_aca_int pee_soc_int fac_soc_int
                age gender dro_out;

    classes = C (2);
    categorical = par_edu;

  define:
    standardize big_ope big_con big_ext big_agr big_neu
                int_edi int_ssi int_abi ext_uti ext_lod ext_soi
                aca_abi hisei;

  analysis:
    type = mixture;
    estimator = mlr;
    starts 400 100;
    process = 4;

  model:
    %c#1%
    [big_ope*];
    [big_con*];
    [big_ext*];
    [big_agr*];
    [big_neu*];
    [int_edi*];
    [int_ssi*];
    [int_abi*];
    [ext_uti*];
    [ext_lod*];
    [ext_soi*];
    [aca_abi*];
    [hisei*];

    %c#2%
    [big_ope*];
    [big_con*];
    [big_ext*];
    [big_agr*];
    [big_neu*];
    [int_edi*];
    [int_ssi*];
    [int_abi*];
    [ext_uti*];
    [ext_lod*];
    [ext_soi*];
    [aca_abi*];
    [hisei*];

  output:
    residual;
    Tech14;
    Tech11;
    sampstat;

  savedata:
    save =  bchweights;
    missflag = 9999;
    file = lca_bch_2class.dat;



*** WARNING in MODEL command
  All variables are uncorrelated with all other variables within class.
  Check that this is what is intended.
*** WARNING
  Data set contains cases with missing on all variables.
  These cases were not included in the analysis.
  Number of cases with missing on all variables:  3
   2 WARNING(S) FOUND IN THE INPUT INSTRUCTIONS



2_class

SUMMARY OF ANALYSIS

Number of groups                                                 1
Number of observations                                        5772

Number of dependent variables                                   14
Number of independent variables                                  0
Number of continuous latent variables                            0
Number of categorical latent variables                           1

Observed dependent variables

  Continuous
   BIG_OPE     BIG_CON     BIG_EXT     BIG_AGR     BIG_NEU     INT_EDI
   INT_SSI     INT_ABI     EXT_UTI     EXT_LOD     EXT_SOI     ACA_ABI
   HISEI

  Binary and ordered categorical (ordinal)
   PAR_EDU

Observed auxiliary variables
   STR_ACA_IN  NOR_ACA_IN  PEE_SOC_IN  FAC_SOC_IN  AGE         GENDER
   DRO_OUT

Categorical latent variables
   C

Variables with special functions

  ID variable           ID_T

Estimator                                                      MLR
Information matrix                                        OBSERVED
Optimization Specifications for the Quasi-Newton Algorithm for
Continuous Outcomes
  Maximum number of iterations                                 100
  Convergence criterion                                  0.100D-05
Optimization Specifications for the EM Algorithm
  Maximum number of iterations                                 500
  Convergence criteria
    Loglikelihood change                                 0.100D-06
    Relative loglikelihood change                        0.100D-06
    Derivative                                           0.100D-05
Optimization Specifications for the M step of the EM Algorithm for
Categorical Latent variables
  Number of M step iterations                                    1
  M step convergence criterion                           0.100D-05
  Basis for M step termination                           ITERATION
Optimization Specifications for the M step of the EM Algorithm for
Censored, Binary or Ordered Categorical (Ordinal), Unordered
Categorical (Nominal) and Count Outcomes
  Number of M step iterations                                    1
  M step convergence criterion                           0.100D-05
  Basis for M step termination                           ITERATION
  Maximum value for logit thresholds                            15
  Minimum value for logit thresholds                           -15
  Minimum expected cell size for chi-square              0.100D-01
Maximum number of iterations for H1                           2000
Convergence criterion for H1                             0.100D-03
Optimization algorithm                                         EMA
Random Starts Specifications
  Number of initial stage random starts                        400
  Number of final stage optimizations                          100
  Number of initial stage iterations                            10
  Initial stage convergence criterion                    0.100D+01
  Random starts scale                                    0.500D+01
  Random seed for generating random starts                       0
Link                                                         LOGIT

Input data file(s)
  S:\Temp\MPlus\data_lca_doomedtofail.csv
Input data format  FREE


SUMMARY OF DATA

     Number of missing data patterns            26
     Number of y missing data patterns          16
     Number of u missing data patterns           2


COVARIANCE COVERAGE OF DATA

Minimum covariance coverage value   0.100


     PROPORTION OF DATA PRESENT


           Covariance Coverage
              PAR_EDU       BIG_OPE       BIG_CON       BIG_EXT       BIG_AGR
              ________      ________      ________      ________      ________
 PAR_EDU        0.976
 BIG_OPE        0.805         0.825
 BIG_CON        0.805         0.825         0.825
 BIG_EXT        0.805         0.825         0.825         0.825
 BIG_AGR        0.805         0.825         0.825         0.825         0.825
 BIG_NEU        0.805         0.825         0.825         0.825         0.825
 INT_EDI        0.445         0.442         0.442         0.442         0.442
 INT_SSI        0.445         0.442         0.442         0.442         0.442
 INT_ABI        0.445         0.442         0.442         0.442         0.442
 EXT_UTI        0.445         0.442         0.442         0.442         0.442
 EXT_LOD        0.445         0.442         0.442         0.442         0.442
 EXT_SOI        0.445         0.442         0.442         0.442         0.442
 ACA_ABI        0.937         0.791         0.791         0.791         0.791
 HISEI          0.597         0.500         0.500         0.500         0.500


           Covariance Coverage
              BIG_NEU       INT_EDI       INT_SSI       INT_ABI       EXT_UTI
              ________      ________      ________      ________      ________
 BIG_NEU        0.825
 INT_EDI        0.442         0.454
 INT_SSI        0.442         0.454         0.454
 INT_ABI        0.442         0.454         0.454         0.454
 EXT_UTI        0.442         0.454         0.454         0.454         0.454
 EXT_LOD        0.442         0.454         0.454         0.454         0.454
 EXT_SOI        0.442         0.454         0.454         0.454         0.454
 ACA_ABI        0.791         0.441         0.441         0.441         0.441
 HISEI          0.500         0.276         0.276         0.276         0.276


           Covariance Coverage
              EXT_LOD       EXT_SOI       ACA_ABI       HISEI
              ________      ________      ________      ________
 EXT_LOD        0.454
 EXT_SOI        0.454         0.454
 ACA_ABI        0.441         0.441         0.959
 HISEI          0.276         0.276         0.581         0.602


     PROPORTION OF DATA PRESENT FOR U


           Covariance Coverage
              PAR_EDU
              ________
 PAR_EDU        0.976


     PROPORTION OF DATA PRESENT FOR Y


           Covariance Coverage
              BIG_OPE       BIG_CON       BIG_EXT       BIG_AGR       BIG_NEU
              ________      ________      ________      ________      ________
 BIG_OPE        0.825
 BIG_CON        0.825         0.825
 BIG_EXT        0.825         0.825         0.825
 BIG_AGR        0.825         0.825         0.825         0.825
 BIG_NEU        0.825         0.825         0.825         0.825         0.825
 INT_EDI        0.442         0.442         0.442         0.442         0.442
 INT_SSI        0.442         0.442         0.442         0.442         0.442
 INT_ABI        0.442         0.442         0.442         0.442         0.442
 EXT_UTI        0.442         0.442         0.442         0.442         0.442
 EXT_LOD        0.442         0.442         0.442         0.442         0.442
 EXT_SOI        0.442         0.442         0.442         0.442         0.442
 ACA_ABI        0.791         0.791         0.791         0.791         0.791
 HISEI          0.500         0.500         0.500         0.500         0.500


           Covariance Coverage
              INT_EDI       INT_SSI       INT_ABI       EXT_UTI       EXT_LOD
              ________      ________      ________      ________      ________
 INT_EDI        0.454
 INT_SSI        0.454         0.454
 INT_ABI        0.454         0.454         0.454
 EXT_UTI        0.454         0.454         0.454         0.454
 EXT_LOD        0.454         0.454         0.454         0.454         0.454
 EXT_SOI        0.454         0.454         0.454         0.454         0.454
 ACA_ABI        0.441         0.441         0.441         0.441         0.441
 HISEI          0.276         0.276         0.276         0.276         0.276


           Covariance Coverage
              EXT_SOI       ACA_ABI       HISEI
              ________      ________      ________
 EXT_SOI        0.454
 ACA_ABI        0.441         0.959
 HISEI          0.276         0.581         0.602


UNIVARIATE PROPORTIONS AND COUNTS FOR CATEGORICAL VARIABLES

    PAR_EDU
      Category 1    0.583         3284.000
      Category 2    0.260         1465.000
      Category 3    0.157          882.000


SAMPLE STATISTICS


     ESTIMATED SAMPLE STATISTICS


           Means
              BIG_OPE       BIG_CON       BIG_EXT       BIG_AGR       BIG_NEU
              ________      ________      ________      ________      ________
               -0.002        -0.007         0.001         0.001        -0.001


           Means
              INT_EDI       INT_SSI       INT_ABI       EXT_UTI       EXT_LOD
              ________      ________      ________      ________      ________
                0.000        -0.020        -0.015         0.010         0.026


           Means
              EXT_SOI       ACA_ABI       HISEI
              ________      ________      ________
               -0.001         0.000        -0.004


           Covariances
              BIG_OPE       BIG_CON       BIG_EXT       BIG_AGR       BIG_NEU
              ________      ________      ________      ________      ________
 BIG_OPE        1.000
 BIG_CON        0.055         1.001
 BIG_EXT        0.100         0.060         1.000
 BIG_AGR        0.106         0.103         0.010         1.000
 BIG_NEU        0.009         0.084        -0.220         0.032         1.000
 INT_EDI        0.114         0.084         0.113         0.164        -0.022
 INT_SSI        0.098         0.072         0.033        -0.045        -0.017
 INT_ABI        0.113         0.106         0.085         0.035        -0.086
 EXT_UTI       -0.026        -0.043         0.034        -0.020         0.010
 EXT_LOD       -0.081        -0.172        -0.053        -0.045         0.030
 EXT_SOI       -0.006        -0.057         0.014        -0.004         0.051
 ACA_ABI        0.045         0.206        -0.043        -0.024         0.043
 HISEI          0.077        -0.028         0.047         0.020        -0.034


           Covariances
              INT_EDI       INT_SSI       INT_ABI       EXT_UTI       EXT_LOD
              ________      ________      ________      ________      ________
 INT_EDI        1.001
 INT_SSI        0.108         1.003
 INT_ABI        0.295         0.290         1.002
 EXT_UTI       -0.001         0.100         0.062         1.000
 EXT_LOD       -0.134        -0.027        -0.093         0.246         1.004
 EXT_SOI       -0.019         0.083         0.099         0.310         0.371
 ACA_ABI       -0.013         0.159         0.115        -0.059        -0.176
 HISEI          0.035        -0.003         0.002         0.029        -0.006


           Covariances
              EXT_SOI       ACA_ABI       HISEI
              ________      ________      ________
 EXT_SOI        1.000
 ACA_ABI        0.002         1.000
 HISEI          0.098         0.105         1.000


           Correlations
              BIG_OPE       BIG_CON       BIG_EXT       BIG_AGR       BIG_NEU
              ________      ________      ________      ________      ________
 BIG_OPE        1.000
 BIG_CON        0.055         1.000
 BIG_EXT        0.100         0.060         1.000
 BIG_AGR        0.106         0.103         0.010         1.000
 BIG_NEU        0.009         0.084        -0.220         0.032         1.000
 INT_EDI        0.114         0.084         0.113         0.164        -0.022
 INT_SSI        0.098         0.072         0.033        -0.045        -0.017
 INT_ABI        0.113         0.106         0.085         0.035        -0.086
 EXT_UTI       -0.026        -0.043         0.034        -0.020         0.010
 EXT_LOD       -0.081        -0.171        -0.052        -0.045         0.030
 EXT_SOI       -0.006        -0.057         0.014        -0.004         0.051
 ACA_ABI        0.045         0.206        -0.043        -0.024         0.043
 HISEI          0.077        -0.028         0.047         0.020        -0.034


           Correlations
              INT_EDI       INT_SSI       INT_ABI       EXT_UTI       EXT_LOD
              ________      ________      ________      ________      ________
 INT_EDI        1.000
 INT_SSI        0.108         1.000
 INT_ABI        0.294         0.289         1.000
 EXT_UTI       -0.001         0.100         0.062         1.000
 EXT_LOD       -0.134        -0.027        -0.093         0.246         1.000
 EXT_SOI       -0.019         0.083         0.098         0.310         0.371
 ACA_ABI       -0.013         0.159         0.115        -0.059        -0.176
 HISEI          0.035        -0.003         0.002         0.029        -0.006


           Correlations
              EXT_SOI       ACA_ABI       HISEI
              ________      ________      ________
 EXT_SOI        1.000
 ACA_ABI        0.002         1.000
 HISEI          0.098         0.105         1.000


     MAXIMUM LOG-LIKELIHOOD VALUE FOR THE UNRESTRICTED (H1) MODEL IS -67628.490


UNIVARIATE SAMPLE STATISTICS


     UNIVARIATE HIGHER-ORDER MOMENT DESCRIPTIVE STATISTICS

         Variable/         Mean/     Skewness/   Minimum/ % with                Percentiles
        Sample Size      Variance    Kurtosis    Maximum  Min/Max      20%/60%    40%/80%    Median

     BIG_OPE               0.000      -0.388      -3.070    0.15%      -0.782     -0.209      0.363
            4763.000       1.000      -0.544       1.507   11.25%       0.363      0.935
     BIG_CON               0.000      -0.379      -3.752    0.04%      -1.125     -0.468      0.189
            4763.000       1.000      -0.294       1.502   13.60%       0.189      0.846
     BIG_EXT               0.000      -0.479      -3.619    0.02%      -1.097      0.164      0.164
            4763.000       1.000      -0.319       1.425   14.61%       0.164      0.794
     BIG_AGR               0.000      -0.322      -3.870    0.15%      -0.710     -0.078     -0.078
            4763.000       1.000       0.267       2.450    0.92%       0.554      0.554
     BIG_NEU               0.000       0.206      -2.171    2.71%      -0.912     -0.282     -0.282
            4763.000       1.000      -0.108       2.866    0.82%       0.347      0.977
     INT_EDI               0.000      -0.873      -4.105    0.34%      -0.633     -0.054     -0.054
            2623.000       1.000       0.680       1.103   27.41%       0.524      1.103
     INT_SSI               0.000      -0.561      -3.127    1.03%      -0.579     -0.069     -0.069
            2623.000       1.000       0.157       1.460   12.73%       0.441      0.950
     INT_ABI               0.000      -0.423      -4.418    0.08%      -1.117     -0.457      0.203
            2623.000       1.000       0.058       1.524   12.66%       0.203      0.863
     EXT_UTI               0.000      -0.456      -2.965    0.69%      -0.760     -0.130      0.185
            2623.000       1.000      -0.050       1.760    3.96%       0.185      0.815
     EXT_LOD               0.000       1.355      -0.801   46.59%      -0.801     -0.801     -0.189
            2623.000       1.000       1.694       4.705    0.19%      -0.189      1.034
     EXT_SOI               0.000       0.558      -1.284   18.91%      -0.792     -0.300     -0.300
            2623.000       1.000      -0.231       3.144    0.65%       0.192      0.684
     ACA_ABI               0.000      -0.044      -2.789    0.02%      -0.878     -0.357     -0.010
            5533.000       1.000      -0.595       2.248    0.96%       0.338      0.859
     HISEI                 0.000      -0.119      -1.925    0.23%      -1.156     -0.271      0.054
            3472.000       1.000      -1.343       1.613    0.17%       0.425      1.049

RANDOM STARTS RESULTS RANKED FROM THE BEST TO THE WORST LOGLIKELIHOOD VALUES

Final stage loglikelihood values at local maxima, seeds, and initial stage start numbers:

          -73223.288  695155           150
          -73223.288  965994           396
          -73223.288  891531           206
          -73223.288  178475           231
          -73223.288  170954           86
          -73223.288  654136           167
          -73223.288  991329           182
          -73223.288  97158            205
          -73223.288  132336           362
          -73223.288  606576           151
          -73223.288  156536           245
          -73223.288  407168           44
          -73223.288  609185           181
          -73223.288  314084           81
          -73223.288  595153           230
          -73223.288  259507           53
          -73223.288  751054           117
          -73223.288  545140           278
          -73223.288  562716           300
          -73223.288  567165           319
          -73223.288  43523            297
          -73223.288  923437           398
          -73223.288  92689            304
          -73223.288  377504           294
          -73223.288  724519           333
          -73223.288  458181           189
          -73223.288  804660           260
          -73223.288  152496           123
          -73223.288  741888           138
          -73223.288  851945           18
          -73223.288  79945            395
          -73223.288  73576            213
          -73223.288  848890           95
          -73223.288  352277           42
          -73223.288  605358           321
          -73223.288  526324           178
          -73223.288  414828           322
          -73223.288  51375            148
          -73223.288  215353           164
          -73223.288  85462            51
          -73223.288  313407           132
          -73223.288  278692           342
          -73223.288  813779           92
          -73223.288  635245           121
          -73223.288  185071           370
          -73223.288  848163           47
          -73223.288  217744           326
          -73223.288  253358           2
          -73223.288  484501           163
          -73223.288  246575           291
          -73223.288  402224           91
          -73223.288  414284           158
          -73223.288  783165           170
          -73223.288  715561           125
          -73223.288  374219           353
          -73223.288  691234           250
          -73223.288  107446           12
          -73223.288  281462           285
          -73223.288  89970            223
          -73223.288  576726           280
          -73223.288  418686           338
          -73223.288  358488           264
          -73223.288  846194           93
          -73223.288  478421           311
          -73223.288  945065           255
          -73223.288  696773           80
          -73223.288  195353           225
          -73223.288  432148           30
          -73223.288  992389           77
          -73223.288  902278           21
          -73223.288  422103           62
          -73223.288  193042           316
          -73223.288  175199           247
          -73223.288  535804           111
          -73223.288  344422           296
          -73223.288  900268           327
          -73223.288  281558           184
          -73223.288  514326           325
          -73223.288  783110           72
          -73223.288  529496           343
          -73223.288  512836           289
          -73223.288  568405           233
          -73223.288  790452           303
          -73223.288  354208           196
          -73223.288  535063           329
          -73223.288  207896           25
          -73223.288  170118           238
          -73596.569  76974            16
          -73596.569  468036           131
          -73596.569  814975           129
          -73596.569  648555           113
          -73596.569  392766           331
          -73596.569  499150           216
          -73596.569  127215           9
          -73596.569  264081           186
          -73596.569  182524           373
          -73596.569  206099           363
          -73596.569  903420           5
          -73596.569  879338           309
          -73596.569  966014           37



THE BEST LOGLIKELIHOOD VALUE HAS BEEN REPLICATED.  RERUN WITH AT LEAST TWICE THE
RANDOM STARTS TO CHECK THAT THE BEST LOGLIKELIHOOD IS STILL OBTAINED AND REPLICATED.


THE MODEL ESTIMATION TERMINATED NORMALLY



MODEL FIT INFORMATION

Number of Free Parameters                       44

Loglikelihood

          H0 Value                      -73223.288
          H0 Scaling Correction Factor      1.0479
            for MLR

Information Criteria

          Akaike (AIC)                  146534.577
          Bayesian (BIC)                146827.651
          Sample-Size Adjusted BIC      146687.832
            (n* = (n + 2) / 24)

Chi-Square Test of Model Fit for the Binary and Ordered Categorical
(Ordinal) Outcomes

          Pearson Chi-Square

          Value                              0.007
          Degrees of freedom cannot be computed for this model part.

          Likelihood Ratio Chi-Square

          Value                              0.007
          Degrees of freedom cannot be computed for this model part.

Chi-Square Test for MCAR under the Unrestricted Latent Class Indicator Model

          Pearson Chi-Square

          Value                              0.000
          Degrees of Freedom                     0
          P-Value                           1.0000

          Likelihood Ratio Chi-Square

          Value                              0.000
          Degrees of Freedom                     0
          P-Value                           1.0000



FINAL CLASS COUNTS AND PROPORTIONS FOR THE LATENT CLASSES
BASED ON THE ESTIMATED MODEL

    Latent
   Classes

       1       2968.30829          0.51426
       2       2803.69171          0.48574


FINAL CLASS COUNTS AND PROPORTIONS FOR THE LATENT CLASSES
BASED ON ESTIMATED POSTERIOR PROBABILITIES

    Latent
   Classes

       1       2968.30829          0.51426
       2       2803.69171          0.48574


FINAL CLASS COUNTS AND PROPORTIONS FOR THE LATENT CLASSES
BASED ON THEIR MOST LIKELY LATENT CLASS MEMBERSHIP

Class Counts and Proportions

    Latent
   Classes

       1             3136          0.54331
       2             2636          0.45669


CLASSIFICATION QUALITY

     Entropy                         0.606


Average Latent Class Probabilities for Most Likely Latent Class Membership (Row)
by Latent Class (Column)

           1        2

    1   0.859    0.141
    2   0.104    0.896


Classification Probabilities for the Most Likely Latent Class Membership (Column)
by Latent Class (Row)

           1        2

    1   0.908    0.092
    2   0.157    0.843


Logits for the Classification Probabilities for the Most Likely Latent Class Membership (Column)
by Latent Class (Row)

              1        2

    1      2.289    0.000
    2     -1.679    0.000


MODEL RESULTS

                                                    Two-Tailed
                    Estimate       S.E.  Est./S.E.    P-Value

Latent Class 1

 Means
    BIG_OPE           -0.088      0.024     -3.657      0.000
    BIG_CON            0.023      0.025      0.933      0.351
    BIG_EXT           -0.042      0.024     -1.715      0.086
    BIG_AGR           -0.026      0.024     -1.072      0.284
    BIG_NEU            0.035      0.024      1.450      0.147
    INT_EDI           -0.046      0.035     -1.305      0.192
    INT_SSI           -0.016      0.035     -0.455      0.649
    INT_ABI           -0.055      0.036     -1.516      0.130
    EXT_UTI           -0.058      0.035     -1.672      0.095
    EXT_LOD           -0.042      0.036     -1.183      0.237
    EXT_SOI           -0.157      0.036     -4.389      0.000
    ACA_ABI           -0.124      0.022     -5.655      0.000
    HISEI             -0.853      0.021    -41.332      0.000

 Thresholds
    PAR_EDU$1          1.765      0.069     25.627      0.000
    PAR_EDU$2          4.108      0.190     21.585      0.000

 Variances
    BIG_OPE            0.992      0.018     56.400      0.000
    BIG_CON            0.999      0.019     52.799      0.000
    BIG_EXT            0.998      0.019     53.288      0.000
    BIG_AGR            0.999      0.022     45.889      0.000
    BIG_NEU            0.999      0.020     50.155      0.000
    INT_EDI            0.998      0.032     31.257      0.000
    INT_SSI            1.000      0.029     34.944      0.000
    INT_ABI            0.997      0.028     35.347      0.000
    EXT_UTI            0.997      0.027     36.624      0.000
    EXT_LOD            0.998      0.038     26.593      0.000
    EXT_SOI            0.976      0.027     36.195      0.000
    ACA_ABI            0.984      0.016     61.693      0.000
    HISEI              0.264      0.007     35.488      0.000

Latent Class 2

 Means
    BIG_OPE            0.092      0.024      3.823      0.000
    BIG_CON           -0.024      0.025     -0.961      0.336
    BIG_EXT            0.043      0.024      1.777      0.076
    BIG_AGR            0.027      0.024      1.128      0.259
    BIG_NEU           -0.037      0.024     -1.529      0.126
    INT_EDI            0.045      0.035      1.300      0.194
    INT_SSI            0.016      0.034      0.467      0.640
    INT_ABI            0.054      0.037      1.473      0.141
    EXT_UTI            0.057      0.034      1.672      0.094
    EXT_LOD            0.041      0.036      1.156      0.248
    EXT_SOI            0.154      0.036      4.275      0.000
    ACA_ABI            0.128      0.023      5.572      0.000
    HISEI              0.864      0.015     58.759      0.000

 Thresholds
    PAR_EDU$1         -0.858      0.066    -12.902      0.000
    PAR_EDU$2          0.825      0.050     16.471      0.000

 Variances
    BIG_OPE            0.992      0.018     56.400      0.000
    BIG_CON            0.999      0.019     52.799      0.000
    BIG_EXT            0.998      0.019     53.288      0.000
    BIG_AGR            0.999      0.022     45.889      0.000
    BIG_NEU            0.999      0.020     50.155      0.000
    INT_EDI            0.998      0.032     31.257      0.000
    INT_SSI            1.000      0.029     34.944      0.000
    INT_ABI            0.997      0.028     35.347      0.000
    EXT_UTI            0.997      0.027     36.624      0.000
    EXT_LOD            0.998      0.038     26.593      0.000
    EXT_SOI            0.976      0.027     36.195      0.000
    ACA_ABI            0.984      0.016     61.693      0.000
    HISEI              0.264      0.007     35.488      0.000

Categorical Latent Variables

 Means
    C#1                0.057      0.043      1.341      0.180


QUALITY OF NUMERICAL RESULTS

     Condition Number for the Information Matrix              0.576E-02
       (ratio of smallest to largest eigenvalue)


RESULTS IN PROBABILITY SCALE

                                                    Two-Tailed
                    Estimate       S.E.  Est./S.E.    P-Value

Latent Class 1

 PAR_EDU
    Category 1         0.854      0.009     99.337      0.000
    Category 2         0.130      0.008     15.843      0.000
    Category 3         0.016      0.003      5.340      0.000

Latent Class 2

 PAR_EDU
    Category 1         0.298      0.014     21.419      0.000
    Category 2         0.397      0.011     34.813      0.000
    Category 3         0.305      0.011     28.725      0.000


LATENT CLASS INDICATOR ODDS RATIOS FOR THE LATENT CLASSES

                                                95% C.I.
                    Estimate       S.E.  Lower 2.5% Upper 2.5%

Latent Class 1 Compared to Latent Class 2

 PAR_EDU
    Category > 1       0.073      0.008      0.059      0.089
    Category > 2       0.037      0.008      0.025      0.056


RESIDUAL OUTPUT


     ESTIMATED MODEL AND RESIDUALS (OBSERVED - ESTIMATED) FOR CLASS 1


           Model Estimated Means
              BIG_OPE       BIG_CON       BIG_EXT       BIG_AGR       BIG_NEU
              ________      ________      ________      ________      ________
               -0.088         0.023        -0.042        -0.026         0.035


           Model Estimated Means
              INT_EDI       INT_SSI       INT_ABI       EXT_UTI       EXT_LOD
              ________      ________      ________      ________      ________
               -0.046        -0.016        -0.055        -0.058        -0.042


           Model Estimated Means
              EXT_SOI       ACA_ABI       HISEI
              ________      ________      ________
               -0.157        -0.124        -0.853


           Residuals for Means
              BIG_OPE       BIG_CON       BIG_EXT       BIG_AGR       BIG_NEU
              ________      ________      ________      ________      ________
                0.000         0.000         0.000         0.000         0.000


           Residuals for Means
              INT_EDI       INT_SSI       INT_ABI       EXT_UTI       EXT_LOD
              ________      ________      ________      ________      ________
                0.000         0.000         0.000         0.000         0.000


           Residuals for Means
              EXT_SOI       ACA_ABI       HISEI
              ________      ________      ________
                0.000         0.000         0.000


           Model Estimated Covariances
              BIG_OPE       BIG_CON       BIG_EXT       BIG_AGR       BIG_NEU
              ________      ________      ________      ________      ________
 BIG_OPE        0.992
 BIG_CON        0.000         0.999
 BIG_EXT        0.000         0.000         0.998
 BIG_AGR        0.000         0.000         0.000         0.999
 BIG_NEU        0.000         0.000         0.000         0.000         0.999
 INT_EDI        0.000         0.000         0.000         0.000         0.000
 INT_SSI        0.000         0.000         0.000         0.000         0.000
 INT_ABI        0.000         0.000         0.000         0.000         0.000
 EXT_UTI        0.000         0.000         0.000         0.000         0.000
 EXT_LOD        0.000         0.000         0.000         0.000         0.000
 EXT_SOI        0.000         0.000         0.000         0.000         0.000
 ACA_ABI        0.000         0.000         0.000         0.000         0.000
 HISEI          0.000         0.000         0.000         0.000         0.000


           Model Estimated Covariances
              INT_EDI       INT_SSI       INT_ABI       EXT_UTI       EXT_LOD
              ________      ________      ________      ________      ________
 INT_EDI        0.998
 INT_SSI        0.000         1.000
 INT_ABI        0.000         0.000         0.997
 EXT_UTI        0.000         0.000         0.000         0.997
 EXT_LOD        0.000         0.000         0.000         0.000         0.998
 EXT_SOI        0.000         0.000         0.000         0.000         0.000
 ACA_ABI        0.000         0.000         0.000         0.000         0.000
 HISEI          0.000         0.000         0.000         0.000         0.000


           Model Estimated Covariances
              EXT_SOI       ACA_ABI       HISEI
              ________      ________      ________
 EXT_SOI        0.976
 ACA_ABI        0.000         0.984
 HISEI          0.000         0.000         0.264


           Residuals for Covariances
              BIG_OPE       BIG_CON       BIG_EXT       BIG_AGR       BIG_NEU
              ________      ________      ________      ________      ________
 BIG_OPE        0.037
 BIG_CON        0.054         0.011
 BIG_EXT        0.098         0.053         0.026
 BIG_AGR        0.125         0.119         0.008         0.032
 BIG_NEU        0.020         0.085        -0.226         0.043         0.033
 INT_EDI        0.121         0.079         0.125         0.157        -0.012
 INT_SSI        0.091         0.055         0.057        -0.063        -0.037
 INT_ABI        0.123         0.099         0.065         0.067        -0.098
 EXT_UTI       -0.012        -0.049         0.051        -0.014         0.007
 EXT_LOD       -0.093        -0.161        -0.036        -0.026         0.025
 EXT_SOI       -0.001        -0.058         0.012        -0.001         0.041
 ACA_ABI        0.005         0.198        -0.066        -0.048         0.042
 HISEI         -0.002        -0.023        -0.014        -0.028         0.012


           Residuals for Covariances
              INT_EDI       INT_SSI       INT_ABI       EXT_UTI       EXT_LOD
              ________      ________      ________      ________      ________
 INT_EDI        0.027
 INT_SSI        0.101         0.040
 INT_ABI        0.266         0.285        -0.009
 EXT_UTI       -0.002         0.092         0.051         0.010
 EXT_LOD       -0.112        -0.012        -0.079         0.248        -0.038
 EXT_SOI       -0.004         0.089         0.098         0.296         0.361
 ACA_ABI       -0.056         0.146         0.082        -0.073        -0.168
 HISEI         -0.022        -0.051        -0.048        -0.008        -0.062


           Residuals for Covariances
              EXT_SOI       ACA_ABI       HISEI
              ________      ________      ________
 EXT_SOI       -0.051
 ACA_ABI       -0.053        -0.003
 HISEI         -0.040        -0.049         0.052


     ESTIMATED MODEL AND RESIDUALS (OBSERVED - ESTIMATED) FOR CLASS 2


           Model Estimated Means
              BIG_OPE       BIG_CON       BIG_EXT       BIG_AGR       BIG_NEU
              ________      ________      ________      ________      ________
                0.092        -0.024         0.043         0.027        -0.037


           Model Estimated Means
              INT_EDI       INT_SSI       INT_ABI       EXT_UTI       EXT_LOD
              ________      ________      ________      ________      ________
                0.045         0.016         0.054         0.057         0.041


           Model Estimated Means
              EXT_SOI       ACA_ABI       HISEI
              ________      ________      ________
                0.154         0.128         0.864


           Residuals for Means
              BIG_OPE       BIG_CON       BIG_EXT       BIG_AGR       BIG_NEU
              ________      ________      ________      ________      ________
                0.000         0.000         0.000         0.000         0.000


           Residuals for Means
              INT_EDI       INT_SSI       INT_ABI       EXT_UTI       EXT_LOD
              ________      ________      ________      ________      ________
                0.000         0.000         0.000         0.000         0.000


           Residuals for Means
              EXT_SOI       ACA_ABI       HISEI
              ________      ________      ________
                0.000         0.000         0.000


           Model Estimated Covariances
              BIG_OPE       BIG_CON       BIG_EXT       BIG_AGR       BIG_NEU
              ________      ________      ________      ________      ________
 BIG_OPE        0.992
 BIG_CON        0.000         0.999
 BIG_EXT        0.000         0.000         0.998
 BIG_AGR        0.000         0.000         0.000         0.999
 BIG_NEU        0.000         0.000         0.000         0.000         0.999
 INT_EDI        0.000         0.000         0.000         0.000         0.000
 INT_SSI        0.000         0.000         0.000         0.000         0.000
 INT_ABI        0.000         0.000         0.000         0.000         0.000
 EXT_UTI        0.000         0.000         0.000         0.000         0.000
 EXT_LOD        0.000         0.000         0.000         0.000         0.000
 EXT_SOI        0.000         0.000         0.000         0.000         0.000
 ACA_ABI        0.000         0.000         0.000         0.000         0.000
 HISEI          0.000         0.000         0.000         0.000         0.000


           Model Estimated Covariances
              INT_EDI       INT_SSI       INT_ABI       EXT_UTI       EXT_LOD
              ________      ________      ________      ________      ________
 INT_EDI        0.998
 INT_SSI        0.000         1.000
 INT_ABI        0.000         0.000         0.997
 EXT_UTI        0.000         0.000         0.000         0.997
 EXT_LOD        0.000         0.000         0.000         0.000         0.998
 EXT_SOI        0.000         0.000         0.000         0.000         0.000
 ACA_ABI        0.000         0.000         0.000         0.000         0.000
 HISEI          0.000         0.000         0.000         0.000         0.000


           Model Estimated Covariances
              EXT_SOI       ACA_ABI       HISEI
              ________      ________      ________
 EXT_SOI        0.976
 ACA_ABI        0.000         0.984
 HISEI          0.000         0.000         0.264


           Residuals for Covariances
              BIG_OPE       BIG_CON       BIG_EXT       BIG_AGR       BIG_NEU
              ________      ________      ________      ________      ________
 BIG_OPE       -0.039
 BIG_CON        0.061        -0.011
 BIG_EXT        0.094         0.070        -0.027
 BIG_AGR        0.082         0.087         0.009        -0.033
 BIG_NEU        0.004         0.080        -0.211         0.021        -0.034
 INT_EDI        0.086         0.093         0.098         0.163        -0.021
 INT_SSI        0.086         0.079         0.006        -0.026        -0.006
 INT_ABI        0.076         0.103         0.097        -0.001        -0.069
 EXT_UTI       -0.045        -0.031         0.012        -0.025         0.018
 EXT_LOD       -0.062        -0.164        -0.074        -0.063         0.040
 EXT_SOI       -0.034        -0.043         0.004        -0.011         0.065
 ACA_ABI        0.065         0.214        -0.027        -0.007         0.051
 HISEI          0.008        -0.002         0.030         0.022        -0.011


           Residuals for Covariances
              INT_EDI       INT_SSI       INT_ABI       EXT_UTI       EXT_LOD
              ________      ________      ________      ________      ________
 INT_EDI       -0.026
 INT_SSI        0.112        -0.039
 INT_ABI        0.315         0.289         0.009
 EXT_UTI       -0.004         0.107         0.069        -0.010
 EXT_LOD       -0.158        -0.037        -0.106         0.238         0.037
 EXT_SOI       -0.048         0.073         0.084         0.307         0.368
 ACA_ABI        0.017         0.146         0.119        -0.052        -0.168
 HISEI          0.014         0.027        -0.027        -0.040        -0.019


           Residuals for Covariances
              EXT_SOI       ACA_ABI       HISEI
              ________      ________      ________
 EXT_SOI        0.050
 ACA_ABI        0.016         0.003
 HISEI         -0.036         0.038        -0.052


TECHNICAL 11 OUTPUT

     Random Starts Specifications for the k-1 Class Analysis Model
        Number of initial stage random starts                 400
        Number of final stage optimizations                   100



     VUONG-LO-MENDELL-RUBIN LIKELIHOOD RATIO TEST FOR 1 (H0) VERSUS 2 CLASSES

          H0 Loglikelihood Value                       -74279.250
          2 Times the Loglikelihood Difference           2111.924
          Difference in the Number of Parameters               16
          Mean                                             27.616
          Standard Deviation                               15.329
          P-Value                                          0.0000

     LO-MENDELL-RUBIN ADJUSTED LRT TEST

          Value                                          2096.792
          P-Value                                          0.0000


TECHNICAL 14 OUTPUT

     Random Starts Specifications for the k-1 Class Analysis Model
        Number of initial stage random starts                 400
        Number of final stage optimizations                   100

     Random Starts Specification for the k-1 Class Model for Generated Data
        Number of initial stage random starts                   0
        Number of final stage optimizations for the
           initial stage random starts                          0
     Random Starts Specification for the k Class Model for Generated Data
        Number of initial stage random starts                  40
        Number of final stage optimizations                     8
     Number of bootstrap draws requested                   Varies


     PARAMETRIC BOOTSTRAPPED LIKELIHOOD RATIO TEST FOR 1 (H0) VERSUS 2 CLASSES

          H0 Loglikelihood Value                       -74279.250
          2 Times the Loglikelihood Difference           2111.924
          Difference in the Number of Parameters               16
          Approximate P-Value                              0.0000
          Successful Bootstrap Draws                            5

     WARNING:  OF THE 5 BOOTSTRAP DRAWS, 4 DRAWS HAD BOTH A SMALLER LRT VALUE THAN THE
     OBSERVED LRT VALUE AND NOT A REPLICATED BEST LOGLIKELIHOOD VALUE FOR THE 2-CLASS MODEL.
     THIS MEANS THAT THE P-VALUE MAY NOT BE TRUSTWORTHY DUE TO LOCAL MAXIMA.
     INCREASE THE NUMBER OF RANDOM STARTS USING THE LRTSTARTS OPTION.



SAVEDATA INFORMATION


  Save file
    lca_bch_2class.dat

  Order and format of variables

    PAR_EDU        F10.3
    BIG_OPE        F10.3
    BIG_CON        F10.3
    BIG_EXT        F10.3
    BIG_AGR        F10.3
    BIG_NEU        F10.3
    INT_EDI        F10.3
    INT_SSI        F10.3
    INT_ABI        F10.3
    EXT_UTI        F10.3
    EXT_LOD        F10.3
    EXT_SOI        F10.3
    ACA_ABI        F10.3
    HISEI          F10.3
    STR_ACA_       F10.3
    NOR_ACA_       F10.3
    PEE_SOC_       F10.3
    FAC_SOC_       F10.3
    AGE            F10.3
    GENDER         F10.3
    DRO_OUT        F10.3
    BCHW1          F10.3
    BCHW2          F10.3
    ID_T           I8

  Save file format
    23F10.3 I8

  Save file record length    10000

  Save missing symbol        9999


DIAGRAM INFORMATION

  Mplus diagrams are currently not available for Mixture analysis.
  No diagram output was produced.


     Beginning Time:  10:12:24
        Ending Time:  10:13:26
       Elapsed Time:  00:01:02



MUTHEN & MUTHEN
3463 Stoner Ave.
Los Angeles, CA  90066

Tel: (310) 391-9971
Fax: (310) 391-8971
Web: www.StatModel.com
Support: Support@StatModel.com

Copyright (c) 1998-2023 Muthen & Muthen
