Mplus VERSION 8.10
MUTHEN & MUTHEN
07/24/2025  10:32 AM

INPUT INSTRUCTIONS

  Title: 3_class

  data:
    file is "S:\Temp\MPlus\data_lca_doomedtofail.csv";

  variable:
    names = ID_t
            big_ope big_con big_ext big_agr big_neu
            int_edi int_ssi int_abi ext_uti ext_lod ext_soi
            aca_abi
            par_edu hisei
            str_aca_int nor_aca_int pee_soc_int fac_soc_int
            dro_int dro_out;
    missing = all(-99);
    idvariable = ID_t;

    usevariables = big_ope big_con big_ext big_agr big_neu
                   int_edi int_ssi int_abi ext_uti ext_lod ext_soi
                   aca_abi
                   par_edu hisei;
    auxiliary = str_aca_int nor_aca_int pee_soc_int fac_soc_int
                dro_int dro_out;

    classes = C (3);
    categorical = par_edu;

  define:
    standardize big_ope big_con big_ext big_agr big_neu
                int_edi int_ssi int_abi ext_uti ext_lod ext_soi
                aca_abi hisei;

  analysis:
    type = mixture;
    estimator = mlr;
    starts 400 100;
    process = 4;

  model:
    %c#1%
    [big_ope*];
    [big_con*];
    [big_ext*];
    [big_agr*];
    [big_neu*];
    [int_edi*];
    [int_ssi*];
    [int_abi*];
    [ext_uti*];
    [ext_lod*];
    [ext_soi*];
    [aca_abi*];
    [hisei*];

    %c#2%
    [big_ope*];
    [big_con*];
    [big_ext*];
    [big_agr*];
    [big_neu*];
    [int_edi*];
    [int_ssi*];
    [int_abi*];
    [ext_uti*];
    [ext_lod*];
    [ext_soi*];
    [aca_abi*];
    [hisei*];

    %c#3%
    [big_ope*];
    [big_con*];
    [big_ext*];
    [big_agr*];
    [big_neu*];
    [int_edi*];
    [int_ssi*];
    [int_abi*];
    [ext_uti*];
    [ext_lod*];
    [ext_soi*];
    [aca_abi*];
    [hisei*];

  output:
    residual;
    Tech14;
    Tech11;
    sampstat;

  savedata:
    save =  cprob;
    missflag = 9999;
    file = lca_cprob_3class.dat;




*** WARNING in MODEL command
  All variables are uncorrelated with all other variables within class.
  Check that this is what is intended.
*** WARNING
  Data set contains cases with missing on all variables.
  These cases were not included in the analysis.
  Number of cases with missing on all variables:  3
   2 WARNING(S) FOUND IN THE INPUT INSTRUCTIONS



3_class

SUMMARY OF ANALYSIS

Number of groups                                                 1
Number of observations                                        5772

Number of dependent variables                                   14
Number of independent variables                                  0
Number of continuous latent variables                            0
Number of categorical latent variables                           1

Observed dependent variables

  Continuous
   BIG_OPE     BIG_CON     BIG_EXT     BIG_AGR     BIG_NEU     INT_EDI
   INT_SSI     INT_ABI     EXT_UTI     EXT_LOD     EXT_SOI     ACA_ABI
   HISEI

  Binary and ordered categorical (ordinal)
   PAR_EDU

Observed auxiliary variables
   STR_ACA_IN  NOR_ACA_IN  PEE_SOC_IN  FAC_SOC_IN  DRO_INT     DRO_OUT

Categorical latent variables
   C

Variables with special functions

  ID variable           ID_T

Estimator                                                      MLR
Information matrix                                        OBSERVED
Optimization Specifications for the Quasi-Newton Algorithm for
Continuous Outcomes
  Maximum number of iterations                                 100
  Convergence criterion                                  0.100D-05
Optimization Specifications for the EM Algorithm
  Maximum number of iterations                                 500
  Convergence criteria
    Loglikelihood change                                 0.100D-06
    Relative loglikelihood change                        0.100D-06
    Derivative                                           0.100D-05
Optimization Specifications for the M step of the EM Algorithm for
Categorical Latent variables
  Number of M step iterations                                    1
  M step convergence criterion                           0.100D-05
  Basis for M step termination                           ITERATION
Optimization Specifications for the M step of the EM Algorithm for
Censored, Binary or Ordered Categorical (Ordinal), Unordered
Categorical (Nominal) and Count Outcomes
  Number of M step iterations                                    1
  M step convergence criterion                           0.100D-05
  Basis for M step termination                           ITERATION
  Maximum value for logit thresholds                            15
  Minimum value for logit thresholds                           -15
  Minimum expected cell size for chi-square              0.100D-01
Maximum number of iterations for H1                           2000
Convergence criterion for H1                             0.100D-03
Optimization algorithm                                         EMA
Random Starts Specifications
  Number of initial stage random starts                        400
  Number of final stage optimizations                          100
  Number of initial stage iterations                            10
  Initial stage convergence criterion                    0.100D+01
  Random starts scale                                    0.500D+01
  Random seed for generating random starts                       0
Link                                                         LOGIT

Input data file(s)
  S:\Temp\MPlus\data_lca_doomedtofail.csv
Input data format  FREE


SUMMARY OF DATA

     Number of missing data patterns            26
     Number of y missing data patterns          16
     Number of u missing data patterns           2


COVARIANCE COVERAGE OF DATA

Minimum covariance coverage value   0.100


     PROPORTION OF DATA PRESENT


           Covariance Coverage
              PAR_EDU       BIG_OPE       BIG_CON       BIG_EXT       BIG_AGR
              ________      ________      ________      ________      ________
 PAR_EDU        0.976
 BIG_OPE        0.805         0.825
 BIG_CON        0.805         0.825         0.825
 BIG_EXT        0.805         0.825         0.825         0.825
 BIG_AGR        0.805         0.825         0.825         0.825         0.825
 BIG_NEU        0.805         0.825         0.825         0.825         0.825
 INT_EDI        0.445         0.442         0.442         0.442         0.442
 INT_SSI        0.445         0.442         0.442         0.442         0.442
 INT_ABI        0.445         0.442         0.442         0.442         0.442
 EXT_UTI        0.445         0.442         0.442         0.442         0.442
 EXT_LOD        0.445         0.442         0.442         0.442         0.442
 EXT_SOI        0.445         0.442         0.442         0.442         0.442
 ACA_ABI        0.937         0.791         0.791         0.791         0.791
 HISEI          0.597         0.500         0.500         0.500         0.500


           Covariance Coverage
              BIG_NEU       INT_EDI       INT_SSI       INT_ABI       EXT_UTI
              ________      ________      ________      ________      ________
 BIG_NEU        0.825
 INT_EDI        0.442         0.454
 INT_SSI        0.442         0.454         0.454
 INT_ABI        0.442         0.454         0.454         0.454
 EXT_UTI        0.442         0.454         0.454         0.454         0.454
 EXT_LOD        0.442         0.454         0.454         0.454         0.454
 EXT_SOI        0.442         0.454         0.454         0.454         0.454
 ACA_ABI        0.791         0.441         0.441         0.441         0.441
 HISEI          0.500         0.276         0.276         0.276         0.276


           Covariance Coverage
              EXT_LOD       EXT_SOI       ACA_ABI       HISEI
              ________      ________      ________      ________
 EXT_LOD        0.454
 EXT_SOI        0.454         0.454
 ACA_ABI        0.441         0.441         0.959
 HISEI          0.276         0.276         0.581         0.602


     PROPORTION OF DATA PRESENT FOR U


           Covariance Coverage
              PAR_EDU
              ________
 PAR_EDU        0.976


     PROPORTION OF DATA PRESENT FOR Y


           Covariance Coverage
              BIG_OPE       BIG_CON       BIG_EXT       BIG_AGR       BIG_NEU
              ________      ________      ________      ________      ________
 BIG_OPE        0.825
 BIG_CON        0.825         0.825
 BIG_EXT        0.825         0.825         0.825
 BIG_AGR        0.825         0.825         0.825         0.825
 BIG_NEU        0.825         0.825         0.825         0.825         0.825
 INT_EDI        0.442         0.442         0.442         0.442         0.442
 INT_SSI        0.442         0.442         0.442         0.442         0.442
 INT_ABI        0.442         0.442         0.442         0.442         0.442
 EXT_UTI        0.442         0.442         0.442         0.442         0.442
 EXT_LOD        0.442         0.442         0.442         0.442         0.442
 EXT_SOI        0.442         0.442         0.442         0.442         0.442
 ACA_ABI        0.791         0.791         0.791         0.791         0.791
 HISEI          0.500         0.500         0.500         0.500         0.500


           Covariance Coverage
              INT_EDI       INT_SSI       INT_ABI       EXT_UTI       EXT_LOD
              ________      ________      ________      ________      ________
 INT_EDI        0.454
 INT_SSI        0.454         0.454
 INT_ABI        0.454         0.454         0.454
 EXT_UTI        0.454         0.454         0.454         0.454
 EXT_LOD        0.454         0.454         0.454         0.454         0.454
 EXT_SOI        0.454         0.454         0.454         0.454         0.454
 ACA_ABI        0.441         0.441         0.441         0.441         0.441
 HISEI          0.276         0.276         0.276         0.276         0.276


           Covariance Coverage
              EXT_SOI       ACA_ABI       HISEI
              ________      ________      ________
 EXT_SOI        0.454
 ACA_ABI        0.441         0.959
 HISEI          0.276         0.581         0.602


UNIVARIATE PROPORTIONS AND COUNTS FOR CATEGORICAL VARIABLES

    PAR_EDU
      Category 1    0.583         3284.000
      Category 2    0.260         1465.000
      Category 3    0.157          882.000


SAMPLE STATISTICS


     ESTIMATED SAMPLE STATISTICS


           Means
              BIG_OPE       BIG_CON       BIG_EXT       BIG_AGR       BIG_NEU
              ________      ________      ________      ________      ________
               -0.002        -0.007         0.001         0.001        -0.001


           Means
              INT_EDI       INT_SSI       INT_ABI       EXT_UTI       EXT_LOD
              ________      ________      ________      ________      ________
                0.000        -0.020        -0.015         0.010         0.026


           Means
              EXT_SOI       ACA_ABI       HISEI
              ________      ________      ________
               -0.001         0.000        -0.004


           Covariances
              BIG_OPE       BIG_CON       BIG_EXT       BIG_AGR       BIG_NEU
              ________      ________      ________      ________      ________
 BIG_OPE        1.000
 BIG_CON        0.055         1.001
 BIG_EXT        0.100         0.060         1.000
 BIG_AGR        0.106         0.103         0.010         1.000
 BIG_NEU        0.009         0.084        -0.220         0.032         1.000
 INT_EDI        0.114         0.084         0.113         0.164        -0.022
 INT_SSI        0.098         0.072         0.033        -0.045        -0.017
 INT_ABI        0.113         0.106         0.085         0.035        -0.086
 EXT_UTI       -0.026        -0.043         0.034        -0.020         0.010
 EXT_LOD       -0.081        -0.172        -0.053        -0.045         0.030
 EXT_SOI       -0.006        -0.057         0.014        -0.004         0.051
 ACA_ABI        0.045         0.206        -0.043        -0.024         0.043
 HISEI          0.077        -0.028         0.047         0.020        -0.034


           Covariances
              INT_EDI       INT_SSI       INT_ABI       EXT_UTI       EXT_LOD
              ________      ________      ________      ________      ________
 INT_EDI        1.001
 INT_SSI        0.108         1.003
 INT_ABI        0.295         0.290         1.002
 EXT_UTI       -0.001         0.100         0.062         1.000
 EXT_LOD       -0.134        -0.027        -0.093         0.246         1.004
 EXT_SOI       -0.019         0.083         0.099         0.310         0.371
 ACA_ABI       -0.013         0.159         0.115        -0.059        -0.176
 HISEI          0.035        -0.003         0.002         0.029        -0.006


           Covariances
              EXT_SOI       ACA_ABI       HISEI
              ________      ________      ________
 EXT_SOI        1.000
 ACA_ABI        0.002         1.000
 HISEI          0.098         0.105         1.000


           Correlations
              BIG_OPE       BIG_CON       BIG_EXT       BIG_AGR       BIG_NEU
              ________      ________      ________      ________      ________
 BIG_OPE        1.000
 BIG_CON        0.055         1.000
 BIG_EXT        0.100         0.060         1.000
 BIG_AGR        0.106         0.103         0.010         1.000
 BIG_NEU        0.009         0.084        -0.220         0.032         1.000
 INT_EDI        0.114         0.084         0.113         0.164        -0.022
 INT_SSI        0.098         0.072         0.033        -0.045        -0.017
 INT_ABI        0.113         0.106         0.085         0.035        -0.086
 EXT_UTI       -0.026        -0.043         0.034        -0.020         0.010
 EXT_LOD       -0.081        -0.171        -0.052        -0.045         0.030
 EXT_SOI       -0.006        -0.057         0.014        -0.004         0.051
 ACA_ABI        0.045         0.206        -0.043        -0.024         0.043
 HISEI          0.077        -0.028         0.047         0.020        -0.034


           Correlations
              INT_EDI       INT_SSI       INT_ABI       EXT_UTI       EXT_LOD
              ________      ________      ________      ________      ________
 INT_EDI        1.000
 INT_SSI        0.108         1.000
 INT_ABI        0.294         0.289         1.000
 EXT_UTI       -0.001         0.100         0.062         1.000
 EXT_LOD       -0.134        -0.027        -0.093         0.246         1.000
 EXT_SOI       -0.019         0.083         0.098         0.310         0.371
 ACA_ABI       -0.013         0.159         0.115        -0.059        -0.176
 HISEI          0.035        -0.003         0.002         0.029        -0.006


           Correlations
              EXT_SOI       ACA_ABI       HISEI
              ________      ________      ________
 EXT_SOI        1.000
 ACA_ABI        0.002         1.000
 HISEI          0.098         0.105         1.000


     MAXIMUM LOG-LIKELIHOOD VALUE FOR THE UNRESTRICTED (H1) MODEL IS -67628.490


UNIVARIATE SAMPLE STATISTICS


     UNIVARIATE HIGHER-ORDER MOMENT DESCRIPTIVE STATISTICS

         Variable/         Mean/     Skewness/   Minimum/ % with                Percentiles
        Sample Size      Variance    Kurtosis    Maximum  Min/Max      20%/60%    40%/80%    Median

     BIG_OPE               0.000      -0.388      -3.070    0.15%      -0.782     -0.209      0.363
            4763.000       1.000      -0.544       1.507   11.25%       0.363      0.935
     BIG_CON               0.000      -0.379      -3.752    0.04%      -1.125     -0.468      0.189
            4763.000       1.000      -0.294       1.502   13.60%       0.189      0.846
     BIG_EXT               0.000      -0.479      -3.619    0.02%      -1.097      0.164      0.164
            4763.000       1.000      -0.319       1.425   14.61%       0.164      0.794
     BIG_AGR               0.000      -0.322      -3.870    0.15%      -0.710     -0.078     -0.078
            4763.000       1.000       0.267       2.450    0.92%       0.554      0.554
     BIG_NEU               0.000       0.206      -2.171    2.71%      -0.912     -0.282     -0.282
            4763.000       1.000      -0.108       2.866    0.82%       0.347      0.977
     INT_EDI               0.000      -0.873      -4.105    0.34%      -0.633     -0.054     -0.054
            2623.000       1.000       0.680       1.103   27.41%       0.524      1.103
     INT_SSI               0.000      -0.561      -3.127    1.03%      -0.579     -0.069     -0.069
            2623.000       1.000       0.157       1.460   12.73%       0.441      0.950
     INT_ABI               0.000      -0.423      -4.418    0.08%      -1.117     -0.457      0.203
            2623.000       1.000       0.058       1.524   12.66%       0.203      0.863
     EXT_UTI               0.000      -0.456      -2.965    0.69%      -0.760     -0.130      0.185
            2623.000       1.000      -0.050       1.760    3.96%       0.185      0.815
     EXT_LOD               0.000       1.355      -0.801   46.59%      -0.801     -0.801     -0.189
            2623.000       1.000       1.694       4.705    0.19%      -0.189      1.034
     EXT_SOI               0.000       0.558      -1.284   18.91%      -0.792     -0.300     -0.300
            2623.000       1.000      -0.231       3.144    0.65%       0.192      0.684
     ACA_ABI               0.000      -0.044      -2.789    0.02%      -0.878     -0.357     -0.010
            5533.000       1.000      -0.595       2.248    0.96%       0.338      0.859
     HISEI                 0.000      -0.119      -1.925    0.23%      -1.156     -0.271      0.054
            3472.000       1.000      -1.343       1.613    0.17%       0.425      1.049

RANDOM STARTS RESULTS RANKED FROM THE BEST TO THE WORST LOGLIKELIHOOD VALUES

Final stage loglikelihood values at local maxima, seeds, and initial stage start numbers:

          -72780.130  282464           283
          -72780.130  347515           24
          -72780.130  61587            400
          -72780.130  488125           368
          -72780.130  264081           186
          -72780.130  629320           222
          -72780.130  360419           356
          -72780.130  813779           92
          -72780.130  836066           372
          -72780.130  246575           291
          -72780.130  440841           118
          -72780.130  987090           70
          -72780.130  802779           122
          -72780.130  948615           140
          -72780.130  422103           62
          -72780.130  945065           255
          -72780.130  170118           238
          -72780.130  848163           47
          -72780.130  92689            304
          -72780.130  146900           391
          -72780.130  259507           53
          -72780.130  170954           86
          -72780.130  848969           173
          -72780.130  70118            104
          -72780.130  963053           43
          -72780.130  846194           93
          -72780.130  188498           258
          -72780.130  120506           45
          -72780.130  545140           278
          -72780.130  415502           194
          -72780.130  369602           146
          -72780.130  957392           79
          -72780.130  165853           105
          -72780.130  926283           269
          -72780.130  535804           111
          -72780.130  544048           87
          -72780.130  153942           31
          -72780.130  437181           135
          -72780.130  791396           243
          -72780.130  595153           230
          -72780.130  692169           308
          -72780.130  794236           127
          -72780.130  512836           289

57 perturbed starting value run(s) did not converge or were rejected in the third stage.



THE BEST LOGLIKELIHOOD VALUE HAS BEEN REPLICATED.  RERUN WITH AT LEAST TWICE THE
RANDOM STARTS TO CHECK THAT THE BEST LOGLIKELIHOOD IS STILL OBTAINED AND REPLICATED.


THE MODEL ESTIMATION TERMINATED NORMALLY



MODEL FIT INFORMATION

Number of Free Parameters                       60

Loglikelihood

          H0 Value                      -72780.130
          H0 Scaling Correction Factor      1.1910
            for MLR

Information Criteria

          Akaike (AIC)                  145680.259
          Bayesian (BIC)                146079.906
          Sample-Size Adjusted BIC      145889.243
            (n* = (n + 2) / 24)

Chi-Square Test of Model Fit for the Binary and Ordered Categorical
(Ordinal) Outcomes

          Pearson Chi-Square

          Value                              0.008
          Degrees of freedom cannot be computed for this model part.

          Likelihood Ratio Chi-Square

          Value                              0.008
          Degrees of freedom cannot be computed for this model part.

Chi-Square Test for MCAR under the Unrestricted Latent Class Indicator Model

          Pearson Chi-Square

          Value                              0.000
          Degrees of Freedom                     0
          P-Value                           1.0000

          Likelihood Ratio Chi-Square

          Value                              0.000
          Degrees of Freedom                     0
          P-Value                           1.0000



FINAL CLASS COUNTS AND PROPORTIONS FOR THE LATENT CLASSES
BASED ON THE ESTIMATED MODEL

    Latent
   Classes

       1        995.58822          0.17249
       2       2548.85193          0.44159
       3       2227.55985          0.38593


FINAL CLASS COUNTS AND PROPORTIONS FOR THE LATENT CLASSES
BASED ON ESTIMATED POSTERIOR PROBABILITIES

    Latent
   Classes

       1        995.58822          0.17249
       2       2548.85193          0.44159
       3       2227.55985          0.38593


FINAL CLASS COUNTS AND PROPORTIONS FOR THE LATENT CLASSES
BASED ON THEIR MOST LIKELY LATENT CLASS MEMBERSHIP

Class Counts and Proportions

    Latent
   Classes

       1              774          0.13410
       2             2801          0.48527
       3             2197          0.38063


CLASSIFICATION QUALITY

     Entropy                         0.600


Average Latent Class Probabilities for Most Likely Latent Class Membership (Row)
by Latent Class (Column)

           1        2        3

    1   0.752    0.124    0.124
    2   0.084    0.813    0.103
    3   0.081    0.080    0.839


Classification Probabilities for the Most Likely Latent Class Membership (Column)
by Latent Class (Row)

           1        2        3

    1   0.584    0.236    0.179
    2   0.038    0.894    0.069
    3   0.043    0.129    0.828


Logits for the Classification Probabilities for the Most Likely Latent Class Membership (Column)
by Latent Class (Row)

              1        2        3

    1      1.182    0.276    0.000
    2     -0.602    2.566    0.000
    3     -2.951   -1.857    0.000


MODEL RESULTS

                                                    Two-Tailed
                    Estimate       S.E.  Est./S.E.    P-Value

Latent Class 1

 Means
    BIG_OPE           -0.237      0.052     -4.565      0.000
    BIG_CON           -0.520      0.061     -8.549      0.000
    BIG_EXT           -0.155      0.058     -2.689      0.007
    BIG_AGR           -0.204      0.054     -3.757      0.000
    BIG_NEU           -0.020      0.055     -0.358      0.720
    INT_EDI           -0.291      0.061     -4.810      0.000
    INT_SSI           -0.115      0.049     -2.329      0.020
    INT_ABI           -0.214      0.061     -3.519      0.000
    EXT_UTI            0.469      0.043     10.894      0.000
    EXT_LOD            1.647      0.079     20.840      0.000
    EXT_SOI            0.739      0.060     12.394      0.000
    ACA_ABI           -0.432      0.048     -8.975      0.000
    HISEI              0.130      0.140      0.931      0.352

 Thresholds
    PAR_EDU$1          0.459      0.176      2.612      0.009
    PAR_EDU$2          1.849      0.211      8.763      0.000

 Variances
    BIG_OPE            0.981      0.018     54.325      0.000
    BIG_CON            0.944      0.020     47.412      0.000
    BIG_EXT            0.993      0.019     52.704      0.000
    BIG_AGR            0.991      0.022     45.984      0.000
    BIG_NEU            0.999      0.020     50.188      0.000
    INT_EDI            0.979      0.032     30.359      0.000
    INT_SSI            0.996      0.029     34.657      0.000
    INT_ABI            0.986      0.028     35.183      0.000
    EXT_UTI            0.952      0.026     36.386      0.000
    EXT_LOD            0.446      0.030     14.901      0.000
    EXT_SOI            0.866      0.026     32.788      0.000
    ACA_ABI            0.942      0.017     55.335      0.000
    HISEI              0.294      0.016     18.252      0.000

Latent Class 2

 Means
    BIG_OPE           -0.043      0.027     -1.590      0.112
    BIG_CON            0.130      0.030      4.394      0.000
    BIG_EXT           -0.018      0.027     -0.659      0.510
    BIG_AGR            0.013      0.027      0.499      0.618
    BIG_NEU            0.042      0.027      1.545      0.122
    INT_EDI           -0.003      0.037     -0.069      0.945
    INT_SSI           -0.009      0.039     -0.240      0.810
    INT_ABI           -0.032      0.039     -0.819      0.413
    EXT_UTI           -0.154      0.040     -3.858      0.000
    EXT_LOD           -0.354      0.035    -10.054      0.000
    EXT_SOI           -0.310      0.039     -7.877      0.000
    ACA_ABI           -0.053      0.027     -2.006      0.045
    HISEI             -0.907      0.025    -36.464      0.000

 Thresholds
    PAR_EDU$1          1.824      0.082     22.303      0.000
    PAR_EDU$2          4.437      0.261     17.027      0.000

 Variances
    BIG_OPE            0.981      0.018     54.325      0.000
    BIG_CON            0.944      0.020     47.412      0.000
    BIG_EXT            0.993      0.019     52.704      0.000
    BIG_AGR            0.991      0.022     45.984      0.000
    BIG_NEU            0.999      0.020     50.188      0.000
    INT_EDI            0.979      0.032     30.359      0.000
    INT_SSI            0.996      0.029     34.657      0.000
    INT_ABI            0.986      0.028     35.183      0.000
    EXT_UTI            0.952      0.026     36.386      0.000
    EXT_LOD            0.446      0.030     14.901      0.000
    EXT_SOI            0.866      0.026     32.788      0.000
    ACA_ABI            0.942      0.017     55.335      0.000
    HISEI              0.294      0.016     18.252      0.000

Latent Class 3

 Means
    BIG_OPE            0.152      0.033      4.668      0.000
    BIG_CON            0.082      0.035      2.343      0.019
    BIG_EXT            0.088      0.030      2.955      0.003
    BIG_AGR            0.075      0.028      2.688      0.007
    BIG_NEU           -0.038      0.028     -1.381      0.167
    INT_EDI            0.125      0.042      2.993      0.003
    INT_SSI            0.058      0.039      1.473      0.141
    INT_ABI            0.123      0.043      2.862      0.004
    EXT_UTI           -0.034      0.043     -0.802      0.422
    EXT_LOD           -0.316      0.045     -7.021      0.000
    EXT_SOI            0.017      0.044      0.388      0.698
    ACA_ABI            0.252      0.037      6.856      0.000
    HISEI              0.927      0.015     59.919      0.000

 Thresholds
    PAR_EDU$1         -1.080      0.092    -11.705      0.000
    PAR_EDU$2          0.704      0.060     11.824      0.000

 Variances
    BIG_OPE            0.981      0.018     54.325      0.000
    BIG_CON            0.944      0.020     47.412      0.000
    BIG_EXT            0.993      0.019     52.704      0.000
    BIG_AGR            0.991      0.022     45.984      0.000
    BIG_NEU            0.999      0.020     50.188      0.000
    INT_EDI            0.979      0.032     30.359      0.000
    INT_SSI            0.996      0.029     34.657      0.000
    INT_ABI            0.986      0.028     35.183      0.000
    EXT_UTI            0.952      0.026     36.386      0.000
    EXT_LOD            0.446      0.030     14.901      0.000
    EXT_SOI            0.866      0.026     32.788      0.000
    ACA_ABI            0.942      0.017     55.335      0.000
    HISEI              0.294      0.016     18.252      0.000

Categorical Latent Variables

 Means
    C#1               -0.805      0.118     -6.822      0.000
    C#2                0.135      0.081      1.658      0.097


QUALITY OF NUMERICAL RESULTS

     Condition Number for the Information Matrix              0.140E-03
       (ratio of smallest to largest eigenvalue)


RESULTS IN PROBABILITY SCALE

                                                    Two-Tailed
                    Estimate       S.E.  Est./S.E.    P-Value

Latent Class 1

 PAR_EDU
    Category 1         0.613      0.042     14.696      0.000
    Category 2         0.251      0.025      9.967      0.000
    Category 3         0.136      0.025      5.486      0.000

Latent Class 2

 PAR_EDU
    Category 1         0.861      0.010     87.995      0.000
    Category 2         0.127      0.009     13.700      0.000
    Category 3         0.012      0.003      3.883      0.000

Latent Class 3

 PAR_EDU
    Category 1         0.254      0.017     14.520      0.000
    Category 2         0.416      0.014     29.577      0.000
    Category 3         0.331      0.013     25.103      0.000


LATENT CLASS INDICATOR ODDS RATIOS FOR THE LATENT CLASSES

                                                95% C.I.
                    Estimate       S.E.  Lower 2.5% Upper 2.5%

Latent Class 1 Compared to Latent Class 2

 PAR_EDU
    Category > 1       3.915      0.750      2.689      5.701
    Category > 2      13.307      4.403      6.957     25.451

Latent Class 1 Compared to Latent Class 3

 PAR_EDU
    Category > 1       0.215      0.038      0.152      0.303
    Category > 2       0.318      0.068      0.210      0.483

Latent Class 2 Compared to Latent Class 3

 PAR_EDU
    Category > 1       0.055      0.007      0.042      0.071
    Category > 2       0.024      0.006      0.014      0.041


RESIDUAL OUTPUT


     ESTIMATED MODEL AND RESIDUALS (OBSERVED - ESTIMATED) FOR CLASS 1


           Model Estimated Means
              BIG_OPE       BIG_CON       BIG_EXT       BIG_AGR       BIG_NEU
              ________      ________      ________      ________      ________
               -0.237        -0.520        -0.155        -0.204        -0.020


           Model Estimated Means
              INT_EDI       INT_SSI       INT_ABI       EXT_UTI       EXT_LOD
              ________      ________      ________      ________      ________
               -0.291        -0.115        -0.214         0.469         1.647


           Model Estimated Means
              EXT_SOI       ACA_ABI       HISEI
              ________      ________      ________
                0.739        -0.432         0.130


           Residuals for Means
              BIG_OPE       BIG_CON       BIG_EXT       BIG_AGR       BIG_NEU
              ________      ________      ________      ________      ________
                0.000         0.000         0.000         0.000         0.000


           Residuals for Means
              INT_EDI       INT_SSI       INT_ABI       EXT_UTI       EXT_LOD
              ________      ________      ________      ________      ________
                0.000         0.000         0.000         0.000         0.000


           Residuals for Means
              EXT_SOI       ACA_ABI       HISEI
              ________      ________      ________
                0.000         0.000         0.000


           Model Estimated Covariances
              BIG_OPE       BIG_CON       BIG_EXT       BIG_AGR       BIG_NEU
              ________      ________      ________      ________      ________
 BIG_OPE        0.981
 BIG_CON        0.000         0.944
 BIG_EXT        0.000         0.000         0.993
 BIG_AGR        0.000         0.000         0.000         0.991
 BIG_NEU        0.000         0.000         0.000         0.000         0.999
 INT_EDI        0.000         0.000         0.000         0.000         0.000
 INT_SSI        0.000         0.000         0.000         0.000         0.000
 INT_ABI        0.000         0.000         0.000         0.000         0.000
 EXT_UTI        0.000         0.000         0.000         0.000         0.000
 EXT_LOD        0.000         0.000         0.000         0.000         0.000
 EXT_SOI        0.000         0.000         0.000         0.000         0.000
 ACA_ABI        0.000         0.000         0.000         0.000         0.000
 HISEI          0.000         0.000         0.000         0.000         0.000


           Model Estimated Covariances
              INT_EDI       INT_SSI       INT_ABI       EXT_UTI       EXT_LOD
              ________      ________      ________      ________      ________
 INT_EDI        0.979
 INT_SSI        0.000         0.996
 INT_ABI        0.000         0.000         0.986
 EXT_UTI        0.000         0.000         0.000         0.952
 EXT_LOD        0.000         0.000         0.000         0.000         0.446
 EXT_SOI        0.000         0.000         0.000         0.000         0.000
 ACA_ABI        0.000         0.000         0.000         0.000         0.000
 HISEI          0.000         0.000         0.000         0.000         0.000


           Model Estimated Covariances
              EXT_SOI       ACA_ABI       HISEI
              ________      ________      ________
 EXT_SOI        0.866
 ACA_ABI        0.000         0.942
 HISEI          0.000         0.000         0.294


           Residuals for Covariances
              BIG_OPE       BIG_CON       BIG_EXT       BIG_AGR       BIG_NEU
              ________      ________      ________      ________      ________
 BIG_OPE        0.066
 BIG_CON        0.014         0.131
 BIG_EXT        0.055         0.087         0.075
 BIG_AGR        0.102         0.108        -0.027         0.086
 BIG_NEU        0.044         0.113        -0.270         0.060         0.043
 INT_EDI        0.026        -0.006         0.124         0.159        -0.105
 INT_SSI        0.042         0.029         0.054        -0.070        -0.039
 INT_ABI        0.105         0.017         0.129         0.030        -0.151
 EXT_UTI        0.051         0.077         0.052        -0.036         0.050
 EXT_LOD        0.106         0.182        -0.097         0.160         0.173
 EXT_SOI        0.158         0.154        -0.048         0.106         0.146
 ACA_ABI       -0.025         0.129        -0.069        -0.041         0.067
 HISEI          0.037         0.021         0.012         0.033        -0.012


           Residuals for Covariances
              INT_EDI       INT_SSI       INT_ABI       EXT_UTI       EXT_LOD
              ________      ________      ________      ________      ________
 INT_EDI        0.067
 INT_SSI        0.169        -0.146
 INT_ABI        0.373         0.309         0.065
 EXT_UTI        0.134         0.141         0.171        -0.332
 EXT_LOD       -0.054         0.077         0.008         0.045         0.302
 EXT_SOI        0.121         0.061         0.234         0.175         0.017
 ACA_ABI       -0.193         0.064        -0.034         0.092         0.283
 HISEI         -0.070        -0.065        -0.087        -0.101        -0.121


           Residuals for Covariances
              EXT_SOI       ACA_ABI       HISEI
              ________      ________      ________
 EXT_SOI        0.145
 ACA_ABI        0.205        -0.055
 HISEI         -0.083         0.014         0.227


     ESTIMATED MODEL AND RESIDUALS (OBSERVED - ESTIMATED) FOR CLASS 2


           Model Estimated Means
              BIG_OPE       BIG_CON       BIG_EXT       BIG_AGR       BIG_NEU
              ________      ________      ________      ________      ________
               -0.043         0.130        -0.018         0.013         0.042


           Model Estimated Means
              INT_EDI       INT_SSI       INT_ABI       EXT_UTI       EXT_LOD
              ________      ________      ________      ________      ________
               -0.003        -0.009        -0.032        -0.154        -0.354


           Model Estimated Means
              EXT_SOI       ACA_ABI       HISEI
              ________      ________      ________
               -0.310        -0.053        -0.907


           Residuals for Means
              BIG_OPE       BIG_CON       BIG_EXT       BIG_AGR       BIG_NEU
              ________      ________      ________      ________      ________
                0.000         0.000         0.000         0.000         0.000


           Residuals for Means
              INT_EDI       INT_SSI       INT_ABI       EXT_UTI       EXT_LOD
              ________      ________      ________      ________      ________
                0.000         0.000         0.000         0.000         0.000


           Residuals for Means
              EXT_SOI       ACA_ABI       HISEI
              ________      ________      ________
                0.000         0.000         0.000


           Model Estimated Covariances
              BIG_OPE       BIG_CON       BIG_EXT       BIG_AGR       BIG_NEU
              ________      ________      ________      ________      ________
 BIG_OPE        0.981
 BIG_CON        0.000         0.944
 BIG_EXT        0.000         0.000         0.993
 BIG_AGR        0.000         0.000         0.000         0.991
 BIG_NEU        0.000         0.000         0.000         0.000         0.999
 INT_EDI        0.000         0.000         0.000         0.000         0.000
 INT_SSI        0.000         0.000         0.000         0.000         0.000
 INT_ABI        0.000         0.000         0.000         0.000         0.000
 EXT_UTI        0.000         0.000         0.000         0.000         0.000
 EXT_LOD        0.000         0.000         0.000         0.000         0.000
 EXT_SOI        0.000         0.000         0.000         0.000         0.000
 ACA_ABI        0.000         0.000         0.000         0.000         0.000
 HISEI          0.000         0.000         0.000         0.000         0.000


           Model Estimated Covariances
              INT_EDI       INT_SSI       INT_ABI       EXT_UTI       EXT_LOD
              ________      ________      ________      ________      ________
 INT_EDI        0.979
 INT_SSI        0.000         0.996
 INT_ABI        0.000         0.000         0.986
 EXT_UTI        0.000         0.000         0.000         0.952
 EXT_LOD        0.000         0.000         0.000         0.000         0.446
 EXT_SOI        0.000         0.000         0.000         0.000         0.000
 ACA_ABI        0.000         0.000         0.000         0.000         0.000
 HISEI          0.000         0.000         0.000         0.000         0.000


           Model Estimated Covariances
              EXT_SOI       ACA_ABI       HISEI
              ________      ________      ________
 EXT_SOI        0.866
 ACA_ABI        0.000         0.942
 HISEI          0.000         0.000         0.294


           Residuals for Covariances
              BIG_OPE       BIG_CON       BIG_EXT       BIG_AGR       BIG_NEU
              ________      ________      ________      ________      ________
 BIG_OPE        0.022
 BIG_CON        0.028        -0.025
 BIG_EXT        0.097         0.026         0.014
 BIG_AGR        0.105         0.085         0.008         0.009
 BIG_NEU        0.012         0.071        -0.220         0.032         0.024
 INT_EDI        0.106         0.058         0.112         0.145         0.004
 INT_SSI        0.106         0.053         0.056        -0.066        -0.025
 INT_ABI        0.108         0.078         0.052         0.047        -0.091
 EXT_UTI        0.009        -0.006         0.063         0.008         0.006
 EXT_LOD       -0.011        -0.018         0.031         0.006         0.013
 EXT_SOI        0.016        -0.003         0.049         0.001         0.026
 ACA_ABI       -0.009         0.158        -0.080        -0.072         0.041
 HISEI          0.015         0.022        -0.003        -0.007         0.020


           Residuals for Covariances
              INT_EDI       INT_SSI       INT_ABI       EXT_UTI       EXT_LOD
              ________      ________      ________      ________      ________
 INT_EDI        0.050
 INT_SSI        0.089         0.096
 INT_ABI        0.259         0.277        -0.001
 EXT_UTI       -0.002         0.098         0.052         0.078
 EXT_LOD       -0.021         0.005        -0.034         0.094        -0.064
 EXT_SOI        0.014         0.102         0.098         0.225         0.134
 ACA_ABI       -0.057         0.146         0.081        -0.050        -0.089
 HISEI         -0.008        -0.051        -0.045        -0.015        -0.115


           Residuals for Covariances
              EXT_SOI       ACA_ABI       HISEI
              ________      ________      ________
 EXT_SOI       -0.103
 ACA_ABI       -0.023         0.020
 HISEI         -0.056        -0.015         0.008


     ESTIMATED MODEL AND RESIDUALS (OBSERVED - ESTIMATED) FOR CLASS 3


           Model Estimated Means
              BIG_OPE       BIG_CON       BIG_EXT       BIG_AGR       BIG_NEU
              ________      ________      ________      ________      ________
                0.152         0.082         0.088         0.075        -0.038


           Model Estimated Means
              INT_EDI       INT_SSI       INT_ABI       EXT_UTI       EXT_LOD
              ________      ________      ________      ________      ________
                0.125         0.058         0.123        -0.034        -0.316


           Model Estimated Means
              EXT_SOI       ACA_ABI       HISEI
              ________      ________      ________
                0.017         0.252         0.927


           Residuals for Means
              BIG_OPE       BIG_CON       BIG_EXT       BIG_AGR       BIG_NEU
              ________      ________      ________      ________      ________
                0.000         0.000         0.000         0.000         0.000


           Residuals for Means
              INT_EDI       INT_SSI       INT_ABI       EXT_UTI       EXT_LOD
              ________      ________      ________      ________      ________
                0.000         0.000         0.000         0.000         0.000


           Residuals for Means
              EXT_SOI       ACA_ABI       HISEI
              ________      ________      ________
                0.000         0.000         0.000


           Model Estimated Covariances
              BIG_OPE       BIG_CON       BIG_EXT       BIG_AGR       BIG_NEU
              ________      ________      ________      ________      ________
 BIG_OPE        0.981
 BIG_CON        0.000         0.944
 BIG_EXT        0.000         0.000         0.993
 BIG_AGR        0.000         0.000         0.000         0.991
 BIG_NEU        0.000         0.000         0.000         0.000         0.999
 INT_EDI        0.000         0.000         0.000         0.000         0.000
 INT_SSI        0.000         0.000         0.000         0.000         0.000
 INT_ABI        0.000         0.000         0.000         0.000         0.000
 EXT_UTI        0.000         0.000         0.000         0.000         0.000
 EXT_LOD        0.000         0.000         0.000         0.000         0.000
 EXT_SOI        0.000         0.000         0.000         0.000         0.000
 ACA_ABI        0.000         0.000         0.000         0.000         0.000
 HISEI          0.000         0.000         0.000         0.000         0.000


           Model Estimated Covariances
              INT_EDI       INT_SSI       INT_ABI       EXT_UTI       EXT_LOD
              ________      ________      ________      ________      ________
 INT_EDI        0.979
 INT_SSI        0.000         0.996
 INT_ABI        0.000         0.000         0.986
 EXT_UTI        0.000         0.000         0.000         0.952
 EXT_LOD        0.000         0.000         0.000         0.000         0.446
 EXT_SOI        0.000         0.000         0.000         0.000         0.000
 ACA_ABI        0.000         0.000         0.000         0.000         0.000
 HISEI          0.000         0.000         0.000         0.000         0.000


           Model Estimated Covariances
              EXT_SOI       ACA_ABI       HISEI
              ________      ________      ________
 EXT_SOI        0.866
 ACA_ABI        0.000         0.942
 HISEI          0.000         0.000         0.294


           Residuals for Covariances
              BIG_OPE       BIG_CON       BIG_EXT       BIG_AGR       BIG_NEU
              ________      ________      ________      ________      ________
 BIG_OPE       -0.054
 BIG_CON        0.043        -0.029
 BIG_EXT        0.092         0.047        -0.049
 BIG_AGR        0.077         0.066         0.008        -0.048
 BIG_NEU       -0.004         0.078        -0.196         0.019        -0.046
 INT_EDI        0.095         0.077         0.081         0.145        -0.003
 INT_SSI        0.072         0.069        -0.015        -0.024        -0.010
 INT_ABI        0.058         0.104         0.073        -0.005        -0.047
 EXT_UTI       -0.044        -0.003         0.025         0.007         0.007
 EXT_LOD       -0.019        -0.028         0.004        -0.012         0.009
 EXT_SOI       -0.036         0.007         0.044         0.016         0.048
 ACA_ABI        0.052         0.174        -0.039        -0.022         0.042
 HISEI         -0.004        -0.035         0.016        -0.003        -0.014


           Residuals for Covariances
              INT_EDI       INT_SSI       INT_ABI       EXT_UTI       EXT_LOD
              ________      ________      ________      ________      ________
 INT_EDI       -0.080
 INT_SSI        0.080        -0.040
 INT_ABI        0.256         0.272        -0.027
 EXT_UTI        0.006         0.110         0.071         0.057
 EXT_LOD       -0.045        -0.002        -0.016         0.097        -0.059
 EXT_SOI       -0.025         0.105         0.097         0.262         0.149
 ACA_ABI        0.023         0.149         0.123        -0.037        -0.069
 HISEI          0.017         0.027        -0.030        -0.017         0.041


           Residuals for Covariances
              EXT_SOI       ACA_ABI       HISEI
              ________      ________      ________
 EXT_SOI        0.048
 ACA_ABI        0.054         0.002
 HISEI         -0.017         0.002        -0.101


TECHNICAL 11 OUTPUT

     Random Starts Specifications for the k-1 Class Analysis Model
        Number of initial stage random starts                 400
        Number of final stage optimizations                   100



     VUONG-LO-MENDELL-RUBIN LIKELIHOOD RATIO TEST FOR 2 (H0) VERSUS 3 CLASSES

          H0 Loglikelihood Value                       -73223.288
          2 Times the Loglikelihood Difference            886.318
          Difference in the Number of Parameters               16
          Mean                                             85.281
          Standard Deviation                               75.783
          P-Value                                          0.0000

     LO-MENDELL-RUBIN ADJUSTED LRT TEST

          Value                                           879.967
          P-Value                                          0.0000


TECHNICAL 14 OUTPUT

     Random Starts Specifications for the k-1 Class Analysis Model
        Number of initial stage random starts                 400
        Number of final stage optimizations                   100

     Random Starts Specification for the k-1 Class Model for Generated Data
        Number of initial stage random starts                   0
        Number of final stage optimizations for the
           initial stage random starts                          0
     Random Starts Specification for the k Class Model for Generated Data
        Number of initial stage random starts                  40
        Number of final stage optimizations                     8
     Number of bootstrap draws requested                   Varies


     PARAMETRIC BOOTSTRAPPED LIKELIHOOD RATIO TEST FOR 2 (H0) VERSUS 3 CLASSES

          H0 Loglikelihood Value                       -73223.288
          2 Times the Loglikelihood Difference            886.318
          Difference in the Number of Parameters               16
          Approximate P-Value                              0.0000
          Successful Bootstrap Draws                            5


SAVEDATA INFORMATION


  Save file
    lca_cprob_3class.dat

  Order and format of variables

    PAR_EDU        F10.3
    BIG_OPE        F10.3
    BIG_CON        F10.3
    BIG_EXT        F10.3
    BIG_AGR        F10.3
    BIG_NEU        F10.3
    INT_EDI        F10.3
    INT_SSI        F10.3
    INT_ABI        F10.3
    EXT_UTI        F10.3
    EXT_LOD        F10.3
    EXT_SOI        F10.3
    ACA_ABI        F10.3
    HISEI          F10.3
    STR_ACA_       F10.3
    NOR_ACA_       F10.3
    PEE_SOC_       F10.3
    FAC_SOC_       F10.3
    DRO_INT        F10.3
    DRO_OUT        F10.3
    CPROB1         F10.3
    CPROB2         F10.3
    CPROB3         F10.3
    C              F10.3
    ID_T           I8

  Save file format
    24F10.3 I8

  Save file record length    10000

  Save missing symbol        9999


DIAGRAM INFORMATION

  Mplus diagrams are currently not available for Mixture analysis.
  No diagram output was produced.


     Beginning Time:  10:32:55
        Ending Time:  10:35:16
       Elapsed Time:  00:02:21



MUTHEN & MUTHEN
3463 Stoner Ave.
Los Angeles, CA  90066

Tel: (310) 391-9971
Fax: (310) 391-8971
Web: www.StatModel.com
Support: Support@StatModel.com

Copyright (c) 1998-2023 Muthen & Muthen
