Mplus VERSION 8.10
MUTHEN & MUTHEN
07/21/2025  10:45 AM

INPUT INSTRUCTIONS

  Title: 4_class

  data:
    file is "S:\Temp\MPlus\data_lca_doomedtofail.csv";

  variable:
    names = ID_t
            big_ope big_con big_ext big_agr big_neu
            int_edi int_ssi int_abi ext_uti ext_lod ext_soi
            aca_abi
            par_edu hisei
            str_aca_int nor_aca_int pee_soc_int fac_soc_int
            age gender dro_out;
    missing = all(-99);
    idvariable = ID_t;

    usevariables = big_ope big_con big_ext big_agr big_neu
                   int_edi int_ssi int_abi ext_uti ext_lod ext_soi
                   aca_abi
                   par_edu hisei;
    auxiliary = str_aca_int nor_aca_int pee_soc_int fac_soc_int
                age gender dro_out;

    classes = C (4);
    categorical = par_edu;

  define:
    standardize big_ope big_con big_ext big_agr big_neu
                int_edi int_ssi int_abi ext_uti ext_lod ext_soi
                aca_abi hisei;

  analysis:
    type = mixture;
    estimator = mlr;
    starts 400 100;
    process = 4;

  model:
    %c#1%
    [big_ope*];
    [big_con*];
    [big_ext*];
    [big_agr*];
    [big_neu*];
    [int_edi*];
    [int_ssi*];
    [int_abi*];
    [ext_uti*];
    [ext_lod*];
    [ext_soi*];
    [aca_abi*];
    [hisei*];

    %c#2%
    [big_ope*];
    [big_con*];
    [big_ext*];
    [big_agr*];
    [big_neu*];
    [int_edi*];
    [int_ssi*];
    [int_abi*];
    [ext_uti*];
    [ext_lod*];
    [ext_soi*];
    [aca_abi*];
    [hisei*];

    %c#3%
    [big_ope*];
    [big_con*];
    [big_ext*];
    [big_agr*];
    [big_neu*];
    [int_edi*];
    [int_ssi*];
    [int_abi*];
    [ext_uti*];
    [ext_lod*];
    [ext_soi*];
    [aca_abi*];
    [hisei*];

    %c#4%
    [big_ope*];
    [big_con*];
    [big_ext*];
    [big_agr*];
    [big_neu*];
    [int_edi*];
    [int_ssi*];
    [int_abi*];
    [ext_uti*];
    [ext_lod*];
    [ext_soi*];
    [aca_abi*];
    [hisei*];

  output:
    residual;
    Tech14;
    Tech11;
    sampstat;

  savedata:
    save =  bchweights;
    missflag = 9999;
    file = lca_bch_4class.dat;



*** WARNING in MODEL command
  All variables are uncorrelated with all other variables within class.
  Check that this is what is intended.
*** WARNING
  Data set contains cases with missing on all variables.
  These cases were not included in the analysis.
  Number of cases with missing on all variables:  3
   2 WARNING(S) FOUND IN THE INPUT INSTRUCTIONS



4_class

SUMMARY OF ANALYSIS

Number of groups                                                 1
Number of observations                                        5772

Number of dependent variables                                   14
Number of independent variables                                  0
Number of continuous latent variables                            0
Number of categorical latent variables                           1

Observed dependent variables

  Continuous
   BIG_OPE     BIG_CON     BIG_EXT     BIG_AGR     BIG_NEU     INT_EDI
   INT_SSI     INT_ABI     EXT_UTI     EXT_LOD     EXT_SOI     ACA_ABI
   HISEI

  Binary and ordered categorical (ordinal)
   PAR_EDU

Observed auxiliary variables
   STR_ACA_IN  NOR_ACA_IN  PEE_SOC_IN  FAC_SOC_IN  AGE         GENDER
   DRO_OUT

Categorical latent variables
   C

Variables with special functions

  ID variable           ID_T

Estimator                                                      MLR
Information matrix                                        OBSERVED
Optimization Specifications for the Quasi-Newton Algorithm for
Continuous Outcomes
  Maximum number of iterations                                 100
  Convergence criterion                                  0.100D-05
Optimization Specifications for the EM Algorithm
  Maximum number of iterations                                 500
  Convergence criteria
    Loglikelihood change                                 0.100D-06
    Relative loglikelihood change                        0.100D-06
    Derivative                                           0.100D-05
Optimization Specifications for the M step of the EM Algorithm for
Categorical Latent variables
  Number of M step iterations                                    1
  M step convergence criterion                           0.100D-05
  Basis for M step termination                           ITERATION
Optimization Specifications for the M step of the EM Algorithm for
Censored, Binary or Ordered Categorical (Ordinal), Unordered
Categorical (Nominal) and Count Outcomes
  Number of M step iterations                                    1
  M step convergence criterion                           0.100D-05
  Basis for M step termination                           ITERATION
  Maximum value for logit thresholds                            15
  Minimum value for logit thresholds                           -15
  Minimum expected cell size for chi-square              0.100D-01
Maximum number of iterations for H1                           2000
Convergence criterion for H1                             0.100D-03
Optimization algorithm                                         EMA
Random Starts Specifications
  Number of initial stage random starts                        400
  Number of final stage optimizations                          100
  Number of initial stage iterations                            10
  Initial stage convergence criterion                    0.100D+01
  Random starts scale                                    0.500D+01
  Random seed for generating random starts                       0
Link                                                         LOGIT

Input data file(s)
  S:\Temp\MPlus\data_lca_doomedtofail.csv
Input data format  FREE


SUMMARY OF DATA

     Number of missing data patterns            26
     Number of y missing data patterns          16
     Number of u missing data patterns           2


COVARIANCE COVERAGE OF DATA

Minimum covariance coverage value   0.100


     PROPORTION OF DATA PRESENT


           Covariance Coverage
              PAR_EDU       BIG_OPE       BIG_CON       BIG_EXT       BIG_AGR
              ________      ________      ________      ________      ________
 PAR_EDU        0.976
 BIG_OPE        0.805         0.825
 BIG_CON        0.805         0.825         0.825
 BIG_EXT        0.805         0.825         0.825         0.825
 BIG_AGR        0.805         0.825         0.825         0.825         0.825
 BIG_NEU        0.805         0.825         0.825         0.825         0.825
 INT_EDI        0.445         0.442         0.442         0.442         0.442
 INT_SSI        0.445         0.442         0.442         0.442         0.442
 INT_ABI        0.445         0.442         0.442         0.442         0.442
 EXT_UTI        0.445         0.442         0.442         0.442         0.442
 EXT_LOD        0.445         0.442         0.442         0.442         0.442
 EXT_SOI        0.445         0.442         0.442         0.442         0.442
 ACA_ABI        0.937         0.791         0.791         0.791         0.791
 HISEI          0.597         0.500         0.500         0.500         0.500


           Covariance Coverage
              BIG_NEU       INT_EDI       INT_SSI       INT_ABI       EXT_UTI
              ________      ________      ________      ________      ________
 BIG_NEU        0.825
 INT_EDI        0.442         0.454
 INT_SSI        0.442         0.454         0.454
 INT_ABI        0.442         0.454         0.454         0.454
 EXT_UTI        0.442         0.454         0.454         0.454         0.454
 EXT_LOD        0.442         0.454         0.454         0.454         0.454
 EXT_SOI        0.442         0.454         0.454         0.454         0.454
 ACA_ABI        0.791         0.441         0.441         0.441         0.441
 HISEI          0.500         0.276         0.276         0.276         0.276


           Covariance Coverage
              EXT_LOD       EXT_SOI       ACA_ABI       HISEI
              ________      ________      ________      ________
 EXT_LOD        0.454
 EXT_SOI        0.454         0.454
 ACA_ABI        0.441         0.441         0.959
 HISEI          0.276         0.276         0.581         0.602


     PROPORTION OF DATA PRESENT FOR U


           Covariance Coverage
              PAR_EDU
              ________
 PAR_EDU        0.976


     PROPORTION OF DATA PRESENT FOR Y


           Covariance Coverage
              BIG_OPE       BIG_CON       BIG_EXT       BIG_AGR       BIG_NEU
              ________      ________      ________      ________      ________
 BIG_OPE        0.825
 BIG_CON        0.825         0.825
 BIG_EXT        0.825         0.825         0.825
 BIG_AGR        0.825         0.825         0.825         0.825
 BIG_NEU        0.825         0.825         0.825         0.825         0.825
 INT_EDI        0.442         0.442         0.442         0.442         0.442
 INT_SSI        0.442         0.442         0.442         0.442         0.442
 INT_ABI        0.442         0.442         0.442         0.442         0.442
 EXT_UTI        0.442         0.442         0.442         0.442         0.442
 EXT_LOD        0.442         0.442         0.442         0.442         0.442
 EXT_SOI        0.442         0.442         0.442         0.442         0.442
 ACA_ABI        0.791         0.791         0.791         0.791         0.791
 HISEI          0.500         0.500         0.500         0.500         0.500


           Covariance Coverage
              INT_EDI       INT_SSI       INT_ABI       EXT_UTI       EXT_LOD
              ________      ________      ________      ________      ________
 INT_EDI        0.454
 INT_SSI        0.454         0.454
 INT_ABI        0.454         0.454         0.454
 EXT_UTI        0.454         0.454         0.454         0.454
 EXT_LOD        0.454         0.454         0.454         0.454         0.454
 EXT_SOI        0.454         0.454         0.454         0.454         0.454
 ACA_ABI        0.441         0.441         0.441         0.441         0.441
 HISEI          0.276         0.276         0.276         0.276         0.276


           Covariance Coverage
              EXT_SOI       ACA_ABI       HISEI
              ________      ________      ________
 EXT_SOI        0.454
 ACA_ABI        0.441         0.959
 HISEI          0.276         0.581         0.602


UNIVARIATE PROPORTIONS AND COUNTS FOR CATEGORICAL VARIABLES

    PAR_EDU
      Category 1    0.583         3284.000
      Category 2    0.260         1465.000
      Category 3    0.157          882.000


SAMPLE STATISTICS


     ESTIMATED SAMPLE STATISTICS


           Means
              BIG_OPE       BIG_CON       BIG_EXT       BIG_AGR       BIG_NEU
              ________      ________      ________      ________      ________
               -0.002        -0.007         0.001         0.001        -0.001


           Means
              INT_EDI       INT_SSI       INT_ABI       EXT_UTI       EXT_LOD
              ________      ________      ________      ________      ________
                0.000        -0.020        -0.015         0.010         0.026


           Means
              EXT_SOI       ACA_ABI       HISEI
              ________      ________      ________
               -0.001         0.000        -0.004


           Covariances
              BIG_OPE       BIG_CON       BIG_EXT       BIG_AGR       BIG_NEU
              ________      ________      ________      ________      ________
 BIG_OPE        1.000
 BIG_CON        0.055         1.001
 BIG_EXT        0.100         0.060         1.000
 BIG_AGR        0.106         0.103         0.010         1.000
 BIG_NEU        0.009         0.084        -0.220         0.032         1.000
 INT_EDI        0.114         0.084         0.113         0.164        -0.022
 INT_SSI        0.098         0.072         0.033        -0.045        -0.017
 INT_ABI        0.113         0.106         0.085         0.035        -0.086
 EXT_UTI       -0.026        -0.043         0.034        -0.020         0.010
 EXT_LOD       -0.081        -0.172        -0.053        -0.045         0.030
 EXT_SOI       -0.006        -0.057         0.014        -0.004         0.051
 ACA_ABI        0.045         0.206        -0.043        -0.024         0.043
 HISEI          0.077        -0.028         0.047         0.020        -0.034


           Covariances
              INT_EDI       INT_SSI       INT_ABI       EXT_UTI       EXT_LOD
              ________      ________      ________      ________      ________
 INT_EDI        1.001
 INT_SSI        0.108         1.003
 INT_ABI        0.295         0.290         1.002
 EXT_UTI       -0.001         0.100         0.062         1.000
 EXT_LOD       -0.134        -0.027        -0.093         0.246         1.004
 EXT_SOI       -0.019         0.083         0.099         0.310         0.371
 ACA_ABI       -0.013         0.159         0.115        -0.059        -0.176
 HISEI          0.035        -0.003         0.002         0.029        -0.006


           Covariances
              EXT_SOI       ACA_ABI       HISEI
              ________      ________      ________
 EXT_SOI        1.000
 ACA_ABI        0.002         1.000
 HISEI          0.098         0.105         1.000


           Correlations
              BIG_OPE       BIG_CON       BIG_EXT       BIG_AGR       BIG_NEU
              ________      ________      ________      ________      ________
 BIG_OPE        1.000
 BIG_CON        0.055         1.000
 BIG_EXT        0.100         0.060         1.000
 BIG_AGR        0.106         0.103         0.010         1.000
 BIG_NEU        0.009         0.084        -0.220         0.032         1.000
 INT_EDI        0.114         0.084         0.113         0.164        -0.022
 INT_SSI        0.098         0.072         0.033        -0.045        -0.017
 INT_ABI        0.113         0.106         0.085         0.035        -0.086
 EXT_UTI       -0.026        -0.043         0.034        -0.020         0.010
 EXT_LOD       -0.081        -0.171        -0.052        -0.045         0.030
 EXT_SOI       -0.006        -0.057         0.014        -0.004         0.051
 ACA_ABI        0.045         0.206        -0.043        -0.024         0.043
 HISEI          0.077        -0.028         0.047         0.020        -0.034


           Correlations
              INT_EDI       INT_SSI       INT_ABI       EXT_UTI       EXT_LOD
              ________      ________      ________      ________      ________
 INT_EDI        1.000
 INT_SSI        0.108         1.000
 INT_ABI        0.294         0.289         1.000
 EXT_UTI       -0.001         0.100         0.062         1.000
 EXT_LOD       -0.134        -0.027        -0.093         0.246         1.000
 EXT_SOI       -0.019         0.083         0.098         0.310         0.371
 ACA_ABI       -0.013         0.159         0.115        -0.059        -0.176
 HISEI          0.035        -0.003         0.002         0.029        -0.006


           Correlations
              EXT_SOI       ACA_ABI       HISEI
              ________      ________      ________
 EXT_SOI        1.000
 ACA_ABI        0.002         1.000
 HISEI          0.098         0.105         1.000


     MAXIMUM LOG-LIKELIHOOD VALUE FOR THE UNRESTRICTED (H1) MODEL IS -67628.490


UNIVARIATE SAMPLE STATISTICS


     UNIVARIATE HIGHER-ORDER MOMENT DESCRIPTIVE STATISTICS

         Variable/         Mean/     Skewness/   Minimum/ % with                Percentiles
        Sample Size      Variance    Kurtosis    Maximum  Min/Max      20%/60%    40%/80%    Median

     BIG_OPE               0.000      -0.388      -3.070    0.15%      -0.782     -0.209      0.363
            4763.000       1.000      -0.544       1.507   11.25%       0.363      0.935
     BIG_CON               0.000      -0.379      -3.752    0.04%      -1.125     -0.468      0.189
            4763.000       1.000      -0.294       1.502   13.60%       0.189      0.846
     BIG_EXT               0.000      -0.479      -3.619    0.02%      -1.097      0.164      0.164
            4763.000       1.000      -0.319       1.425   14.61%       0.164      0.794
     BIG_AGR               0.000      -0.322      -3.870    0.15%      -0.710     -0.078     -0.078
            4763.000       1.000       0.267       2.450    0.92%       0.554      0.554
     BIG_NEU               0.000       0.206      -2.171    2.71%      -0.912     -0.282     -0.282
            4763.000       1.000      -0.108       2.866    0.82%       0.347      0.977
     INT_EDI               0.000      -0.873      -4.105    0.34%      -0.633     -0.054     -0.054
            2623.000       1.000       0.680       1.103   27.41%       0.524      1.103
     INT_SSI               0.000      -0.561      -3.127    1.03%      -0.579     -0.069     -0.069
            2623.000       1.000       0.157       1.460   12.73%       0.441      0.950
     INT_ABI               0.000      -0.423      -4.418    0.08%      -1.117     -0.457      0.203
            2623.000       1.000       0.058       1.524   12.66%       0.203      0.863
     EXT_UTI               0.000      -0.456      -2.965    0.69%      -0.760     -0.130      0.185
            2623.000       1.000      -0.050       1.760    3.96%       0.185      0.815
     EXT_LOD               0.000       1.355      -0.801   46.59%      -0.801     -0.801     -0.189
            2623.000       1.000       1.694       4.705    0.19%      -0.189      1.034
     EXT_SOI               0.000       0.558      -1.284   18.91%      -0.792     -0.300     -0.300
            2623.000       1.000      -0.231       3.144    0.65%       0.192      0.684
     ACA_ABI               0.000      -0.044      -2.789    0.02%      -0.878     -0.357     -0.010
            5533.000       1.000      -0.595       2.248    0.96%       0.338      0.859
     HISEI                 0.000      -0.119      -1.925    0.23%      -1.156     -0.271      0.054
            3472.000       1.000      -1.343       1.613    0.17%       0.425      1.049

RANDOM STARTS RESULTS RANKED FROM THE BEST TO THE WORST LOGLIKELIHOOD VALUES

Final stage loglikelihood values at local maxima, seeds, and initial stage start numbers:

          -72528.079  61587            400
          -72528.079  349562           359
          -72528.079  168762           200
          -72528.079  170954           86
          -72528.079  415931           10
          -72528.079  50887            389
          -72528.079  164305           128
          -72528.079  915107           54
          -72528.079  948615           140
          -72528.079  192071           142
          -72528.079  692169           308
          -72528.079  70118            104
          -72528.079  150531           154
          -72528.079  195763           358
          -72528.079  937588           293
          -72528.079  136842           58
          -72528.079  73576            213
          -72528.079  790452           303
          -72528.079  507154           387
          -72528.079  636396           168
          -72528.079  297518           166
          -72528.079  311214           64
          -72528.079  561664           392
          -72528.079  92689            304
          -72598.551  211281           292
          -72598.551  414828           322
          -72598.551  848969           173
          -72598.551  264081           186
          -72598.551  354559           73
          -72598.551  443917           60
          -72598.551  562716           300
          -72598.551  637345           19
          -72598.551  923437           398
          -72598.551  576596           99
          -72598.551  644297           340
          -72598.551  43523            297
          -72598.551  481835           57
          -72598.551  156536           245
          -72598.551  15715            274
          -72598.551  259507           53
          -72598.551  471438           252
          -72598.551  488125           368
          -72598.551  945065           255
          -72598.551  182524           373
          -72598.551  879338           309
          -72598.551  402224           91
          -72598.551  965994           396
          -72598.551  608496           4
          -72598.551  741888           138
          -72598.551  68985            17
          -72598.551  848163           47
          -72598.551  347515           24
          -72608.137  440841           118
          -72629.302  694303           282
          -72629.302  987090           70
          -72629.302  696773           80
          -72629.302  765392           382
          -72629.302  316165           299
          -72629.302  645664           39
          -72629.302  732596           320
          -72629.302  170118           238
          -72629.302  751054           117
          -72629.302  939709           112
          -72629.302  791396           243
          -72629.302  345070           114
          -72629.302  383986           159
          -72629.302  455617           242
          -72629.302  802779           122
          -72629.302  931874           141
          -72629.302  342019           301

30 perturbed starting value run(s) did not converge or were rejected in the third stage.



THE BEST LOGLIKELIHOOD VALUE HAS BEEN REPLICATED.  RERUN WITH AT LEAST TWICE THE
RANDOM STARTS TO CHECK THAT THE BEST LOGLIKELIHOOD IS STILL OBTAINED AND REPLICATED.


THE MODEL ESTIMATION TERMINATED NORMALLY



MODEL FIT INFORMATION

Number of Free Parameters                       76

Loglikelihood

          H0 Value                      -72528.079
          H0 Scaling Correction Factor      1.4280
            for MLR

Information Criteria

          Akaike (AIC)                  145208.159
          Bayesian (BIC)                145714.378
          Sample-Size Adjusted BIC      145472.872
            (n* = (n + 2) / 24)

Chi-Square Test of Model Fit for the Binary and Ordered Categorical
(Ordinal) Outcomes

          Pearson Chi-Square

          Value                              0.010
          Degrees of freedom cannot be computed for this model part.

          Likelihood Ratio Chi-Square

          Value                              0.010
          Degrees of freedom cannot be computed for this model part.

Chi-Square Test for MCAR under the Unrestricted Latent Class Indicator Model

          Pearson Chi-Square

          Value                              0.000
          Degrees of Freedom                     0
          P-Value                           1.0000

          Likelihood Ratio Chi-Square

          Value                              0.000
          Degrees of Freedom                     0
          P-Value                           1.0000



FINAL CLASS COUNTS AND PROPORTIONS FOR THE LATENT CLASSES
BASED ON THE ESTIMATED MODEL

    Latent
   Classes

       1       2122.21026          0.36767
       2        592.97986          0.10273
       3       2201.70034          0.38144
       4        855.10954          0.14815


FINAL CLASS COUNTS AND PROPORTIONS FOR THE LATENT CLASSES
BASED ON ESTIMATED POSTERIOR PROBABILITIES

    Latent
   Classes

       1       2122.21026          0.36767
       2        592.97986          0.10273
       3       2201.70034          0.38144
       4        855.10954          0.14815


FINAL CLASS COUNTS AND PROPORTIONS FOR THE LATENT CLASSES
BASED ON THEIR MOST LIKELY LATENT CLASS MEMBERSHIP

Class Counts and Proportions

    Latent
   Classes

       1             2496          0.43243
       2              361          0.06254
       3             2321          0.40211
       4              594          0.10291


CLASSIFICATION QUALITY

     Entropy                         0.574


Average Latent Class Probabilities for Most Likely Latent Class Membership (Row)
by Latent Class (Column)

           1        2        3        4

    1   0.723    0.012    0.127    0.138
    2   0.014    0.733    0.153    0.100
    3   0.089    0.110    0.776    0.025
    4   0.176    0.073    0.048    0.703


Classification Probabilities for the Most Likely Latent Class Membership (Column)
by Latent Class (Row)

           1        2        3        4

    1   0.851    0.002    0.098    0.049
    2   0.049    0.447    0.431    0.074
    3   0.144    0.025    0.818    0.013
    4   0.402    0.042    0.067    0.488


Logits for the Classification Probabilities for the Most Likely Latent Class Membership (Column)
by Latent Class (Row)

              1        2        3        4

    1      2.848   -3.053    0.686    0.000
    2     -0.406    1.804    1.769    0.000
    3      2.413    0.660    4.147    0.000
    4     -0.193   -2.445   -1.984    0.000


MODEL RESULTS

                                                    Two-Tailed
                    Estimate       S.E.  Est./S.E.    P-Value

Latent Class 1

 Means
    BIG_OPE           -0.026      0.036     -0.702      0.483
    BIG_CON            0.184      0.040      4.659      0.000
    BIG_EXT           -0.035      0.040     -0.858      0.391
    BIG_AGR            0.031      0.036      0.867      0.386
    BIG_NEU            0.060      0.041      1.450      0.147
    INT_EDI           -0.005      0.047     -0.114      0.909
    INT_SSI           -0.012      0.047     -0.254      0.800
    INT_ABI           -0.031      0.047     -0.658      0.511
    EXT_UTI           -0.224      0.058     -3.896      0.000
    EXT_LOD           -0.484      0.054     -9.022      0.000
    EXT_SOI           -0.400      0.063     -6.343      0.000
    ACA_ABI            0.014      0.037      0.380      0.704
    HISEI             -0.883      0.057    -15.630      0.000

 Thresholds
    PAR_EDU$1          1.797      0.126     14.284      0.000
    PAR_EDU$2          4.359      0.309     14.114      0.000

 Variances
    BIG_OPE            0.980      0.018     53.059      0.000
    BIG_CON            0.925      0.021     45.114      0.000
    BIG_EXT            0.993      0.019     51.395      0.000
    BIG_AGR            0.992      0.021     46.142      0.000
    BIG_NEU            0.998      0.020     49.916      0.000
    INT_EDI            0.978      0.032     30.501      0.000
    INT_SSI            0.996      0.029     34.635      0.000
    INT_ABI            0.984      0.028     34.887      0.000
    EXT_UTI            0.938      0.026     36.340      0.000
    EXT_LOD            0.359      0.027     13.162      0.000
    EXT_SOI            0.836      0.025     33.635      0.000
    ACA_ABI            0.924      0.019     47.545      0.000
    HISEI              0.264      0.009     28.076      0.000

Latent Class 2

 Means
    BIG_OPE           -0.092      0.101     -0.910      0.363
    BIG_CON           -0.521      0.126     -4.153      0.000
    BIG_EXT           -0.154      0.161     -0.953      0.340
    BIG_AGR           -0.088      0.079     -1.116      0.264
    BIG_NEU           -0.010      0.121     -0.084      0.933
    INT_EDI           -0.314      0.189     -1.661      0.097
    INT_SSI           -0.122      0.091     -1.338      0.181
    INT_ABI           -0.240      0.169     -1.418      0.156
    EXT_UTI            0.430      0.074      5.773      0.000
    EXT_LOD            1.622      0.491      3.305      0.001
    EXT_SOI            0.795      0.128      6.231      0.000
    ACA_ABI           -0.285      0.160     -1.781      0.075
    HISEI              0.917      0.112      8.165      0.000

 Thresholds
    PAR_EDU$1         -1.356      0.781     -1.736      0.083
    PAR_EDU$2          0.490      0.350      1.398      0.162

 Variances
    BIG_OPE            0.980      0.018     53.059      0.000
    BIG_CON            0.925      0.021     45.114      0.000
    BIG_EXT            0.993      0.019     51.395      0.000
    BIG_AGR            0.992      0.021     46.142      0.000
    BIG_NEU            0.998      0.020     49.916      0.000
    INT_EDI            0.978      0.032     30.501      0.000
    INT_SSI            0.996      0.029     34.635      0.000
    INT_ABI            0.984      0.028     34.887      0.000
    EXT_UTI            0.938      0.026     36.340      0.000
    EXT_LOD            0.359      0.027     13.162      0.000
    EXT_SOI            0.836      0.025     33.635      0.000
    ACA_ABI            0.924      0.019     47.545      0.000
    HISEI              0.264      0.009     28.076      0.000

Latent Class 3

 Means
    BIG_OPE            0.149      0.042      3.541      0.000
    BIG_CON            0.128      0.039      3.286      0.001
    BIG_EXT            0.100      0.037      2.667      0.008
    BIG_AGR            0.067      0.031      2.158      0.031
    BIG_NEU           -0.038      0.036     -1.060      0.289
    INT_EDI            0.140      0.048      2.894      0.004
    INT_SSI            0.064      0.042      1.514      0.130
    INT_ABI            0.134      0.049      2.760      0.006
    EXT_UTI           -0.042      0.055     -0.770      0.441
    EXT_LOD           -0.391      0.067     -5.805      0.000
    EXT_SOI           -0.019      0.069     -0.279      0.781
    ACA_ABI            0.264      0.042      6.256      0.000
    HISEI              0.851      0.035     24.043      0.000

 Thresholds
    PAR_EDU$1         -0.723      0.161     -4.501      0.000
    PAR_EDU$2          0.920      0.117      7.862      0.000

 Variances
    BIG_OPE            0.980      0.018     53.059      0.000
    BIG_CON            0.925      0.021     45.114      0.000
    BIG_EXT            0.993      0.019     51.395      0.000
    BIG_AGR            0.992      0.021     46.142      0.000
    BIG_NEU            0.998      0.020     49.916      0.000
    INT_EDI            0.978      0.032     30.501      0.000
    INT_SSI            0.996      0.029     34.635      0.000
    INT_ABI            0.984      0.028     34.887      0.000
    EXT_UTI            0.938      0.026     36.340      0.000
    EXT_LOD            0.359      0.027     13.162      0.000
    EXT_SOI            0.836      0.025     33.635      0.000
    ACA_ABI            0.924      0.019     47.545      0.000
    HISEI              0.264      0.009     28.076      0.000

Latent Class 4

 Means
    BIG_OPE           -0.267      0.091     -2.936      0.003
    BIG_CON           -0.442      0.095     -4.628      0.000
    BIG_EXT           -0.070      0.103     -0.677      0.498
    BIG_AGR           -0.195      0.079     -2.451      0.014
    BIG_NEU           -0.043      0.094     -0.460      0.645
    INT_EDI           -0.182      0.124     -1.469      0.142
    INT_SSI           -0.073      0.068     -1.070      0.285
    INT_ABI           -0.149      0.119     -1.257      0.209
    EXT_UTI            0.433      0.057      7.625      0.000
    EXT_LOD            1.337      0.304      4.390      0.000
    EXT_SOI            0.574      0.093      6.176      0.000
    ACA_ABI           -0.524      0.080     -6.536      0.000
    HISEI             -0.764      0.142     -5.393      0.000

 Thresholds
    PAR_EDU$1          1.579      0.348      4.531      0.000
    PAR_EDU$2          3.609      0.351     10.297      0.000

 Variances
    BIG_OPE            0.980      0.018     53.059      0.000
    BIG_CON            0.925      0.021     45.114      0.000
    BIG_EXT            0.993      0.019     51.395      0.000
    BIG_AGR            0.992      0.021     46.142      0.000
    BIG_NEU            0.998      0.020     49.916      0.000
    INT_EDI            0.978      0.032     30.501      0.000
    INT_SSI            0.996      0.029     34.635      0.000
    INT_ABI            0.984      0.028     34.887      0.000
    EXT_UTI            0.938      0.026     36.340      0.000
    EXT_LOD            0.359      0.027     13.162      0.000
    EXT_SOI            0.836      0.025     33.635      0.000
    ACA_ABI            0.924      0.019     47.545      0.000
    HISEI              0.264      0.009     28.076      0.000

Categorical Latent Variables

 Means
    C#1                0.909      0.216      4.208      0.000
    C#2               -0.366      0.435     -0.842      0.400
    C#3                0.946      0.118      8.009      0.000


QUALITY OF NUMERICAL RESULTS

     Condition Number for the Information Matrix              0.758E-04
       (ratio of smallest to largest eigenvalue)


RESULTS IN PROBABILITY SCALE

                                                    Two-Tailed
                    Estimate       S.E.  Est./S.E.    P-Value

Latent Class 1

 PAR_EDU
    Category 1         0.858      0.015     55.884      0.000
    Category 2         0.130      0.015      8.932      0.000
    Category 3         0.013      0.004      3.279      0.001

Latent Class 2

 PAR_EDU
    Category 1         0.205      0.127      1.610      0.107
    Category 2         0.415      0.066      6.310      0.000
    Category 3         0.380      0.083      4.603      0.000

Latent Class 3

 PAR_EDU
    Category 1         0.327      0.035      9.245      0.000
    Category 2         0.388      0.018     21.069      0.000
    Category 3         0.285      0.024     11.954      0.000

Latent Class 4

 PAR_EDU
    Category 1         0.829      0.049     16.787      0.000
    Category 2         0.145      0.047      3.094      0.002
    Category 3         0.026      0.009      2.930      0.003


LATENT CLASS INDICATOR ODDS RATIOS FOR THE LATENT CLASSES

                                                95% C.I.
                    Estimate       S.E.  Lower 2.5% Upper 2.5%

Latent Class 1 Compared to Latent Class 2

 PAR_EDU
    Category > 1       0.043      0.031      0.010      0.180
    Category > 2       0.021      0.009      0.009      0.047

Latent Class 1 Compared to Latent Class 3

 PAR_EDU
    Category > 1       0.080      0.020      0.049      0.132
    Category > 2       0.032      0.011      0.016      0.065

Latent Class 1 Compared to Latent Class 4

 PAR_EDU
    Category > 1       0.804      0.356      0.338      1.915
    Category > 2       0.473      0.254      0.165      1.354

Latent Class 2 Compared to Latent Class 3

 PAR_EDU
    Category > 1       1.884      1.737      0.309     11.479
    Category > 2       1.537      0.686      0.641      3.686

Latent Class 2 Compared to Latent Class 4

 PAR_EDU
    Category > 1      18.826     19.099      2.578    137.502
    Category > 2      22.636     12.373      7.754     66.079

Latent Class 3 Compared to Latent Class 4

 PAR_EDU
    Category > 1       9.995      2.881      5.681     17.584
    Category > 2      14.725      5.038      7.531     28.792


RESIDUAL OUTPUT


     ESTIMATED MODEL AND RESIDUALS (OBSERVED - ESTIMATED) FOR CLASS 1


           Model Estimated Means
              BIG_OPE       BIG_CON       BIG_EXT       BIG_AGR       BIG_NEU
              ________      ________      ________      ________      ________
               -0.026         0.184        -0.035         0.031         0.060


           Model Estimated Means
              INT_EDI       INT_SSI       INT_ABI       EXT_UTI       EXT_LOD
              ________      ________      ________      ________      ________
               -0.005        -0.012        -0.031        -0.224        -0.484


           Model Estimated Means
              EXT_SOI       ACA_ABI       HISEI
              ________      ________      ________
               -0.400         0.014        -0.883


           Residuals for Means
              BIG_OPE       BIG_CON       BIG_EXT       BIG_AGR       BIG_NEU
              ________      ________      ________      ________      ________
                0.000         0.000         0.000         0.000         0.000


           Residuals for Means
              INT_EDI       INT_SSI       INT_ABI       EXT_UTI       EXT_LOD
              ________      ________      ________      ________      ________
                0.000         0.000         0.000         0.000         0.000


           Residuals for Means
              EXT_SOI       ACA_ABI       HISEI
              ________      ________      ________
                0.000         0.000         0.000


           Model Estimated Covariances
              BIG_OPE       BIG_CON       BIG_EXT       BIG_AGR       BIG_NEU
              ________      ________      ________      ________      ________
 BIG_OPE        0.980
 BIG_CON        0.000         0.925
 BIG_EXT        0.000         0.000         0.993
 BIG_AGR        0.000         0.000         0.000         0.992
 BIG_NEU        0.000         0.000         0.000         0.000         0.998
 INT_EDI        0.000         0.000         0.000         0.000         0.000
 INT_SSI        0.000         0.000         0.000         0.000         0.000
 INT_ABI        0.000         0.000         0.000         0.000         0.000
 EXT_UTI        0.000         0.000         0.000         0.000         0.000
 EXT_LOD        0.000         0.000         0.000         0.000         0.000
 EXT_SOI        0.000         0.000         0.000         0.000         0.000
 ACA_ABI        0.000         0.000         0.000         0.000         0.000
 HISEI          0.000         0.000         0.000         0.000         0.000


           Model Estimated Covariances
              INT_EDI       INT_SSI       INT_ABI       EXT_UTI       EXT_LOD
              ________      ________      ________      ________      ________
 INT_EDI        0.978
 INT_SSI        0.000         0.996
 INT_ABI        0.000         0.000         0.984
 EXT_UTI        0.000         0.000         0.000         0.938
 EXT_LOD        0.000         0.000         0.000         0.000         0.359
 EXT_SOI        0.000         0.000         0.000         0.000         0.000
 ACA_ABI        0.000         0.000         0.000         0.000         0.000
 HISEI          0.000         0.000         0.000         0.000         0.000


           Model Estimated Covariances
              EXT_SOI       ACA_ABI       HISEI
              ________      ________      ________
 EXT_SOI        0.836
 ACA_ABI        0.000         0.924
 HISEI          0.000         0.000         0.264


           Residuals for Covariances
              BIG_OPE       BIG_CON       BIG_EXT       BIG_AGR       BIG_NEU
              ________      ________      ________      ________      ________
 BIG_OPE        0.017
 BIG_CON        0.019        -0.039
 BIG_EXT        0.099         0.030         0.026
 BIG_AGR        0.103         0.076         0.010        -0.011
 BIG_NEU        0.012         0.065        -0.216         0.033         0.030
 INT_EDI        0.118         0.062         0.111         0.146         0.012
 INT_SSI        0.110         0.053         0.058        -0.082        -0.022
 INT_ABI        0.095         0.083         0.056         0.051        -0.089
 EXT_UTI       -0.003         0.006         0.061         0.010         0.011
 EXT_LOD        0.008         0.011         0.034         0.010         0.018
 EXT_SOI        0.014         0.005         0.044         0.009         0.021
 ACA_ABI       -0.025         0.124        -0.077        -0.080         0.031
 HISEI          0.004        -0.011        -0.014        -0.021         0.026


           Residuals for Covariances
              INT_EDI       INT_SSI       INT_ABI       EXT_UTI       EXT_LOD
              ________      ________      ________      ________      ________
 INT_EDI        0.084
 INT_SSI        0.085         0.157
 INT_ABI        0.269         0.280         0.015
 EXT_UTI       -0.005         0.107         0.045         0.122
 EXT_LOD       -0.015         0.012        -0.020         0.049        -0.125
 EXT_SOI        0.014         0.102         0.095         0.195         0.073
 ACA_ABI       -0.055         0.155         0.073        -0.050        -0.060
 HISEI         -0.018        -0.071        -0.074        -0.001        -0.049


           Residuals for Covariances
              EXT_SOI       ACA_ABI       HISEI
              ________      ________      ________
 EXT_SOI       -0.153
 ACA_ABI       -0.014         0.005
 HISEI         -0.028        -0.054         0.040


     ESTIMATED MODEL AND RESIDUALS (OBSERVED - ESTIMATED) FOR CLASS 2


           Model Estimated Means
              BIG_OPE       BIG_CON       BIG_EXT       BIG_AGR       BIG_NEU
              ________      ________      ________      ________      ________
               -0.092        -0.521        -0.154        -0.088        -0.010


           Model Estimated Means
              INT_EDI       INT_SSI       INT_ABI       EXT_UTI       EXT_LOD
              ________      ________      ________      ________      ________
               -0.314        -0.122        -0.240         0.430         1.622


           Model Estimated Means
              EXT_SOI       ACA_ABI       HISEI
              ________      ________      ________
                0.795        -0.285         0.917


           Residuals for Means
              BIG_OPE       BIG_CON       BIG_EXT       BIG_AGR       BIG_NEU
              ________      ________      ________      ________      ________
                0.000         0.000         0.000         0.000         0.000


           Residuals for Means
              INT_EDI       INT_SSI       INT_ABI       EXT_UTI       EXT_LOD
              ________      ________      ________      ________      ________
                0.000         0.000         0.000         0.000         0.000


           Residuals for Means
              EXT_SOI       ACA_ABI       HISEI
              ________      ________      ________
                0.000         0.000         0.000


           Model Estimated Covariances
              BIG_OPE       BIG_CON       BIG_EXT       BIG_AGR       BIG_NEU
              ________      ________      ________      ________      ________
 BIG_OPE        0.980
 BIG_CON        0.000         0.925
 BIG_EXT        0.000         0.000         0.993
 BIG_AGR        0.000         0.000         0.000         0.992
 BIG_NEU        0.000         0.000         0.000         0.000         0.998
 INT_EDI        0.000         0.000         0.000         0.000         0.000
 INT_SSI        0.000         0.000         0.000         0.000         0.000
 INT_ABI        0.000         0.000         0.000         0.000         0.000
 EXT_UTI        0.000         0.000         0.000         0.000         0.000
 EXT_LOD        0.000         0.000         0.000         0.000         0.000
 EXT_SOI        0.000         0.000         0.000         0.000         0.000
 ACA_ABI        0.000         0.000         0.000         0.000         0.000
 HISEI          0.000         0.000         0.000         0.000         0.000


           Model Estimated Covariances
              INT_EDI       INT_SSI       INT_ABI       EXT_UTI       EXT_LOD
              ________      ________      ________      ________      ________
 INT_EDI        0.978
 INT_SSI        0.000         0.996
 INT_ABI        0.000         0.000         0.984
 EXT_UTI        0.000         0.000         0.000         0.938
 EXT_LOD        0.000         0.000         0.000         0.000         0.359
 EXT_SOI        0.000         0.000         0.000         0.000         0.000
 ACA_ABI        0.000         0.000         0.000         0.000         0.000
 HISEI          0.000         0.000         0.000         0.000         0.000


           Model Estimated Covariances
              EXT_SOI       ACA_ABI       HISEI
              ________      ________      ________
 EXT_SOI        0.836
 ACA_ABI        0.000         0.924
 HISEI          0.000         0.000         0.264


           Residuals for Covariances
              BIG_OPE       BIG_CON       BIG_EXT       BIG_AGR       BIG_NEU
              ________      ________      ________      ________      ________
 BIG_OPE       -0.007
 BIG_CON       -0.002         0.091
 BIG_EXT        0.095         0.063         0.077
 BIG_AGR        0.030         0.048        -0.024         0.012
 BIG_NEU        0.000         0.068        -0.255         0.002        -0.044
 INT_EDI       -0.087        -0.033         0.150         0.167        -0.064
 INT_SSI        0.115         0.031         0.038        -0.052         0.035
 INT_ABI        0.060        -0.040         0.172        -0.020        -0.101
 EXT_UTI        0.034         0.128         0.069        -0.077         0.054
 EXT_LOD        0.168         0.205        -0.085         0.056         0.153
 EXT_SOI        0.122         0.138        -0.008         0.005         0.148
 ACA_ABI       -0.022         0.126        -0.061        -0.033         0.071
 HISEI          0.013        -0.019         0.067         0.076        -0.026


           Residuals for Covariances
              INT_EDI       INT_SSI       INT_ABI       EXT_UTI       EXT_LOD
              ________      ________      ________      ________      ________
 INT_EDI        0.169
 INT_SSI        0.196        -0.075
 INT_ABI        0.475         0.303         0.085
 EXT_UTI        0.116         0.166         0.218        -0.245
 EXT_LOD       -0.049         0.062        -0.014         0.044         0.431
 EXT_SOI        0.065         0.023         0.191         0.178         0.028
 ACA_ABI       -0.153         0.040        -0.041         0.150         0.292
 HISEI         -0.045         0.004        -0.055        -0.048        -0.062


           Residuals for Covariances
              EXT_SOI       ACA_ABI       HISEI
              ________      ________      ________
 EXT_SOI        0.107
 ACA_ABI        0.265        -0.010
 HISEI          0.000         0.021        -0.064


     ESTIMATED MODEL AND RESIDUALS (OBSERVED - ESTIMATED) FOR CLASS 3


           Model Estimated Means
              BIG_OPE       BIG_CON       BIG_EXT       BIG_AGR       BIG_NEU
              ________      ________      ________      ________      ________
                0.149         0.128         0.100         0.067        -0.038


           Model Estimated Means
              INT_EDI       INT_SSI       INT_ABI       EXT_UTI       EXT_LOD
              ________      ________      ________      ________      ________
                0.140         0.064         0.134        -0.042        -0.391


           Model Estimated Means
              EXT_SOI       ACA_ABI       HISEI
              ________      ________      ________
               -0.019         0.264         0.851


           Residuals for Means
              BIG_OPE       BIG_CON       BIG_EXT       BIG_AGR       BIG_NEU
              ________      ________      ________      ________      ________
                0.000         0.000         0.000         0.000         0.000


           Residuals for Means
              INT_EDI       INT_SSI       INT_ABI       EXT_UTI       EXT_LOD
              ________      ________      ________      ________      ________
                0.000         0.000         0.000         0.000         0.000


           Residuals for Means
              EXT_SOI       ACA_ABI       HISEI
              ________      ________      ________
                0.000         0.000         0.000


           Model Estimated Covariances
              BIG_OPE       BIG_CON       BIG_EXT       BIG_AGR       BIG_NEU
              ________      ________      ________      ________      ________
 BIG_OPE        0.980
 BIG_CON        0.000         0.925
 BIG_EXT        0.000         0.000         0.993
 BIG_AGR        0.000         0.000         0.000         0.992
 BIG_NEU        0.000         0.000         0.000         0.000         0.998
 INT_EDI        0.000         0.000         0.000         0.000         0.000
 INT_SSI        0.000         0.000         0.000         0.000         0.000
 INT_ABI        0.000         0.000         0.000         0.000         0.000
 EXT_UTI        0.000         0.000         0.000         0.000         0.000
 EXT_LOD        0.000         0.000         0.000         0.000         0.000
 EXT_SOI        0.000         0.000         0.000         0.000         0.000
 ACA_ABI        0.000         0.000         0.000         0.000         0.000
 HISEI          0.000         0.000         0.000         0.000         0.000


           Model Estimated Covariances
              INT_EDI       INT_SSI       INT_ABI       EXT_UTI       EXT_LOD
              ________      ________      ________      ________      ________
 INT_EDI        0.978
 INT_SSI        0.000         0.996
 INT_ABI        0.000         0.000         0.984
 EXT_UTI        0.000         0.000         0.000         0.938
 EXT_LOD        0.000         0.000         0.000         0.000         0.359
 EXT_SOI        0.000         0.000         0.000         0.000         0.000
 ACA_ABI        0.000         0.000         0.000         0.000         0.000
 HISEI          0.000         0.000         0.000         0.000         0.000


           Model Estimated Covariances
              EXT_SOI       ACA_ABI       HISEI
              ________      ________      ________
 EXT_SOI        0.836
 ACA_ABI        0.000         0.924
 HISEI          0.000         0.000         0.264


           Residuals for Covariances
              BIG_OPE       BIG_CON       BIG_EXT       BIG_AGR       BIG_NEU
              ________      ________      ________      ________      ________
 BIG_OPE       -0.042
 BIG_CON        0.041        -0.040
 BIG_EXT        0.087         0.044        -0.060
 BIG_AGR        0.085         0.068         0.013        -0.047
 BIG_NEU        0.002         0.076        -0.195         0.025        -0.036
 INT_EDI        0.107         0.073         0.067         0.145        -0.008
 INT_SSI        0.070         0.070        -0.014        -0.026        -0.012
 INT_ABI        0.063         0.101         0.064        -0.002        -0.052
 EXT_UTI       -0.039        -0.001         0.022         0.011         0.010
 EXT_LOD       -0.014         0.007         0.016        -0.019         0.016
 EXT_SOI       -0.034         0.022         0.044         0.015         0.052
 ACA_ABI        0.056         0.157        -0.044        -0.024         0.043
 HISEI          0.004        -0.007         0.019         0.002        -0.011


           Residuals for Covariances
              INT_EDI       INT_SSI       INT_ABI       EXT_UTI       EXT_LOD
              ________      ________      ________      ________      ________
 INT_EDI       -0.087
 INT_SSI        0.079        -0.037
 INT_ABI        0.246         0.270        -0.024
 EXT_UTI        0.004         0.106         0.062         0.068
 EXT_LOD       -0.029         0.000        -0.006         0.065        -0.066
 EXT_SOI       -0.015         0.111         0.102         0.243         0.100
 ACA_ABI        0.021         0.154         0.125        -0.044        -0.055
 HISEI          0.028         0.024        -0.023        -0.040         0.000


           Residuals for Covariances
              EXT_SOI       ACA_ABI       HISEI
              ________      ________      ________
 EXT_SOI        0.054
 ACA_ABI        0.052         0.007
 HISEI         -0.043         0.032        -0.050


     ESTIMATED MODEL AND RESIDUALS (OBSERVED - ESTIMATED) FOR CLASS 4


           Model Estimated Means
              BIG_OPE       BIG_CON       BIG_EXT       BIG_AGR       BIG_NEU
              ________      ________      ________      ________      ________
               -0.267        -0.442        -0.070        -0.195        -0.043


           Model Estimated Means
              INT_EDI       INT_SSI       INT_ABI       EXT_UTI       EXT_LOD
              ________      ________      ________      ________      ________
               -0.182        -0.073        -0.149         0.433         1.337


           Model Estimated Means
              EXT_SOI       ACA_ABI       HISEI
              ________      ________      ________
                0.574        -0.524        -0.764


           Residuals for Means
              BIG_OPE       BIG_CON       BIG_EXT       BIG_AGR       BIG_NEU
              ________      ________      ________      ________      ________
                0.000         0.000         0.000         0.000         0.000


           Residuals for Means
              INT_EDI       INT_SSI       INT_ABI       EXT_UTI       EXT_LOD
              ________      ________      ________      ________      ________
                0.000         0.000         0.000         0.000         0.000


           Residuals for Means
              EXT_SOI       ACA_ABI       HISEI
              ________      ________      ________
                0.000         0.000         0.000


           Model Estimated Covariances
              BIG_OPE       BIG_CON       BIG_EXT       BIG_AGR       BIG_NEU
              ________      ________      ________      ________      ________
 BIG_OPE        0.980
 BIG_CON        0.000         0.925
 BIG_EXT        0.000         0.000         0.993
 BIG_AGR        0.000         0.000         0.000         0.992
 BIG_NEU        0.000         0.000         0.000         0.000         0.998
 INT_EDI        0.000         0.000         0.000         0.000         0.000
 INT_SSI        0.000         0.000         0.000         0.000         0.000
 INT_ABI        0.000         0.000         0.000         0.000         0.000
 EXT_UTI        0.000         0.000         0.000         0.000         0.000
 EXT_LOD        0.000         0.000         0.000         0.000         0.000
 EXT_SOI        0.000         0.000         0.000         0.000         0.000
 ACA_ABI        0.000         0.000         0.000         0.000         0.000
 HISEI          0.000         0.000         0.000         0.000         0.000


           Model Estimated Covariances
              INT_EDI       INT_SSI       INT_ABI       EXT_UTI       EXT_LOD
              ________      ________      ________      ________      ________
 INT_EDI        0.978
 INT_SSI        0.000         0.996
 INT_ABI        0.000         0.000         0.984
 EXT_UTI        0.000         0.000         0.000         0.938
 EXT_LOD        0.000         0.000         0.000         0.000         0.359
 EXT_SOI        0.000         0.000         0.000         0.000         0.000
 ACA_ABI        0.000         0.000         0.000         0.000         0.000
 HISEI          0.000         0.000         0.000         0.000         0.000


           Model Estimated Covariances
              EXT_SOI       ACA_ABI       HISEI
              ________      ________      ________
 EXT_SOI        0.836
 ACA_ABI        0.000         0.924
 HISEI          0.000         0.000         0.264


           Residuals for Covariances
              BIG_OPE       BIG_CON       BIG_EXT       BIG_AGR       BIG_NEU
              ________      ________      ________      ________      ________
 BIG_OPE        0.074
 BIG_CON        0.033         0.140
 BIG_EXT        0.069         0.076         0.040
 BIG_AGR        0.143         0.146        -0.016         0.144
 BIG_NEU        0.033         0.124        -0.260         0.060         0.049
 INT_EDI        0.092         0.014         0.146         0.163        -0.095
 INT_SSI        0.018         0.022         0.057        -0.023        -0.092
 INT_ABI        0.168         0.047         0.077         0.068        -0.152
 EXT_UTI        0.073         0.066         0.038         0.002         0.028
 EXT_LOD       -0.052         0.176        -0.136         0.145         0.131
 EXT_SOI        0.131         0.177        -0.044         0.112         0.124
 ACA_ABI       -0.018         0.146        -0.067        -0.047         0.049
 HISEI         -0.018        -0.047        -0.018        -0.045        -0.033


           Residuals for Covariances
              INT_EDI       INT_SSI       INT_ABI       EXT_UTI       EXT_LOD
              ________      ________      ________      ________      ________
 INT_EDI       -0.091
 INT_SSI        0.120        -0.268
 INT_ABI        0.227         0.289        -0.031
 EXT_UTI        0.106         0.093         0.138        -0.366
 EXT_LOD       -0.057         0.046         0.008         0.044         0.227
 EXT_SOI        0.110         0.096         0.233         0.180         0.000
 ACA_ABI       -0.175         0.078         0.021         0.102         0.260
 HISEI         -0.040        -0.030         0.009        -0.039        -0.081


           Residuals for Covariances
              EXT_SOI       ACA_ABI       HISEI
              ________      ________      ________
 EXT_SOI        0.177
 ACA_ABI        0.192        -0.022
 HISEI         -0.086        -0.039         0.082


TECHNICAL 11 OUTPUT

     Random Starts Specifications for the k-1 Class Analysis Model
        Number of initial stage random starts                 400
        Number of final stage optimizations                   100



     VUONG-LO-MENDELL-RUBIN LIKELIHOOD RATIO TEST FOR 3 (H0) VERSUS 4 CLASSES

          H0 Loglikelihood Value                       -72780.130
          2 Times the Loglikelihood Difference            504.101
          Difference in the Number of Parameters               16
          Mean                                            370.644
          Standard Deviation                              471.653
          P-Value                                          0.2425

     LO-MENDELL-RUBIN ADJUSTED LRT TEST

          Value                                           500.489
          P-Value                                          0.2444


TECHNICAL 14 OUTPUT

     Random Starts Specifications for the k-1 Class Analysis Model
        Number of initial stage random starts                 400
        Number of final stage optimizations                   100

     Random Starts Specification for the k-1 Class Model for Generated Data
        Number of initial stage random starts                   0
        Number of final stage optimizations for the
           initial stage random starts                          0
     Random Starts Specification for the k Class Model for Generated Data
        Number of initial stage random starts                  40
        Number of final stage optimizations                     8
     Number of bootstrap draws requested                   Varies


     PARAMETRIC BOOTSTRAPPED LIKELIHOOD RATIO TEST FOR 3 (H0) VERSUS 4 CLASSES

          H0 Loglikelihood Value                       -72780.130
          2 Times the Loglikelihood Difference            504.101
          Difference in the Number of Parameters               16
          Approximate P-Value                              0.0000
          Successful Bootstrap Draws                            5

     WARNING:  OF THE 5 BOOTSTRAP DRAWS, 4 DRAWS HAD BOTH A SMALLER LRT VALUE THAN THE
     OBSERVED LRT VALUE AND NOT A REPLICATED BEST LOGLIKELIHOOD VALUE FOR THE 4-CLASS MODEL.
     THIS MEANS THAT THE P-VALUE MAY NOT BE TRUSTWORTHY DUE TO LOCAL MAXIMA.
     INCREASE THE NUMBER OF RANDOM STARTS USING THE LRTSTARTS OPTION.



SAVEDATA INFORMATION


  Save file
    lca_bch_4class.dat

  Order and format of variables

    PAR_EDU        F10.3
    BIG_OPE        F10.3
    BIG_CON        F10.3
    BIG_EXT        F10.3
    BIG_AGR        F10.3
    BIG_NEU        F10.3
    INT_EDI        F10.3
    INT_SSI        F10.3
    INT_ABI        F10.3
    EXT_UTI        F10.3
    EXT_LOD        F10.3
    EXT_SOI        F10.3
    ACA_ABI        F10.3
    HISEI          F10.3
    STR_ACA_       F10.3
    NOR_ACA_       F10.3
    PEE_SOC_       F10.3
    FAC_SOC_       F10.3
    AGE            F10.3
    GENDER         F10.3
    DRO_OUT        F10.3
    BCHW1          F10.3
    BCHW2          F10.3
    BCHW3          F10.3
    BCHW4          F10.3
    ID_T           I8

  Save file format
    25F10.3 I8

  Save file record length    10000

  Save missing symbol        9999


DIAGRAM INFORMATION

  Mplus diagrams are currently not available for Mixture analysis.
  No diagram output was produced.


     Beginning Time:  10:45:15
        Ending Time:  10:48:36
       Elapsed Time:  00:03:21



MUTHEN & MUTHEN
3463 Stoner Ave.
Los Angeles, CA  90066

Tel: (310) 391-9971
Fax: (310) 391-8971
Web: www.StatModel.com
Support: Support@StatModel.com

Copyright (c) 1998-2023 Muthen & Muthen
