Mplus VERSION 8.10
MUTHEN & MUTHEN
07/23/2025   2:35 PM

INPUT INSTRUCTIONS

  Title: 5_class

  data:
    file is "S:\Temp\MPlus\data_lca_doomedtofail.csv";

  variable:
    names = ID_t
            big_ope big_con big_ext big_agr big_neu
            int_edi int_ssi int_abi ext_uti ext_lod ext_soi
            aca_abi
            par_edu hisei
            str_aca_int nor_aca_int pee_soc_int fac_soc_int
            dro_int dro_out;
    missing = all(-99);
    idvariable = ID_t;

    usevariables = big_ope big_con big_ext big_agr big_neu
                   int_edi int_ssi int_abi ext_uti ext_lod ext_soi
                   aca_abi
                   par_edu hisei;
    auxiliary = str_aca_int nor_aca_int pee_soc_int fac_soc_int
                dro_int dro_out;

    classes = C (5);
    categorical = par_edu;

  define:
    standardize big_ope big_con big_ext big_agr big_neu
                int_edi int_ssi int_abi ext_uti ext_lod ext_soi
                aca_abi hisei;

  analysis:
    type = mixture;
    estimator = mlr;
    starts 400 100;
    process = 4;

  model:
    %c#1%
    [big_ope*];
    [big_con*];
    [big_ext*];
    [big_agr*];
    [big_neu*];
    [int_edi*];
    [int_ssi*];
    [int_abi*];
    [ext_uti*];
    [ext_lod*];
    [ext_soi*];
    [aca_abi*];
    [hisei*];

    %c#2%
    [big_ope*];
    [big_con*];
    [big_ext*];
    [big_agr*];
    [big_neu*];
    [int_edi*];
    [int_ssi*];
    [int_abi*];
    [ext_uti*];
    [ext_lod*];
    [ext_soi*];
    [aca_abi*];
    [hisei*];

    %c#3%
    [big_ope*];
    [big_con*];
    [big_ext*];
    [big_agr*];
    [big_neu*];
    [int_edi*];
    [int_ssi*];
    [int_abi*];
    [ext_uti*];
    [ext_lod*];
    [ext_soi*];
    [aca_abi*];
    [hisei*];

    %c#4%
    [big_ope*];
    [big_con*];
    [big_ext*];
    [big_agr*];
    [big_neu*];
    [int_edi*];
    [int_ssi*];
    [int_abi*];
    [ext_uti*];
    [ext_lod*];
    [ext_soi*];
    [aca_abi*];
    [hisei*];

    %c#5%
    [big_ope*];
    [big_con*];
    [big_ext*];
    [big_agr*];
    [big_neu*];
    [int_edi*];
    [int_ssi*];
    [int_abi*];
    [ext_uti*];
    [ext_lod*];
    [ext_soi*];
    [aca_abi*];
    [hisei*];

  output:
    residual;
    Tech14;
    Tech11;
    sampstat;

  savedata:
    save =  bchweights;
    missflag = 9999;
    file = lca_bch_5class.dat;



*** WARNING in MODEL command
  All variables are uncorrelated with all other variables within class.
  Check that this is what is intended.
*** WARNING
  Data set contains cases with missing on all variables.
  These cases were not included in the analysis.
  Number of cases with missing on all variables:  3
   2 WARNING(S) FOUND IN THE INPUT INSTRUCTIONS



5_class

SUMMARY OF ANALYSIS

Number of groups                                                 1
Number of observations                                        5772

Number of dependent variables                                   14
Number of independent variables                                  0
Number of continuous latent variables                            0
Number of categorical latent variables                           1

Observed dependent variables

  Continuous
   BIG_OPE     BIG_CON     BIG_EXT     BIG_AGR     BIG_NEU     INT_EDI
   INT_SSI     INT_ABI     EXT_UTI     EXT_LOD     EXT_SOI     ACA_ABI
   HISEI

  Binary and ordered categorical (ordinal)
   PAR_EDU

Observed auxiliary variables
   STR_ACA_IN  NOR_ACA_IN  PEE_SOC_IN  FAC_SOC_IN  DRO_INT     DRO_OUT

Categorical latent variables
   C

Variables with special functions

  ID variable           ID_T

Estimator                                                      MLR
Information matrix                                        OBSERVED
Optimization Specifications for the Quasi-Newton Algorithm for
Continuous Outcomes
  Maximum number of iterations                                 100
  Convergence criterion                                  0.100D-05
Optimization Specifications for the EM Algorithm
  Maximum number of iterations                                 500
  Convergence criteria
    Loglikelihood change                                 0.100D-06
    Relative loglikelihood change                        0.100D-06
    Derivative                                           0.100D-05
Optimization Specifications for the M step of the EM Algorithm for
Categorical Latent variables
  Number of M step iterations                                    1
  M step convergence criterion                           0.100D-05
  Basis for M step termination                           ITERATION
Optimization Specifications for the M step of the EM Algorithm for
Censored, Binary or Ordered Categorical (Ordinal), Unordered
Categorical (Nominal) and Count Outcomes
  Number of M step iterations                                    1
  M step convergence criterion                           0.100D-05
  Basis for M step termination                           ITERATION
  Maximum value for logit thresholds                            15
  Minimum value for logit thresholds                           -15
  Minimum expected cell size for chi-square              0.100D-01
Maximum number of iterations for H1                           2000
Convergence criterion for H1                             0.100D-03
Optimization algorithm                                         EMA
Random Starts Specifications
  Number of initial stage random starts                        400
  Number of final stage optimizations                          100
  Number of initial stage iterations                            10
  Initial stage convergence criterion                    0.100D+01
  Random starts scale                                    0.500D+01
  Random seed for generating random starts                       0
Link                                                         LOGIT

Input data file(s)
  S:\Temp\MPlus\data_lca_doomedtofail.csv
Input data format  FREE


SUMMARY OF DATA

     Number of missing data patterns            26
     Number of y missing data patterns          16
     Number of u missing data patterns           2


COVARIANCE COVERAGE OF DATA

Minimum covariance coverage value   0.100


     PROPORTION OF DATA PRESENT


           Covariance Coverage
              PAR_EDU       BIG_OPE       BIG_CON       BIG_EXT       BIG_AGR
              ________      ________      ________      ________      ________
 PAR_EDU        0.976
 BIG_OPE        0.805         0.825
 BIG_CON        0.805         0.825         0.825
 BIG_EXT        0.805         0.825         0.825         0.825
 BIG_AGR        0.805         0.825         0.825         0.825         0.825
 BIG_NEU        0.805         0.825         0.825         0.825         0.825
 INT_EDI        0.445         0.442         0.442         0.442         0.442
 INT_SSI        0.445         0.442         0.442         0.442         0.442
 INT_ABI        0.445         0.442         0.442         0.442         0.442
 EXT_UTI        0.445         0.442         0.442         0.442         0.442
 EXT_LOD        0.445         0.442         0.442         0.442         0.442
 EXT_SOI        0.445         0.442         0.442         0.442         0.442
 ACA_ABI        0.937         0.791         0.791         0.791         0.791
 HISEI          0.597         0.500         0.500         0.500         0.500


           Covariance Coverage
              BIG_NEU       INT_EDI       INT_SSI       INT_ABI       EXT_UTI
              ________      ________      ________      ________      ________
 BIG_NEU        0.825
 INT_EDI        0.442         0.454
 INT_SSI        0.442         0.454         0.454
 INT_ABI        0.442         0.454         0.454         0.454
 EXT_UTI        0.442         0.454         0.454         0.454         0.454
 EXT_LOD        0.442         0.454         0.454         0.454         0.454
 EXT_SOI        0.442         0.454         0.454         0.454         0.454
 ACA_ABI        0.791         0.441         0.441         0.441         0.441
 HISEI          0.500         0.276         0.276         0.276         0.276


           Covariance Coverage
              EXT_LOD       EXT_SOI       ACA_ABI       HISEI
              ________      ________      ________      ________
 EXT_LOD        0.454
 EXT_SOI        0.454         0.454
 ACA_ABI        0.441         0.441         0.959
 HISEI          0.276         0.276         0.581         0.602


     PROPORTION OF DATA PRESENT FOR U


           Covariance Coverage
              PAR_EDU
              ________
 PAR_EDU        0.976


     PROPORTION OF DATA PRESENT FOR Y


           Covariance Coverage
              BIG_OPE       BIG_CON       BIG_EXT       BIG_AGR       BIG_NEU
              ________      ________      ________      ________      ________
 BIG_OPE        0.825
 BIG_CON        0.825         0.825
 BIG_EXT        0.825         0.825         0.825
 BIG_AGR        0.825         0.825         0.825         0.825
 BIG_NEU        0.825         0.825         0.825         0.825         0.825
 INT_EDI        0.442         0.442         0.442         0.442         0.442
 INT_SSI        0.442         0.442         0.442         0.442         0.442
 INT_ABI        0.442         0.442         0.442         0.442         0.442
 EXT_UTI        0.442         0.442         0.442         0.442         0.442
 EXT_LOD        0.442         0.442         0.442         0.442         0.442
 EXT_SOI        0.442         0.442         0.442         0.442         0.442
 ACA_ABI        0.791         0.791         0.791         0.791         0.791
 HISEI          0.500         0.500         0.500         0.500         0.500


           Covariance Coverage
              INT_EDI       INT_SSI       INT_ABI       EXT_UTI       EXT_LOD
              ________      ________      ________      ________      ________
 INT_EDI        0.454
 INT_SSI        0.454         0.454
 INT_ABI        0.454         0.454         0.454
 EXT_UTI        0.454         0.454         0.454         0.454
 EXT_LOD        0.454         0.454         0.454         0.454         0.454
 EXT_SOI        0.454         0.454         0.454         0.454         0.454
 ACA_ABI        0.441         0.441         0.441         0.441         0.441
 HISEI          0.276         0.276         0.276         0.276         0.276


           Covariance Coverage
              EXT_SOI       ACA_ABI       HISEI
              ________      ________      ________
 EXT_SOI        0.454
 ACA_ABI        0.441         0.959
 HISEI          0.276         0.581         0.602


UNIVARIATE PROPORTIONS AND COUNTS FOR CATEGORICAL VARIABLES

    PAR_EDU
      Category 1    0.583         3284.000
      Category 2    0.260         1465.000
      Category 3    0.157          882.000


SAMPLE STATISTICS


     ESTIMATED SAMPLE STATISTICS


           Means
              BIG_OPE       BIG_CON       BIG_EXT       BIG_AGR       BIG_NEU
              ________      ________      ________      ________      ________
               -0.002        -0.007         0.001         0.001        -0.001


           Means
              INT_EDI       INT_SSI       INT_ABI       EXT_UTI       EXT_LOD
              ________      ________      ________      ________      ________
                0.000        -0.020        -0.015         0.010         0.026


           Means
              EXT_SOI       ACA_ABI       HISEI
              ________      ________      ________
               -0.001         0.000        -0.004


           Covariances
              BIG_OPE       BIG_CON       BIG_EXT       BIG_AGR       BIG_NEU
              ________      ________      ________      ________      ________
 BIG_OPE        1.000
 BIG_CON        0.055         1.001
 BIG_EXT        0.100         0.060         1.000
 BIG_AGR        0.106         0.103         0.010         1.000
 BIG_NEU        0.009         0.084        -0.220         0.032         1.000
 INT_EDI        0.114         0.084         0.113         0.164        -0.022
 INT_SSI        0.098         0.072         0.033        -0.045        -0.017
 INT_ABI        0.113         0.106         0.085         0.035        -0.086
 EXT_UTI       -0.026        -0.043         0.034        -0.020         0.010
 EXT_LOD       -0.081        -0.172        -0.053        -0.045         0.030
 EXT_SOI       -0.006        -0.057         0.014        -0.004         0.051
 ACA_ABI        0.045         0.206        -0.043        -0.024         0.043
 HISEI          0.077        -0.028         0.047         0.020        -0.034


           Covariances
              INT_EDI       INT_SSI       INT_ABI       EXT_UTI       EXT_LOD
              ________      ________      ________      ________      ________
 INT_EDI        1.001
 INT_SSI        0.108         1.003
 INT_ABI        0.295         0.290         1.002
 EXT_UTI       -0.001         0.100         0.062         1.000
 EXT_LOD       -0.134        -0.027        -0.093         0.246         1.004
 EXT_SOI       -0.019         0.083         0.099         0.310         0.371
 ACA_ABI       -0.013         0.159         0.115        -0.059        -0.176
 HISEI          0.035        -0.003         0.002         0.029        -0.006


           Covariances
              EXT_SOI       ACA_ABI       HISEI
              ________      ________      ________
 EXT_SOI        1.000
 ACA_ABI        0.002         1.000
 HISEI          0.098         0.105         1.000


           Correlations
              BIG_OPE       BIG_CON       BIG_EXT       BIG_AGR       BIG_NEU
              ________      ________      ________      ________      ________
 BIG_OPE        1.000
 BIG_CON        0.055         1.000
 BIG_EXT        0.100         0.060         1.000
 BIG_AGR        0.106         0.103         0.010         1.000
 BIG_NEU        0.009         0.084        -0.220         0.032         1.000
 INT_EDI        0.114         0.084         0.113         0.164        -0.022
 INT_SSI        0.098         0.072         0.033        -0.045        -0.017
 INT_ABI        0.113         0.106         0.085         0.035        -0.086
 EXT_UTI       -0.026        -0.043         0.034        -0.020         0.010
 EXT_LOD       -0.081        -0.171        -0.052        -0.045         0.030
 EXT_SOI       -0.006        -0.057         0.014        -0.004         0.051
 ACA_ABI        0.045         0.206        -0.043        -0.024         0.043
 HISEI          0.077        -0.028         0.047         0.020        -0.034


           Correlations
              INT_EDI       INT_SSI       INT_ABI       EXT_UTI       EXT_LOD
              ________      ________      ________      ________      ________
 INT_EDI        1.000
 INT_SSI        0.108         1.000
 INT_ABI        0.294         0.289         1.000
 EXT_UTI       -0.001         0.100         0.062         1.000
 EXT_LOD       -0.134        -0.027        -0.093         0.246         1.000
 EXT_SOI       -0.019         0.083         0.098         0.310         0.371
 ACA_ABI       -0.013         0.159         0.115        -0.059        -0.176
 HISEI          0.035        -0.003         0.002         0.029        -0.006


           Correlations
              EXT_SOI       ACA_ABI       HISEI
              ________      ________      ________
 EXT_SOI        1.000
 ACA_ABI        0.002         1.000
 HISEI          0.098         0.105         1.000


     MAXIMUM LOG-LIKELIHOOD VALUE FOR THE UNRESTRICTED (H1) MODEL IS -67628.490


UNIVARIATE SAMPLE STATISTICS


     UNIVARIATE HIGHER-ORDER MOMENT DESCRIPTIVE STATISTICS

         Variable/         Mean/     Skewness/   Minimum/ % with                Percentiles
        Sample Size      Variance    Kurtosis    Maximum  Min/Max      20%/60%    40%/80%    Median

     BIG_OPE               0.000      -0.388      -3.070    0.15%      -0.782     -0.209      0.363
            4763.000       1.000      -0.544       1.507   11.25%       0.363      0.935
     BIG_CON               0.000      -0.379      -3.752    0.04%      -1.125     -0.468      0.189
            4763.000       1.000      -0.294       1.502   13.60%       0.189      0.846
     BIG_EXT               0.000      -0.479      -3.619    0.02%      -1.097      0.164      0.164
            4763.000       1.000      -0.319       1.425   14.61%       0.164      0.794
     BIG_AGR               0.000      -0.322      -3.870    0.15%      -0.710     -0.078     -0.078
            4763.000       1.000       0.267       2.450    0.92%       0.554      0.554
     BIG_NEU               0.000       0.206      -2.171    2.71%      -0.912     -0.282     -0.282
            4763.000       1.000      -0.108       2.866    0.82%       0.347      0.977
     INT_EDI               0.000      -0.873      -4.105    0.34%      -0.633     -0.054     -0.054
            2623.000       1.000       0.680       1.103   27.41%       0.524      1.103
     INT_SSI               0.000      -0.561      -3.127    1.03%      -0.579     -0.069     -0.069
            2623.000       1.000       0.157       1.460   12.73%       0.441      0.950
     INT_ABI               0.000      -0.423      -4.418    0.08%      -1.117     -0.457      0.203
            2623.000       1.000       0.058       1.524   12.66%       0.203      0.863
     EXT_UTI               0.000      -0.456      -2.965    0.69%      -0.760     -0.130      0.185
            2623.000       1.000      -0.050       1.760    3.96%       0.185      0.815
     EXT_LOD               0.000       1.355      -0.801   46.59%      -0.801     -0.801     -0.189
            2623.000       1.000       1.694       4.705    0.19%      -0.189      1.034
     EXT_SOI               0.000       0.558      -1.284   18.91%      -0.792     -0.300     -0.300
            2623.000       1.000      -0.231       3.144    0.65%       0.192      0.684
     ACA_ABI               0.000      -0.044      -2.789    0.02%      -0.878     -0.357     -0.010
            5533.000       1.000      -0.595       2.248    0.96%       0.338      0.859
     HISEI                 0.000      -0.119      -1.925    0.23%      -1.156     -0.271      0.054
            3472.000       1.000      -1.343       1.613    0.17%       0.425      1.049

RANDOM STARTS RESULTS RANKED FROM THE BEST TO THE WORST LOGLIKELIHOOD VALUES

Final stage loglikelihood values at local maxima, seeds, and initial stage start numbers:

          -72269.699  507154           387
          -72269.699  349562           359
          -72271.076  30098            209
          -72271.076  23012            352
          -72271.076  392766           331
          -72271.076  107446           12
          -72271.076  850545           357
          -72271.076  923437           398
          -72271.076  285380           1
          -72271.076  286735           175
          -72271.076  484501           163
          -72271.076  860772           174
          -72271.076  405079           68
          -72271.076  217744           326
          -72271.076  608496           4
          -72271.076  576596           99
          -72271.076  182524           373
          -72271.076  567165           319
          -72271.076  402224           91
          -72271.076  211281           292
          -72271.076  714997           399
          -72271.076  50887            389
          -72271.076  232226           235
          -72271.076  66276            217
          -72271.076  496710           386
          -72271.076  440841           118
          -72271.076  534864           307
          -72271.076  915107           54
          -72271.076  372176           23
          -72271.076  150531           154
          -72271.076  124999           96
          -72271.076  349263           263
          -72271.076  741888           138
          -72271.076  915642           40
          -72271.076  824126           287
          -72271.076  814975           129
          -72271.076  985387           381
          -72271.076  695155           150
          -72271.076  170118           238
          -72271.076  264935           281
          -72271.076  761633           50
          -72271.076  417035           149
          -72271.076  340112           126
          -72271.076  595153           230
          -72271.076  391179           78
          -72271.076  544048           87
          -72271.076  415931           10
          -72271.076  782200           84
          -72271.076  278692           342
          -72271.076  829540           324
          -72271.076  592219           119
          -72271.076  80438            246
          -72271.076  960438           116
          -72271.076  282464           283
          -72271.076  479273           156
          -72271.076  603842           61
          -72271.076  404426           344
          -72271.076  281558           184
          -72440.661  301180           236
          -72440.661  165853           105
          -72445.898  645664           39
          -72460.213  777045           377
          -72523.563  973369           202
          -72523.563  691234           250

36 perturbed starting value run(s) did not converge or were rejected in the third stage.



THE BEST LOGLIKELIHOOD VALUE HAS BEEN REPLICATED.  RERUN WITH AT LEAST TWICE THE
RANDOM STARTS TO CHECK THAT THE BEST LOGLIKELIHOOD IS STILL OBTAINED AND REPLICATED.


THE MODEL ESTIMATION TERMINATED NORMALLY



MODEL FIT INFORMATION

Number of Free Parameters                       92

Loglikelihood

          H0 Value                      -72269.699
          H0 Scaling Correction Factor      1.2573
            for MLR

Information Criteria

          Akaike (AIC)                  144723.398
          Bayesian (BIC)                145336.190
          Sample-Size Adjusted BIC      145043.841
            (n* = (n + 2) / 24)

Chi-Square Test of Model Fit for the Binary and Ordered Categorical
(Ordinal) Outcomes

          Pearson Chi-Square

          Value                              0.009
          Degrees of freedom cannot be computed for this model part.

          Likelihood Ratio Chi-Square

          Value                              0.009
          Degrees of freedom cannot be computed for this model part.

Chi-Square Test for MCAR under the Unrestricted Latent Class Indicator Model

          Pearson Chi-Square

          Value                              0.000
          Degrees of Freedom                     0
          P-Value                           1.0000

          Likelihood Ratio Chi-Square

          Value                              0.000
          Degrees of Freedom                     0
          P-Value                           1.0000



FINAL CLASS COUNTS AND PROPORTIONS FOR THE LATENT CLASSES
BASED ON THE ESTIMATED MODEL

    Latent
   Classes

       1        279.63968          0.04845
       2       2097.59606          0.36341
       3       1693.02880          0.29332
       4        787.85613          0.13650
       5        913.87932          0.15833


FINAL CLASS COUNTS AND PROPORTIONS FOR THE LATENT CLASSES
BASED ON ESTIMATED POSTERIOR PROBABILITIES

    Latent
   Classes

       1        279.63968          0.04845
       2       2097.59606          0.36341
       3       1693.02880          0.29332
       4        787.85613          0.13650
       5        913.87932          0.15833


FINAL CLASS COUNTS AND PROPORTIONS FOR THE LATENT CLASSES
BASED ON THEIR MOST LIKELY LATENT CLASS MEMBERSHIP

Class Counts and Proportions

    Latent
   Classes

       1              158          0.02737
       2             2614          0.45288
       3             1870          0.32398
       4              485          0.08403
       5              645          0.11175


CLASSIFICATION QUALITY

     Entropy                         0.576


Average Latent Class Probabilities for Most Likely Latent Class Membership (Row)
by Latent Class (Column)

           1        2        3        4        5

    1   0.801    0.031    0.035    0.064    0.069
    2   0.021    0.709    0.096    0.135    0.039
    3   0.026    0.077    0.719    0.014    0.165
    4   0.030    0.142    0.011    0.709    0.109
    5   0.052    0.041    0.137    0.085    0.685


Classification Probabilities for the Most Likely Latent Class Membership (Column)
by Latent Class (Row)

           1        2        3        4        5

    1   0.453    0.199    0.177    0.052    0.119
    2   0.002    0.884    0.068    0.033    0.013
    3   0.003    0.148    0.794    0.003    0.052
    4   0.013    0.449    0.032    0.436    0.070
    5   0.012    0.110    0.337    0.058    0.483


Logits for the Classification Probabilities for the Most Likely Latent Class Membership (Column)
by Latent Class (Row)

              1        2        3        4        5

    1      1.335    0.514    0.397   -0.830    0.000
    2     -1.711    4.239    1.680    0.945    0.000
    3     -2.773    1.038    2.720   -2.814    0.000
    4     -1.686    1.863   -0.768    1.835    0.000
    5     -3.702   -1.477   -0.361   -2.125    0.000


MODEL RESULTS

                                                    Two-Tailed
                    Estimate       S.E.  Est./S.E.    P-Value

Latent Class 1

 Means
    BIG_OPE           -0.101      0.127     -0.789      0.430
    BIG_CON           -0.518      0.141     -3.667      0.000
    BIG_EXT           -0.392      0.154     -2.546      0.011
    BIG_AGR           -0.160      0.107     -1.486      0.137
    BIG_NEU            0.237      0.149      1.596      0.110
    INT_EDI           -0.452      0.115     -3.912      0.000
    INT_SSI           -0.031      0.099     -0.317      0.751
    INT_ABI           -0.254      0.105     -2.420      0.016
    EXT_UTI            0.533      0.083      6.412      0.000
    EXT_LOD            2.775      0.109     25.354      0.000
    EXT_SOI            0.782      0.122      6.392      0.000
    ACA_ABI           -0.416      0.095     -4.363      0.000
    HISEI              0.320      0.186      1.723      0.085

 Thresholds
    PAR_EDU$1          0.004      0.373      0.010      0.992
    PAR_EDU$2          1.427      0.318      4.491      0.000

 Variances
    BIG_OPE            0.979      0.018     54.480      0.000
    BIG_CON            0.946      0.020     46.756      0.000
    BIG_EXT            0.989      0.019     51.087      0.000
    BIG_AGR            0.992      0.022     46.105      0.000
    BIG_NEU            0.995      0.020     49.111      0.000
    INT_EDI            0.974      0.032     30.502      0.000
    INT_SSI            0.998      0.029     34.578      0.000
    INT_ABI            0.986      0.028     35.093      0.000
    EXT_UTI            0.940      0.026     36.699      0.000
    EXT_LOD            0.174      0.015     11.676      0.000
    EXT_SOI            0.842      0.024     34.643      0.000
    ACA_ABI            0.931      0.018     52.266      0.000
    HISEI              0.272      0.009     29.690      0.000

Latent Class 2

 Means
    BIG_OPE           -0.030      0.036     -0.822      0.411
    BIG_CON            0.180      0.034      5.217      0.000
    BIG_EXT           -0.030      0.038     -0.769      0.442
    BIG_AGR            0.023      0.034      0.680      0.497
    BIG_NEU            0.052      0.040      1.306      0.191
    INT_EDI            0.005      0.042      0.110      0.912
    INT_SSI            0.003      0.047      0.058      0.954
    INT_ABI           -0.009      0.044     -0.208      0.835
    EXT_UTI           -0.204      0.045     -4.503      0.000
    EXT_LOD           -0.564      0.027    -20.659      0.000
    EXT_SOI           -0.384      0.039     -9.837      0.000
    ACA_ABI            0.023      0.034      0.677      0.498
    HISEI             -0.840      0.031    -26.735      0.000

 Thresholds
    PAR_EDU$1          1.845      0.106     17.476      0.000
    PAR_EDU$2          4.367      0.309     14.147      0.000

 Variances
    BIG_OPE            0.979      0.018     54.480      0.000
    BIG_CON            0.946      0.020     46.756      0.000
    BIG_EXT            0.989      0.019     51.087      0.000
    BIG_AGR            0.992      0.022     46.105      0.000
    BIG_NEU            0.995      0.020     49.111      0.000
    INT_EDI            0.974      0.032     30.502      0.000
    INT_SSI            0.998      0.029     34.578      0.000
    INT_ABI            0.986      0.028     35.093      0.000
    EXT_UTI            0.940      0.026     36.699      0.000
    EXT_LOD            0.174      0.015     11.676      0.000
    EXT_SOI            0.842      0.024     34.643      0.000
    ACA_ABI            0.931      0.018     52.266      0.000
    HISEI              0.272      0.009     29.690      0.000

Latent Class 3

 Means
    BIG_OPE            0.200      0.036      5.559      0.000
    BIG_CON            0.136      0.044      3.078      0.002
    BIG_EXT            0.106      0.041      2.581      0.010
    BIG_AGR            0.093      0.034      2.699      0.007
    BIG_NEU           -0.042      0.044     -0.968      0.333
    INT_EDI            0.186      0.043      4.361      0.000
    INT_SSI            0.059      0.049      1.186      0.236
    INT_ABI            0.147      0.049      3.007      0.003
    EXT_UTI           -0.121      0.049     -2.479      0.013
    EXT_LOD           -0.592      0.020    -30.158      0.000
    EXT_SOI           -0.119      0.043     -2.767      0.006
    ACA_ABI            0.302      0.044      6.804      0.000
    HISEI              0.908      0.029     31.073      0.000

 Thresholds
    PAR_EDU$1         -1.013      0.165     -6.154      0.000
    PAR_EDU$2          0.765      0.100      7.652      0.000

 Variances
    BIG_OPE            0.979      0.018     54.480      0.000
    BIG_CON            0.946      0.020     46.756      0.000
    BIG_EXT            0.989      0.019     51.087      0.000
    BIG_AGR            0.992      0.022     46.105      0.000
    BIG_NEU            0.995      0.020     49.111      0.000
    INT_EDI            0.974      0.032     30.502      0.000
    INT_SSI            0.998      0.029     34.578      0.000
    INT_ABI            0.986      0.028     35.093      0.000
    EXT_UTI            0.940      0.026     36.699      0.000
    EXT_LOD            0.174      0.015     11.676      0.000
    EXT_SOI            0.842      0.024     34.643      0.000
    ACA_ABI            0.931      0.018     52.266      0.000
    HISEI              0.272      0.009     29.690      0.000

Latent Class 4

 Means
    BIG_OPE           -0.226      0.097     -2.346      0.019
    BIG_CON           -0.360      0.116     -3.090      0.002
    BIG_EXT           -0.027      0.099     -0.272      0.785
    BIG_AGR           -0.156      0.096     -1.634      0.102
    BIG_NEU           -0.037      0.110     -0.340      0.734
    INT_EDI           -0.119      0.081     -1.474      0.141
    INT_SSI           -0.096      0.066     -1.469      0.142
    INT_ABI           -0.186      0.096     -1.938      0.053
    EXT_UTI            0.335      0.060      5.599      0.000
    EXT_LOD            1.145      0.137      8.373      0.000
    EXT_SOI            0.414      0.085      4.869      0.000
    ACA_ABI           -0.487      0.091     -5.381      0.000
    HISEI             -0.921      0.060    -15.341      0.000

 Thresholds
    PAR_EDU$1          1.537      0.194      7.935      0.000
    PAR_EDU$2          3.884      0.462      8.402      0.000

 Variances
    BIG_OPE            0.979      0.018     54.480      0.000
    BIG_CON            0.946      0.020     46.756      0.000
    BIG_EXT            0.989      0.019     51.087      0.000
    BIG_AGR            0.992      0.022     46.105      0.000
    BIG_NEU            0.995      0.020     49.111      0.000
    INT_EDI            0.974      0.032     30.502      0.000
    INT_SSI            0.998      0.029     34.578      0.000
    INT_ABI            0.986      0.028     35.093      0.000
    EXT_UTI            0.940      0.026     36.699      0.000
    EXT_LOD            0.174      0.015     11.676      0.000
    EXT_SOI            0.842      0.024     34.643      0.000
    ACA_ABI            0.931      0.018     52.266      0.000
    HISEI              0.272      0.009     29.690      0.000

Latent Class 5

 Means
    BIG_OPE           -0.086      0.063     -1.378      0.168
    BIG_CON           -0.211      0.095     -2.225      0.026
    BIG_EXT            0.008      0.078      0.104      0.917
    BIG_AGR           -0.048      0.061     -0.783      0.434
    BIG_NEU           -0.078      0.089     -0.879      0.380
    INT_EDI           -0.161      0.074     -2.171      0.030
    INT_SSI           -0.040      0.057     -0.688      0.491
    INT_ABI           -0.057      0.081     -0.695      0.487
    EXT_UTI            0.297      0.052      5.744      0.000
    EXT_LOD            0.802      0.051     15.713      0.000
    EXT_SOI            0.570      0.065      8.739      0.000
    ACA_ABI           -0.072      0.085     -0.848      0.396
    HISEI              0.827      0.059     14.085      0.000

 Thresholds
    PAR_EDU$1         -0.623      0.271     -2.300      0.021
    PAR_EDU$2          0.879      0.191      4.597      0.000

 Variances
    BIG_OPE            0.979      0.018     54.480      0.000
    BIG_CON            0.946      0.020     46.756      0.000
    BIG_EXT            0.989      0.019     51.087      0.000
    BIG_AGR            0.992      0.022     46.105      0.000
    BIG_NEU            0.995      0.020     49.111      0.000
    INT_EDI            0.974      0.032     30.502      0.000
    INT_SSI            0.998      0.029     34.578      0.000
    INT_ABI            0.986      0.028     35.093      0.000
    EXT_UTI            0.940      0.026     36.699      0.000
    EXT_LOD            0.174      0.015     11.676      0.000
    EXT_SOI            0.842      0.024     34.643      0.000
    ACA_ABI            0.931      0.018     52.266      0.000
    HISEI              0.272      0.009     29.690      0.000

Categorical Latent Variables

 Means
    C#1               -1.184      0.207     -5.710      0.000
    C#2                0.831      0.076     11.005      0.000
    C#3                0.617      0.122      5.057      0.000
    C#4               -0.148      0.166     -0.896      0.370


QUALITY OF NUMERICAL RESULTS

     Condition Number for the Information Matrix              0.103E-05
       (ratio of smallest to largest eigenvalue)


RESULTS IN PROBABILITY SCALE

                                                    Two-Tailed
                    Estimate       S.E.  Est./S.E.    P-Value

Latent Class 1

 PAR_EDU
    Category 1         0.501      0.093      5.366      0.000
    Category 2         0.305      0.061      4.968      0.000
    Category 3         0.194      0.050      3.903      0.000

Latent Class 2

 PAR_EDU
    Category 1         0.863      0.012     69.406      0.000
    Category 2         0.124      0.012     10.428      0.000
    Category 3         0.013      0.004      3.281      0.001

Latent Class 3

 PAR_EDU
    Category 1         0.266      0.032      8.280      0.000
    Category 2         0.416      0.021     19.492      0.000
    Category 3         0.318      0.022     14.664      0.000

Latent Class 4

 PAR_EDU
    Category 1         0.823      0.028     29.171      0.000
    Category 2         0.157      0.026      6.041      0.000
    Category 3         0.020      0.009      2.208      0.027

Latent Class 5

 PAR_EDU
    Category 1         0.349      0.062      5.674      0.000
    Category 2         0.357      0.037      9.656      0.000
    Category 3         0.293      0.040      7.401      0.000


LATENT CLASS INDICATOR ODDS RATIOS FOR THE LATENT CLASSES

                                                95% C.I.
                    Estimate       S.E.  Lower 2.5% Upper 2.5%

Latent Class 1 Compared to Latent Class 2

 PAR_EDU
    Category > 1       6.302      2.489      2.905     13.668
    Category > 2      18.912      8.743      7.642     46.799

Latent Class 1 Compared to Latent Class 3

 PAR_EDU
    Category > 1       0.362      0.128      0.181      0.724
    Category > 2       0.516      0.159      0.282      0.945

Latent Class 1 Compared to Latent Class 4

 PAR_EDU
    Category > 1       4.631      1.782      2.179      9.845
    Category > 2      11.671      5.857      4.364     31.210

Latent Class 1 Compared to Latent Class 5

 PAR_EDU
    Category > 1       0.534      0.301      0.177      1.611
    Category > 2       0.578      0.250      0.248      1.348

Latent Class 2 Compared to Latent Class 3

 PAR_EDU
    Category > 1       0.057      0.013      0.037      0.088
    Category > 2       0.027      0.009      0.014      0.053

Latent Class 2 Compared to Latent Class 4

 PAR_EDU
    Category > 1       0.735      0.188      0.445      1.215
    Category > 2       0.617      0.394      0.177      2.154

Latent Class 2 Compared to Latent Class 5

 PAR_EDU
    Category > 1       0.085      0.023      0.050      0.144
    Category > 2       0.031      0.010      0.016      0.060

Latent Class 3 Compared to Latent Class 4

 PAR_EDU
    Category > 1      12.804      2.614      8.581     19.104
    Category > 2      22.628     10.142      9.400     54.472

Latent Class 3 Compared to Latent Class 5

 PAR_EDU
    Category > 1       1.477      0.602      0.665      3.282
    Category > 2       1.121      0.300      0.663      1.896

Latent Class 4 Compared to Latent Class 5

 PAR_EDU
    Category > 1       0.115      0.046      0.053      0.252
    Category > 2       0.050      0.028      0.017      0.148


RESIDUAL OUTPUT


     ESTIMATED MODEL AND RESIDUALS (OBSERVED - ESTIMATED) FOR CLASS 1


           Model Estimated Means
              BIG_OPE       BIG_CON       BIG_EXT       BIG_AGR       BIG_NEU
              ________      ________      ________      ________      ________
               -0.101        -0.518        -0.392        -0.160         0.237


           Model Estimated Means
              INT_EDI       INT_SSI       INT_ABI       EXT_UTI       EXT_LOD
              ________      ________      ________      ________      ________
               -0.452        -0.031        -0.254         0.533         2.775


           Model Estimated Means
              EXT_SOI       ACA_ABI       HISEI
              ________      ________      ________
                0.782        -0.416         0.320


           Residuals for Means
              BIG_OPE       BIG_CON       BIG_EXT       BIG_AGR       BIG_NEU
              ________      ________      ________      ________      ________
                0.000         0.000         0.000         0.000         0.000


           Residuals for Means
              INT_EDI       INT_SSI       INT_ABI       EXT_UTI       EXT_LOD
              ________      ________      ________      ________      ________
                0.000         0.000         0.000         0.000         0.000


           Residuals for Means
              EXT_SOI       ACA_ABI       HISEI
              ________      ________      ________
                0.000         0.000         0.000


           Model Estimated Covariances
              BIG_OPE       BIG_CON       BIG_EXT       BIG_AGR       BIG_NEU
              ________      ________      ________      ________      ________
 BIG_OPE        0.979
 BIG_CON        0.000         0.946
 BIG_EXT        0.000         0.000         0.989
 BIG_AGR        0.000         0.000         0.000         0.992
 BIG_NEU        0.000         0.000         0.000         0.000         0.995
 INT_EDI        0.000         0.000         0.000         0.000         0.000
 INT_SSI        0.000         0.000         0.000         0.000         0.000
 INT_ABI        0.000         0.000         0.000         0.000         0.000
 EXT_UTI        0.000         0.000         0.000         0.000         0.000
 EXT_LOD        0.000         0.000         0.000         0.000         0.000
 EXT_SOI        0.000         0.000         0.000         0.000         0.000
 ACA_ABI        0.000         0.000         0.000         0.000         0.000
 HISEI          0.000         0.000         0.000         0.000         0.000


           Model Estimated Covariances
              INT_EDI       INT_SSI       INT_ABI       EXT_UTI       EXT_LOD
              ________      ________      ________      ________      ________
 INT_EDI        0.974
 INT_SSI        0.000         0.998
 INT_ABI        0.000         0.000         0.986
 EXT_UTI        0.000         0.000         0.000         0.940
 EXT_LOD        0.000         0.000         0.000         0.000         0.174
 EXT_SOI        0.000         0.000         0.000         0.000         0.000
 ACA_ABI        0.000         0.000         0.000         0.000         0.000
 HISEI          0.000         0.000         0.000         0.000         0.000


           Model Estimated Covariances
              EXT_SOI       ACA_ABI       HISEI
              ________      ________      ________
 EXT_SOI        0.842
 ACA_ABI        0.000         0.931
 HISEI          0.000         0.000         0.272


           Residuals for Covariances
              BIG_OPE       BIG_CON       BIG_EXT       BIG_AGR       BIG_NEU
              ________      ________      ________      ________      ________
 BIG_OPE        0.117
 BIG_CON        0.024         0.206
 BIG_EXT        0.119         0.160         0.153
 BIG_AGR       -0.014         0.118        -0.027         0.007
 BIG_NEU        0.030         0.086        -0.289         0.050         0.070
 INT_EDI       -0.131         0.013         0.073         0.097        -0.025
 INT_SSI       -0.090         0.060         0.116        -0.151         0.030
 INT_ABI        0.057        -0.024         0.167        -0.011        -0.036
 EXT_UTI       -0.013         0.128         0.147        -0.039         0.125
 EXT_LOD        0.141         0.456         0.165         0.231         0.036
 EXT_SOI        0.147         0.223        -0.072        -0.071         0.341
 ACA_ABI       -0.013         0.136        -0.001        -0.047         0.076
 HISEI          0.032        -0.030         0.049        -0.025         0.001


           Residuals for Covariances
              INT_EDI       INT_SSI       INT_ABI       EXT_UTI       EXT_LOD
              ________      ________      ________      ________      ________
 INT_EDI        0.329
 INT_SSI        0.309         0.000
 INT_ABI        0.453         0.434         0.037
 EXT_UTI        0.110         0.319         0.238        -0.256
 EXT_LOD       -0.044         0.086         0.068         0.057         0.276
 EXT_SOI        0.102         0.130         0.247         0.186         0.104
 ACA_ABI       -0.119         0.124        -0.080         0.158         0.588
 HISEI         -0.031        -0.174        -0.202        -0.153        -0.166


           Residuals for Covariances
              EXT_SOI       ACA_ABI       HISEI
              ________      ________      ________
 EXT_SOI        0.345
 ACA_ABI        0.179        -0.069
 HISEI         -0.064         0.070         0.228


     ESTIMATED MODEL AND RESIDUALS (OBSERVED - ESTIMATED) FOR CLASS 2


           Model Estimated Means
              BIG_OPE       BIG_CON       BIG_EXT       BIG_AGR       BIG_NEU
              ________      ________      ________      ________      ________
               -0.030         0.180        -0.030         0.023         0.052


           Model Estimated Means
              INT_EDI       INT_SSI       INT_ABI       EXT_UTI       EXT_LOD
              ________      ________      ________      ________      ________
                0.005         0.003        -0.009        -0.204        -0.564


           Model Estimated Means
              EXT_SOI       ACA_ABI       HISEI
              ________      ________      ________
               -0.384         0.023        -0.840


           Residuals for Means
              BIG_OPE       BIG_CON       BIG_EXT       BIG_AGR       BIG_NEU
              ________      ________      ________      ________      ________
                0.000         0.000         0.000         0.000         0.000


           Residuals for Means
              INT_EDI       INT_SSI       INT_ABI       EXT_UTI       EXT_LOD
              ________      ________      ________      ________      ________
                0.000         0.000         0.000         0.000         0.000


           Residuals for Means
              EXT_SOI       ACA_ABI       HISEI
              ________      ________      ________
                0.000         0.000         0.000


           Model Estimated Covariances
              BIG_OPE       BIG_CON       BIG_EXT       BIG_AGR       BIG_NEU
              ________      ________      ________      ________      ________
 BIG_OPE        0.979
 BIG_CON        0.000         0.946
 BIG_EXT        0.000         0.000         0.989
 BIG_AGR        0.000         0.000         0.000         0.992
 BIG_NEU        0.000         0.000         0.000         0.000         0.995
 INT_EDI        0.000         0.000         0.000         0.000         0.000
 INT_SSI        0.000         0.000         0.000         0.000         0.000
 INT_ABI        0.000         0.000         0.000         0.000         0.000
 EXT_UTI        0.000         0.000         0.000         0.000         0.000
 EXT_LOD        0.000         0.000         0.000         0.000         0.000
 EXT_SOI        0.000         0.000         0.000         0.000         0.000
 ACA_ABI        0.000         0.000         0.000         0.000         0.000
 HISEI          0.000         0.000         0.000         0.000         0.000


           Model Estimated Covariances
              INT_EDI       INT_SSI       INT_ABI       EXT_UTI       EXT_LOD
              ________      ________      ________      ________      ________
 INT_EDI        0.974
 INT_SSI        0.000         0.998
 INT_ABI        0.000         0.000         0.986
 EXT_UTI        0.000         0.000         0.000         0.940
 EXT_LOD        0.000         0.000         0.000         0.000         0.174
 EXT_SOI        0.000         0.000         0.000         0.000         0.000
 ACA_ABI        0.000         0.000         0.000         0.000         0.000
 HISEI          0.000         0.000         0.000         0.000         0.000


           Model Estimated Covariances
              EXT_SOI       ACA_ABI       HISEI
              ________      ________      ________
 EXT_SOI        0.842
 ACA_ABI        0.000         0.931
 HISEI          0.000         0.000         0.272


           Residuals for Covariances
              BIG_OPE       BIG_CON       BIG_EXT       BIG_AGR       BIG_NEU
              ________      ________      ________      ________      ________
 BIG_OPE        0.026
 BIG_CON        0.025        -0.048
 BIG_EXT        0.098         0.030         0.031
 BIG_AGR        0.102         0.076         0.016        -0.013
 BIG_NEU        0.015         0.068        -0.213         0.034         0.030
 INT_EDI        0.122         0.065         0.106         0.145         0.016
 INT_SSI        0.119         0.055         0.057        -0.089        -0.019
 INT_ABI        0.092         0.095         0.057         0.058        -0.090
 EXT_UTI       -0.002         0.003         0.063         0.014         0.013
 EXT_LOD        0.012         0.010         0.038         0.006         0.015
 EXT_SOI        0.009        -0.006         0.047         0.010         0.017
 ACA_ABI       -0.017         0.133        -0.073        -0.073         0.033
 HISEI         -0.001        -0.013        -0.007        -0.024         0.021


           Residuals for Covariances
              INT_EDI       INT_SSI       INT_ABI       EXT_UTI       EXT_LOD
              ________      ________      ________      ________      ________
 INT_EDI        0.089
 INT_SSI        0.083         0.169
 INT_ABI        0.272         0.284         0.003
 EXT_UTI       -0.005         0.111         0.046         0.140
 EXT_LOD       -0.007         0.016        -0.007         0.032        -0.034
 EXT_SOI        0.024         0.116         0.104         0.211         0.052
 ACA_ABI       -0.043         0.161         0.081        -0.055        -0.065
 HISEI         -0.008        -0.069        -0.065         0.029        -0.051


           Residuals for Covariances
              EXT_SOI       ACA_ABI       HISEI
              ________      ________      ________
 EXT_SOI       -0.126
 ACA_ABI       -0.011        -0.005
 HISEI         -0.006        -0.055         0.049


     ESTIMATED MODEL AND RESIDUALS (OBSERVED - ESTIMATED) FOR CLASS 3


           Model Estimated Means
              BIG_OPE       BIG_CON       BIG_EXT       BIG_AGR       BIG_NEU
              ________      ________      ________      ________      ________
                0.200         0.136         0.106         0.093        -0.042


           Model Estimated Means
              INT_EDI       INT_SSI       INT_ABI       EXT_UTI       EXT_LOD
              ________      ________      ________      ________      ________
                0.186         0.059         0.147        -0.121        -0.592


           Model Estimated Means
              EXT_SOI       ACA_ABI       HISEI
              ________      ________      ________
               -0.119         0.302         0.908


           Residuals for Means
              BIG_OPE       BIG_CON       BIG_EXT       BIG_AGR       BIG_NEU
              ________      ________      ________      ________      ________
                0.000         0.000         0.000         0.000         0.000


           Residuals for Means
              INT_EDI       INT_SSI       INT_ABI       EXT_UTI       EXT_LOD
              ________      ________      ________      ________      ________
                0.000         0.000         0.000         0.000         0.000


           Residuals for Means
              EXT_SOI       ACA_ABI       HISEI
              ________      ________      ________
                0.000         0.000         0.000


           Model Estimated Covariances
              BIG_OPE       BIG_CON       BIG_EXT       BIG_AGR       BIG_NEU
              ________      ________      ________      ________      ________
 BIG_OPE        0.979
 BIG_CON        0.000         0.946
 BIG_EXT        0.000         0.000         0.989
 BIG_AGR        0.000         0.000         0.000         0.992
 BIG_NEU        0.000         0.000         0.000         0.000         0.995
 INT_EDI        0.000         0.000         0.000         0.000         0.000
 INT_SSI        0.000         0.000         0.000         0.000         0.000
 INT_ABI        0.000         0.000         0.000         0.000         0.000
 EXT_UTI        0.000         0.000         0.000         0.000         0.000
 EXT_LOD        0.000         0.000         0.000         0.000         0.000
 EXT_SOI        0.000         0.000         0.000         0.000         0.000
 ACA_ABI        0.000         0.000         0.000         0.000         0.000
 HISEI          0.000         0.000         0.000         0.000         0.000


           Model Estimated Covariances
              INT_EDI       INT_SSI       INT_ABI       EXT_UTI       EXT_LOD
              ________      ________      ________      ________      ________
 INT_EDI        0.974
 INT_SSI        0.000         0.998
 INT_ABI        0.000         0.000         0.986
 EXT_UTI        0.000         0.000         0.000         0.940
 EXT_LOD        0.000         0.000         0.000         0.000         0.174
 EXT_SOI        0.000         0.000         0.000         0.000         0.000
 ACA_ABI        0.000         0.000         0.000         0.000         0.000
 HISEI          0.000         0.000         0.000         0.000         0.000


           Model Estimated Covariances
              EXT_SOI       ACA_ABI       HISEI
              ________      ________      ________
 EXT_SOI        0.842
 ACA_ABI        0.000         0.931
 HISEI          0.000         0.000         0.272


           Residuals for Covariances
              BIG_OPE       BIG_CON       BIG_EXT       BIG_AGR       BIG_NEU
              ________      ________      ________      ________      ________
 BIG_OPE       -0.065
 BIG_CON        0.050        -0.045
 BIG_EXT        0.093         0.044        -0.049
 BIG_AGR        0.077         0.074         0.007        -0.057
 BIG_NEU       -0.003         0.078        -0.191         0.025        -0.033
 INT_EDI        0.097         0.086         0.066         0.143         0.018
 INT_SSI        0.056         0.086        -0.023        -0.041        -0.006
 INT_ABI        0.048         0.115         0.071        -0.002        -0.038
 EXT_UTI       -0.021         0.002         0.017        -0.007         0.015
 EXT_LOD        0.015         0.015         0.026        -0.014         0.021
 EXT_SOI       -0.020         0.037         0.052         0.012         0.058
 ACA_ABI        0.058         0.177        -0.037        -0.017         0.043
 HISEI         -0.006        -0.019         0.004        -0.008        -0.009


           Residuals for Covariances
              INT_EDI       INT_SSI       INT_ABI       EXT_UTI       EXT_LOD
              ________      ________      ________      ________      ________
 INT_EDI       -0.100
 INT_SSI        0.068         0.023
 INT_ABI        0.227         0.296        -0.012
 EXT_UTI        0.000         0.126         0.062         0.122
 EXT_LOD       -0.002         0.000         0.003         0.031        -0.059
 EXT_SOI       -0.008         0.119         0.119         0.254         0.043
 ACA_ABI        0.042         0.167         0.134        -0.052        -0.063
 HISEI          0.013         0.037        -0.025        -0.019         0.006


           Residuals for Covariances
              EXT_SOI       ACA_ABI       HISEI
              ________      ________      ________
 EXT_SOI        0.037
 ACA_ABI        0.028         0.000
 HISEI         -0.037         0.027        -0.073


     ESTIMATED MODEL AND RESIDUALS (OBSERVED - ESTIMATED) FOR CLASS 4


           Model Estimated Means
              BIG_OPE       BIG_CON       BIG_EXT       BIG_AGR       BIG_NEU
              ________      ________      ________      ________      ________
               -0.226        -0.360        -0.027        -0.156        -0.037


           Model Estimated Means
              INT_EDI       INT_SSI       INT_ABI       EXT_UTI       EXT_LOD
              ________      ________      ________      ________      ________
               -0.119        -0.096        -0.186         0.335         1.145


           Model Estimated Means
              EXT_SOI       ACA_ABI       HISEI
              ________      ________      ________
                0.414        -0.487        -0.921


           Residuals for Means
              BIG_OPE       BIG_CON       BIG_EXT       BIG_AGR       BIG_NEU
              ________      ________      ________      ________      ________
                0.000         0.000         0.000         0.000         0.000


           Residuals for Means
              INT_EDI       INT_SSI       INT_ABI       EXT_UTI       EXT_LOD
              ________      ________      ________      ________      ________
                0.000         0.000         0.000         0.000         0.000


           Residuals for Means
              EXT_SOI       ACA_ABI       HISEI
              ________      ________      ________
                0.000         0.000         0.000


           Model Estimated Covariances
              BIG_OPE       BIG_CON       BIG_EXT       BIG_AGR       BIG_NEU
              ________      ________      ________      ________      ________
 BIG_OPE        0.979
 BIG_CON        0.000         0.946
 BIG_EXT        0.000         0.000         0.989
 BIG_AGR        0.000         0.000         0.000         0.992
 BIG_NEU        0.000         0.000         0.000         0.000         0.995
 INT_EDI        0.000         0.000         0.000         0.000         0.000
 INT_SSI        0.000         0.000         0.000         0.000         0.000
 INT_ABI        0.000         0.000         0.000         0.000         0.000
 EXT_UTI        0.000         0.000         0.000         0.000         0.000
 EXT_LOD        0.000         0.000         0.000         0.000         0.000
 EXT_SOI        0.000         0.000         0.000         0.000         0.000
 ACA_ABI        0.000         0.000         0.000         0.000         0.000
 HISEI          0.000         0.000         0.000         0.000         0.000


           Model Estimated Covariances
              INT_EDI       INT_SSI       INT_ABI       EXT_UTI       EXT_LOD
              ________      ________      ________      ________      ________
 INT_EDI        0.974
 INT_SSI        0.000         0.998
 INT_ABI        0.000         0.000         0.986
 EXT_UTI        0.000         0.000         0.000         0.940
 EXT_LOD        0.000         0.000         0.000         0.000         0.174
 EXT_SOI        0.000         0.000         0.000         0.000         0.000
 ACA_ABI        0.000         0.000         0.000         0.000         0.000
 HISEI          0.000         0.000         0.000         0.000         0.000


           Model Estimated Covariances
              EXT_SOI       ACA_ABI       HISEI
              ________      ________      ________
 EXT_SOI        0.842
 ACA_ABI        0.000         0.931
 HISEI          0.000         0.000         0.272


           Residuals for Covariances
              BIG_OPE       BIG_CON       BIG_EXT       BIG_AGR       BIG_NEU
              ________      ________      ________      ________      ________
 BIG_OPE        0.058
 BIG_CON        0.042         0.135
 BIG_EXT        0.088         0.058         0.015
 BIG_AGR        0.153         0.157        -0.014         0.161
 BIG_NEU        0.026         0.119        -0.238         0.063         0.032
 INT_EDI        0.098         0.021         0.152         0.187        -0.082
 INT_SSI        0.050         0.028         0.043        -0.002        -0.098
 INT_ABI        0.175         0.020         0.071         0.050        -0.140
 EXT_UTI        0.083         0.013         0.022        -0.026        -0.004
 EXT_LOD       -0.063         0.070        -0.094         0.060         0.066
 EXT_SOI        0.106         0.092        -0.033         0.048         0.084
 ACA_ABI       -0.016         0.164        -0.088        -0.051         0.050
 HISEI         -0.020        -0.071        -0.011        -0.040        -0.024


           Residuals for Covariances
              INT_EDI       INT_SSI       INT_ABI       EXT_UTI       EXT_LOD
              ________      ________      ________      ________      ________
 INT_EDI       -0.100
 INT_SSI        0.123        -0.273
 INT_ABI        0.212         0.271        -0.012
 EXT_UTI        0.094         0.065         0.125        -0.334
 EXT_LOD       -0.002         0.009        -0.011         0.042         0.097
 EXT_SOI        0.035         0.046         0.181         0.190         0.030
 ACA_ABI       -0.189         0.057        -0.010         0.057         0.217
 HISEI         -0.050        -0.018        -0.003        -0.021         0.041


           Residuals for Covariances
              EXT_SOI       ACA_ABI       HISEI
              ________      ________      ________
 EXT_SOI        0.130
 ACA_ABI        0.142         0.008
 HISEI         -0.045        -0.056         0.017


     ESTIMATED MODEL AND RESIDUALS (OBSERVED - ESTIMATED) FOR CLASS 5


           Model Estimated Means
              BIG_OPE       BIG_CON       BIG_EXT       BIG_AGR       BIG_NEU
              ________      ________      ________      ________      ________
               -0.086        -0.211         0.008        -0.048        -0.078


           Model Estimated Means
              INT_EDI       INT_SSI       INT_ABI       EXT_UTI       EXT_LOD
              ________      ________      ________      ________      ________
               -0.161        -0.040        -0.057         0.297         0.802


           Model Estimated Means
              EXT_SOI       ACA_ABI       HISEI
              ________      ________      ________
                0.570        -0.072         0.827


           Residuals for Means
              BIG_OPE       BIG_CON       BIG_EXT       BIG_AGR       BIG_NEU
              ________      ________      ________      ________      ________
                0.000         0.000         0.000         0.000         0.000


           Residuals for Means
              INT_EDI       INT_SSI       INT_ABI       EXT_UTI       EXT_LOD
              ________      ________      ________      ________      ________
                0.000         0.000         0.000         0.000         0.000


           Residuals for Means
              EXT_SOI       ACA_ABI       HISEI
              ________      ________      ________
                0.000         0.000         0.000


           Model Estimated Covariances
              BIG_OPE       BIG_CON       BIG_EXT       BIG_AGR       BIG_NEU
              ________      ________      ________      ________      ________
 BIG_OPE        0.979
 BIG_CON        0.000         0.946
 BIG_EXT        0.000         0.000         0.989
 BIG_AGR        0.000         0.000         0.000         0.992
 BIG_NEU        0.000         0.000         0.000         0.000         0.995
 INT_EDI        0.000         0.000         0.000         0.000         0.000
 INT_SSI        0.000         0.000         0.000         0.000         0.000
 INT_ABI        0.000         0.000         0.000         0.000         0.000
 EXT_UTI        0.000         0.000         0.000         0.000         0.000
 EXT_LOD        0.000         0.000         0.000         0.000         0.000
 EXT_SOI        0.000         0.000         0.000         0.000         0.000
 ACA_ABI        0.000         0.000         0.000         0.000         0.000
 HISEI          0.000         0.000         0.000         0.000         0.000


           Model Estimated Covariances
              INT_EDI       INT_SSI       INT_ABI       EXT_UTI       EXT_LOD
              ________      ________      ________      ________      ________
 INT_EDI        0.974
 INT_SSI        0.000         0.998
 INT_ABI        0.000         0.000         0.986
 EXT_UTI        0.000         0.000         0.000         0.940
 EXT_LOD        0.000         0.000         0.000         0.000         0.174
 EXT_SOI        0.000         0.000         0.000         0.000         0.000
 ACA_ABI        0.000         0.000         0.000         0.000         0.000
 HISEI          0.000         0.000         0.000         0.000         0.000


           Model Estimated Covariances
              EXT_SOI       ACA_ABI       HISEI
              ________      ________      ________
 EXT_SOI        0.842
 ACA_ABI        0.000         0.931
 HISEI          0.000         0.000         0.272


           Residuals for Covariances
              BIG_OPE       BIG_CON       BIG_EXT       BIG_AGR       BIG_NEU
              ________      ________      ________      ________      ________
 BIG_OPE       -0.020
 BIG_CON        0.012         0.019
 BIG_EXT        0.065         0.052        -0.037
 BIG_AGR        0.096         0.054        -0.007         0.000
 BIG_NEU        0.008         0.096        -0.216         0.014        -0.056
 INT_EDI        0.047         0.012         0.119         0.155        -0.089
 INT_SSI        0.127         0.030         0.034         0.025        -0.017
 INT_ABI        0.098         0.040         0.095        -0.012        -0.119
 EXT_UTI       -0.030         0.030         0.051         0.011        -0.016
 EXT_LOD        0.028         0.008        -0.048         0.062        -0.005
 EXT_SOI        0.037         0.003         0.010         0.077         0.027
 ACA_ABI        0.012         0.150        -0.069        -0.040         0.077
 HISEI          0.026        -0.024         0.049         0.049        -0.015


           Residuals for Covariances
              INT_EDI       INT_SSI       INT_ABI       EXT_UTI       EXT_LOD
              ________      ________      ________      ________      ________
 INT_EDI       -0.019
 INT_SSI        0.133        -0.219
 INT_ABI        0.380         0.216         0.016
 EXT_UTI        0.097         0.051         0.140        -0.230
 EXT_LOD        0.002        -0.004        -0.008         0.013         0.042
 EXT_SOI        0.062         0.031         0.116         0.175         0.025
 ACA_ABI       -0.110         0.082         0.065         0.081         0.102
 HISEI          0.015         0.022        -0.037        -0.017         0.036


           Residuals for Covariances
              EXT_SOI       ACA_ABI       HISEI
              ________      ________      ________
 EXT_SOI        0.020
 ACA_ABI        0.193         0.025
 HISEI          0.000        -0.013        -0.053


TECHNICAL 11 OUTPUT

     Random Starts Specifications for the k-1 Class Analysis Model
        Number of initial stage random starts                 400
        Number of final stage optimizations                   100



     VUONG-LO-MENDELL-RUBIN LIKELIHOOD RATIO TEST FOR 4 (H0) VERSUS 5 CLASSES

          H0 Loglikelihood Value                       -72528.079
          2 Times the Loglikelihood Difference            516.760
          Difference in the Number of Parameters               16
          Mean                                           -250.157
          Standard Deviation                              471.227
          P-Value                                          0.0518

     LO-MENDELL-RUBIN ADJUSTED LRT TEST

          Value                                           513.058
          P-Value                                          0.0527


TECHNICAL 14 OUTPUT

     Random Starts Specifications for the k-1 Class Analysis Model
        Number of initial stage random starts                 400
        Number of final stage optimizations                   100

     Random Starts Specification for the k-1 Class Model for Generated Data
        Number of initial stage random starts                   0
        Number of final stage optimizations for the
           initial stage random starts                          0
     Random Starts Specification for the k Class Model for Generated Data
        Number of initial stage random starts                  40
        Number of final stage optimizations                     8
     Number of bootstrap draws requested                   Varies


     PARAMETRIC BOOTSTRAPPED LIKELIHOOD RATIO TEST FOR 4 (H0) VERSUS 5 CLASSES

          H0 Loglikelihood Value                       -72528.079
          2 Times the Loglikelihood Difference            516.760
          Difference in the Number of Parameters               16
          Approximate P-Value                              0.0000
          Successful Bootstrap Draws                            5

     WARNING:  OF THE 5 BOOTSTRAP DRAWS, 3 DRAWS HAD BOTH A SMALLER LRT VALUE THAN THE
     OBSERVED LRT VALUE AND NOT A REPLICATED BEST LOGLIKELIHOOD VALUE FOR THE 5-CLASS MODEL.
     THIS MEANS THAT THE P-VALUE MAY NOT BE TRUSTWORTHY DUE TO LOCAL MAXIMA.
     INCREASE THE NUMBER OF RANDOM STARTS USING THE LRTSTARTS OPTION.



SAVEDATA INFORMATION


  Save file
    lca_bch_5class.dat

  Order and format of variables

    PAR_EDU        F10.3
    BIG_OPE        F10.3
    BIG_CON        F10.3
    BIG_EXT        F10.3
    BIG_AGR        F10.3
    BIG_NEU        F10.3
    INT_EDI        F10.3
    INT_SSI        F10.3
    INT_ABI        F10.3
    EXT_UTI        F10.3
    EXT_LOD        F10.3
    EXT_SOI        F10.3
    ACA_ABI        F10.3
    HISEI          F10.3
    STR_ACA_       F10.3
    NOR_ACA_       F10.3
    PEE_SOC_       F10.3
    FAC_SOC_       F10.3
    DRO_INT        F10.3
    DRO_OUT        F10.3
    BCHW1          F10.3
    BCHW2          F10.3
    BCHW3          F10.3
    BCHW4          F10.3
    BCHW5          F10.3
    ID_T           I8

  Save file format
    25F10.3 I8

  Save file record length    10000

  Save missing symbol        9999


DIAGRAM INFORMATION

  Mplus diagrams are currently not available for Mixture analysis.
  No diagram output was produced.


     Beginning Time:  14:35:02
        Ending Time:  14:39:37
       Elapsed Time:  00:04:35



MUTHEN & MUTHEN
3463 Stoner Ave.
Los Angeles, CA  90066

Tel: (310) 391-9971
Fax: (310) 391-8971
Web: www.StatModel.com
Support: Support@StatModel.com

Copyright (c) 1998-2023 Muthen & Muthen
