Mplus VERSION 8.10
MUTHEN & MUTHEN
07/29/2025   8:47 AM

INPUT INSTRUCTIONS

  Title: regression_mi_model1

  data:
    file is "S:\Temp\MPlus\Imp_Data_3class\Imp_Data_3class__IMP_LIST.txt";
    type = imputation;

  variable:
    names = par_edu
            big_ope big_con big_ext big_agr big_neu
            int_edi int_ssi int_abi ext_uti ext_lod ext_soi
            aca_abi
            hisei
            str_aca_int nor_aca_int pee_soc_int fac_soc_int
            dro_int dro_out
            bchw1 bchw2 bchw3
            ID_t ;

    usevariables = dro_out
                   bchw1 bchw2 bchw3;

    missing = .;
    idvariable = ID_t;

    classes = c (3);
    training = bchw1-bchw3 (bch);

  define:
    standardize dro_out;

  analysis:
    type = mixture;
    estimator = mlr;

  model:

    %c#1%
    [dro_out];

    %c#2%
    [dro_out];

    %c#3%
    [dro_out];

  output:
    residual;
    sampstat;
    stdyx;
    cinterval;



*** WARNING in MODEL command
  All variables are uncorrelated with all other variables within class.
  Check that this is what is intended.
   1 WARNING(S) FOUND IN THE INPUT INSTRUCTIONS



regression_mi_model1

SUMMARY OF ANALYSIS

Number of groups                                                 1
Average number of observations                                5772

Number of replications
    Requested                                                   20
    Completed                                                   20

Number of dependent variables                                    1
Number of independent variables                                  0
Number of continuous latent variables                            0
Number of categorical latent variables                           1

Observed dependent variables

  Continuous
   DRO_OUT

Categorical latent variables
   C

Variables with special functions

  ID variable           ID_T

  Training variables (BCH)
   BCHW1       BCHW2       BCHW3


Estimator                                                      MLR
Information matrix                                        OBSERVED
Optimization Specifications for the Quasi-Newton Algorithm for
Continuous Outcomes
  Maximum number of iterations                                 100
  Convergence criterion                                  0.100D-05
Optimization Specifications for the EM Algorithm
  Maximum number of iterations                                 500
  Convergence criteria
    Loglikelihood change                                 0.100D-06
    Relative loglikelihood change                        0.100D-06
    Derivative                                           0.100D-05
Optimization Specifications for the M step of the EM Algorithm for
Categorical Latent variables
  Number of M step iterations                                    1
  M step convergence criterion                           0.100D-05
  Basis for M step termination                           ITERATION
Optimization Specifications for the M step of the EM Algorithm for
Censored, Binary or Ordered Categorical (Ordinal), Unordered
Categorical (Nominal) and Count Outcomes
  Number of M step iterations                                    1
  M step convergence criterion                           0.100D-05
  Basis for M step termination                           ITERATION
  Maximum value for logit thresholds                            15
  Minimum value for logit thresholds                           -15
  Minimum expected cell size for chi-square              0.100D-01
Maximum number of iterations for H1                           2000
Convergence criterion for H1                             0.100D-03
Optimization algorithm                                         EMA
Random Starts Specifications
  Number of initial stage random starts                         20
  Number of final stage optimizations                            4
  Number of initial stage iterations                            10
  Initial stage convergence criterion                    0.100D+01
  Random starts scale                                    0.500D+01
  Random seed for generating random starts                       0

Input data file(s)
  Multiple data files from
    S:\Temp\MPlus\Imp_Data_3class\Imp_Data_3class__IMP_LIST.txt
Input data format  FREE


SUMMARY OF DATA FOR THE FIRST DATA SET

     Number of missing data patterns             1
     Number of y missing data patterns           1
     Number of u missing data patterns           0


SUMMARY OF MISSING DATA PATTERNS FOR THE FIRST DATA SET


     MISSING DATA PATTERNS FOR Y (x = not missing)

           1
 DRO_OUT   x


     MISSING DATA PATTERN FREQUENCIES FOR Y

    Pattern   Frequency
          1        5772


COVARIANCE COVERAGE OF DATA FOR THE FIRST DATA SET

Minimum covariance coverage value   0.100


     PROPORTION OF DATA PRESENT FOR Y


           Covariance Coverage
              DRO_OUT
              ________
 DRO_OUT        1.000


SAMPLE STATISTICS

NOTE:  These are average results over 20 data sets.


     ESTIMATED SAMPLE STATISTICS


           Means
              DRO_OUT
              ________
                0.000


           Covariances
              DRO_OUT
              ________
 DRO_OUT        1.000


           Correlations
              DRO_OUT
              ________
 DRO_OUT        1.000



RANDOM STARTS RESULTS FOR FIRST IMPUTATION DATA SET

RANDOM STARTS RESULTS RANKED FROM THE BEST TO THE WORST LOGLIKELIHOOD VALUES

Final stage loglikelihood values at local maxima, seeds, and initial stage start numbers:

          -14085.059  76974            16
          -14085.059  415931           10
          -14085.059  253358           2
          -14085.059  unperturbed      0

THE BEST LOGLIKELIHOOD VALUE HAS BEEN REPLICATED.  RERUN WITH AT LEAST TWICE THE
RANDOM STARTS TO CHECK THAT THE BEST LOGLIKELIHOOD IS STILL OBTAINED AND REPLICATED.



MODEL FIT INFORMATION

Number of Free Parameters                        6

Loglikelihood

    H0 Value

        Mean                            -14084.247
        Std Dev                             13.190
        Number of successful computations       20

             Proportions                   Percentiles
        Expected    Observed         Expected       Observed
           0.990       1.000       -14114.932     -14108.011
           0.980       1.000       -14111.336     -14108.011
           0.950       0.950       -14105.944     -14108.011
           0.900       0.900       -14101.152     -14108.011
           0.800       0.800       -14095.348     -14099.109
           0.700       0.700       -14091.164     -14093.377
           0.500       0.450       -14084.247     -14085.268
           0.300       0.350       -14077.330     -14074.173
           0.200       0.300       -14073.147     -14072.633
           0.100       0.050       -14067.343     -14071.495
           0.050       0.050       -14062.551     -14069.309
           0.020       0.050       -14057.159     -14069.309
           0.010       0.000       -14053.563     -14069.309

Information Criteria

    Akaike (AIC)

        Mean                             28180.495
        Std Dev                             26.380
        Number of successful computations       20

             Proportions                   Percentiles
        Expected    Observed         Expected       Observed
           0.990       1.000        28119.126      28119.268
           0.980       0.950        28126.318      28119.268
           0.950       0.950        28137.102      28119.268
           0.900       0.950        28146.686      28119.268
           0.800       0.700        28158.293      28154.991
           0.700       0.650        28166.661      28157.395
           0.500       0.550        28180.495      28182.118
           0.300       0.300        28194.329      28191.569
           0.200       0.200        28202.696      28202.048
           0.100       0.100        28214.304      28210.218
           0.050       0.050        28223.888      28220.144
           0.020       0.000        28234.672      28220.144
           0.010       0.000        28241.863      28220.144

    Bayesian (BIC)

        Mean                             28220.459
        Std Dev                             26.380
        Number of successful computations       20

             Proportions                   Percentiles
        Expected    Observed         Expected       Observed
           0.990       1.000        28159.091      28159.233
           0.980       0.950        28166.282      28159.233
           0.950       0.950        28177.067      28159.233
           0.900       0.950        28186.650      28159.233
           0.800       0.700        28198.258      28194.956
           0.700       0.650        28206.626      28197.360
           0.500       0.550        28220.459      28222.082
           0.300       0.300        28234.293      28231.534
           0.200       0.200        28242.661      28242.012
           0.100       0.100        28254.268      28250.183
           0.050       0.050        28263.852      28260.109
           0.020       0.000        28274.637      28260.109
           0.010       0.000        28281.828      28260.109

    Sample-Size Adjusted BIC (n* = (n + 2) / 24)

        Mean                             28201.393
        Std Dev                             26.380
        Number of successful computations       20

             Proportions                   Percentiles
        Expected    Observed         Expected       Observed
           0.990       1.000        28140.025      28140.167
           0.980       0.950        28147.216      28140.167
           0.950       0.950        28158.000      28140.167
           0.900       0.950        28167.584      28140.167
           0.800       0.700        28179.192      28175.889
           0.700       0.650        28187.559      28178.293
           0.500       0.550        28201.393      28203.016
           0.300       0.300        28215.227      28212.468
           0.200       0.200        28223.595      28222.946
           0.100       0.100        28235.202      28231.117
           0.050       0.050        28244.786      28241.043
           0.020       0.000        28255.570      28241.043
           0.010       0.000        28262.762      28241.043



FINAL CLASS COUNTS AND PROPORTIONS FOR THE LATENT CLASSES
BASED ON THE ESTIMATED MODEL

    Latent
   Classes

       1        994.53367          0.17230
       2       2548.89153          0.44160
       3       2228.57481          0.38610


FINAL CLASS COUNTS AND PROPORTIONS FOR THE LATENT CLASSES
BASED ON ESTIMATED POSTERIOR PROBABILITIES

    Latent
   Classes

       1        994.53367          0.17230
       2       2548.89153          0.44160
       3       2228.57481          0.38610


FINAL CLASS COUNTS AND PROPORTIONS FOR THE LATENT CLASSES
BASED ON THEIR MOST LIKELY LATENT CLASS MEMBERSHIP

Class Counts and Proportions

    Latent
   Classes

       1              774          0.13410
       2             2801          0.48527
       3             2197          0.38063


Average Latent Class Probabilities for Most Likely Latent Class Membership (Row)
by Latent Class (Column)

           1        2        3

    1   1.764    -.416    -.348
    2   -.068    1.149    -.081
    3   -.082    -.158    1.240


Classification Probabilities for the Most Likely Latent Class Membership (Column)
by Latent Class (Row)

           1        2        3

    1   1.373    -.192    -.181
    2   -.126    1.263    -.136
    3   -.121    -.102    1.223


Logits for the Classification Probabilities for the Most Likely Latent Class Membership (Column)
by Latent Class (Row)

              1        2        3

    1     14.132    0.000    0.000
    2      0.000   14.049    0.000
    3    -14.017  -14.017    0.000


MODEL RESULTS

                                                    Two-Tailed   Rate of
                    Estimate       S.E.  Est./S.E.    P-Value    Missing

Latent Class 1

 Means
    DRO_OUT            0.260      0.074      3.523      0.000      0.361

 Variances
    DRO_OUT            0.981      0.033     29.527      0.000      0.020

Latent Class 2

 Means
    DRO_OUT            0.012      0.029      0.401      0.688      0.250

 Variances
    DRO_OUT            0.981      0.033     29.527      0.000      0.020

Latent Class 3

 Means
    DRO_OUT           -0.129      0.027     -4.722      0.000      0.256

 Variances
    DRO_OUT            0.981      0.033     29.527      0.000      0.020

Categorical Latent Variables

 Means
    C#1               -0.807      0.062    -13.119      0.000      0.000
    C#2                0.134      0.039      3.461      0.001      0.000


QUALITY OF NUMERICAL RESULTS

     Average Condition Number for the Information Matrix      0.172E-13
       (ratio of smallest to largest eigenvalue)


STANDARDIZED MODEL RESULTS


STDYX Standardization

                                                    Two-Tailed   Rate of
                    Estimate       S.E.  Est./S.E.    P-Value    Missing

Latent Class 1

 Means
    DRO_OUT            0.262      0.074      3.531      0.000      0.373

 Variances
    DRO_OUT            1.000      0.000  *********      0.000      0.000

Latent Class 2

 Means
    DRO_OUT            0.012      0.029      0.402      0.688      0.252

 Variances
    DRO_OUT            1.000      0.000  *********      0.000      0.000

Latent Class 3

 Means
    DRO_OUT           -0.130      0.029     -4.541      0.000      0.245

 Variances
    DRO_OUT            1.000      0.000  *********      0.000      0.000


R-SQUARE

Class 1

Class 2

Class 3


CONFIDENCE INTERVALS OF MODEL RESULTS

                  Lower .5%  Lower 2.5%    Lower 5%    Estimate    Upper 5%  Upper 2.5%   Upper .5%

Latent Class 1

 Means
    DRO_OUT          0.070       0.115       0.138       0.260       0.381       0.404       0.449

 Variances
    DRO_OUT          0.896       0.916       0.927       0.981       1.036       1.047       1.067

Latent Class 2

 Means
    DRO_OUT         -0.063      -0.045      -0.036       0.012       0.059       0.068       0.086

 Variances
    DRO_OUT          0.896       0.916       0.927       0.981       1.036       1.047       1.067

Latent Class 3

 Means
    DRO_OUT         -0.200      -0.183      -0.174      -0.129      -0.084      -0.076      -0.059

 Variances
    DRO_OUT          0.896       0.916       0.927       0.981       1.036       1.047       1.067

Categorical Latent Variables

 Means
    C#1             -0.965      -0.927      -0.908      -0.807      -0.706      -0.686      -0.648
    C#2              0.034       0.058       0.070       0.134       0.198       0.210       0.234


CONFIDENCE INTERVALS OF STANDARDIZED MODEL RESULTS


STDYX Standardization

                  Lower .5%  Lower 2.5%    Lower 5%    Estimate    Upper 5%  Upper 2.5%   Upper .5%

Latent Class 1

 Means
    DRO_OUT          0.071       0.117       0.140       0.262       0.384       0.408       0.453

 Variances
    DRO_OUT          1.000       1.000       1.000       1.000       1.000       1.000       1.000

Latent Class 2

 Means
    DRO_OUT         -0.063      -0.045      -0.036       0.012       0.060       0.069       0.087

 Variances
    DRO_OUT          1.000       1.000       1.000       1.000       1.000       1.000       1.000

Latent Class 3

 Means
    DRO_OUT         -0.204      -0.187      -0.178      -0.130      -0.083      -0.074      -0.056

 Variances
    DRO_OUT          1.000       1.000       1.000       1.000       1.000       1.000       1.000


RESIDUAL OUTPUT

NOTE:  These are average results over 20 data sets.


     ESTIMATED MODEL AND RESIDUALS (OBSERVED - ESTIMATED) FOR LATENT CLASS 1


           Model Estimated Means
              DRO_OUT
              ________
                0.260


           Residuals for Means
              DRO_OUT
              ________
                0.000


           Model Estimated Covariances
              DRO_OUT
              ________
 DRO_OUT        0.981


           Residuals for Covariances
              DRO_OUT
              ________
 DRO_OUT        0.610


     ESTIMATED MODEL AND RESIDUALS (OBSERVED - ESTIMATED) FOR LATENT CLASS 2


           Model Estimated Means
              DRO_OUT
              ________
                0.012


           Residuals for Means
              DRO_OUT
              ________
                0.000


           Model Estimated Covariances
              DRO_OUT
              ________
 DRO_OUT        0.981


           Residuals for Covariances
              DRO_OUT
              ________
 DRO_OUT        0.048


     ESTIMATED MODEL AND RESIDUALS (OBSERVED - ESTIMATED) FOR LATENT CLASS 3


           Model Estimated Means
              DRO_OUT
              ________
               -0.129


           Residuals for Means
              DRO_OUT
              ________
                0.000


           Model Estimated Covariances
              DRO_OUT
              ________
 DRO_OUT        0.981


           Residuals for Covariances
              DRO_OUT
              ________
 DRO_OUT       -0.327


TECHNICAL 1 OUTPUT


     PARAMETER SPECIFICATION FOR LATENT CLASS 1


           NU
              DRO_OUT
              ________
                    1


           THETA
              DRO_OUT
              ________
 DRO_OUT            2


     PARAMETER SPECIFICATION FOR LATENT CLASS 2


           NU
              DRO_OUT
              ________
                    3


           THETA
              DRO_OUT
              ________
 DRO_OUT            2


     PARAMETER SPECIFICATION FOR LATENT CLASS 3


           NU
              DRO_OUT
              ________
                    4


           THETA
              DRO_OUT
              ________
 DRO_OUT            2


     PARAMETER SPECIFICATION FOR LATENT CLASS REGRESSION MODEL PART


           ALPHA(C)
              C#1           C#2           C#3
              ________      ________      ________
                    5             6             0


     STARTING VALUES FOR LATENT CLASS 1


           NU
              DRO_OUT
              ________
               -1.000


           THETA
              DRO_OUT
              ________
 DRO_OUT        0.500


     STARTING VALUES FOR LATENT CLASS 2


           NU
              DRO_OUT
              ________
                0.000


           THETA
              DRO_OUT
              ________
 DRO_OUT        0.500


     STARTING VALUES FOR LATENT CLASS 3


           NU
              DRO_OUT
              ________
                1.000


           THETA
              DRO_OUT
              ________
 DRO_OUT        0.500


     STARTING VALUES FOR LATENT CLASS REGRESSION MODEL PART


           ALPHA(C)
              C#1           C#2           C#3
              ________      ________      ________
                0.000         0.000         0.000


DIAGRAM INFORMATION

  Mplus diagrams are currently not available for Mixture analysis.
  No diagram output was produced.


     Beginning Time:  08:47:55
        Ending Time:  08:47:59
       Elapsed Time:  00:00:04



MUTHEN & MUTHEN
3463 Stoner Ave.
Los Angeles, CA  90066

Tel: (310) 391-9971
Fax: (310) 391-8971
Web: www.StatModel.com
Support: Support@StatModel.com

Copyright (c) 1998-2023 Muthen & Muthen
